running egg_info
writing ../../build/robot_system/robot_system.egg-info/PKG-INFO
writing dependency_links to ../../build/robot_system/robot_system.egg-info/dependency_links.txt
writing entry points to ../../build/robot_system/robot_system.egg-info/entry_points.txt
writing requirements to ../../build/robot_system/robot_system.egg-info/requires.txt
writing top-level names to ../../build/robot_system/robot_system.egg-info/top_level.txt
reading manifest file '../../build/robot_system/robot_system.egg-info/SOURCES.txt'
writing manifest file '../../build/robot_system/robot_system.egg-info/SOURCES.txt'
running build
running build_py
copying robot_system/vision_publisher.py -> /home/drymer/ros2_ws/build/robot_system/build/lib/robot_system
running install
running install_lib
copying /home/drymer/ros2_ws/build/robot_system/build/lib/robot_system/vision_publisher.py -> /home/drymer/ros2_ws/install/robot_system/lib/python3.10/site-packages/robot_system
byte-compiling /home/drymer/ros2_ws/install/robot_system/lib/python3.10/site-packages/robot_system/vision_publisher.py to vision_publisher.cpython-310.pyc
running install_data
running install_egg_info
removing '/home/drymer/ros2_ws/install/robot_system/lib/python3.10/site-packages/robot_system-0.0.0-py3.10.egg-info' (and everything under it)
Copying ../../build/robot_system/robot_system.egg-info to /home/drymer/ros2_ws/install/robot_system/lib/python3.10/site-packages/robot_system-0.0.0-py3.10.egg-info
running install_scripts
Installing action script to /home/drymer/ros2_ws/install/robot_system/lib/robot_system
Installing camera script to /home/drymer/ros2_ws/install/robot_system/lib/robot_system
Installing client script to /home/drymer/ros2_ws/install/robot_system/lib/robot_system
Installing controller script to /home/drymer/ros2_ws/install/robot_system/lib/robot_system
Installing publisher script to /home/drymer/ros2_ws/install/robot_system/lib/robot_system
writing list of installed files to '/home/drymer/ros2_ws/build/robot_system/install.log'
