[35m[1mConsolidate compiler generated dependencies of target robot_interfaces__rosidl_generator_c[0m
[  1%] Built target robot_interfaces__cpp
[ 12%] Built target robot_interfaces__rosidl_generator_c
[ 12%] Built target ament_cmake_python_copy_robot_interfaces
[35m[1mConsolidate compiler generated dependencies of target robot_interfaces__rosidl_typesupport_cpp[0m
[35m[1mConsolidate compiler generated dependencies of target robot_interfaces__rosidl_typesupport_fastrtps_cpp[0m
[35m[1mConsolidate compiler generated dependencies of target robot_interfaces__rosidl_typesupport_introspection_cpp[0m
[35m[1mConsolidate compiler generated dependencies of target robot_interfaces__rosidl_typesupport_c[0m
[35m[1mConsolidate compiler generated dependencies of target robot_interfaces__rosidl_typesupport_introspection_c[0m
[35m[1mConsolidate compiler generated dependencies of target robot_interfaces__rosidl_typesupport_fastrtps_c[0m
[ 23%] Built target robot_interfaces__rosidl_typesupport_c
[ 34%] Built target robot_interfaces__rosidl_typesupport_introspection_c
[ 46%] Built target robot_interfaces__rosidl_typesupport_cpp
[ 57%] Built target robot_interfaces__rosidl_typesupport_introspection_cpp
[ 68%] Built target robot_interfaces__rosidl_typesupport_fastrtps_cpp
[ 79%] Built target robot_interfaces__rosidl_typesupport_fastrtps_c
[ 79%] Built target robot_interfaces
[ 80%] Built target robot_interfaces__py
[35m[1mConsolidate compiler generated dependencies of target robot_interfaces__rosidl_generator_py[0m
[ 90%] Built target robot_interfaces__rosidl_generator_py
[35m[1mConsolidate compiler generated dependencies of target robot_interfaces__rosidl_typesupport_fastrtps_c__pyext[0m
[35m[1mConsolidate compiler generated dependencies of target robot_interfaces__rosidl_typesupport_c__pyext[0m
[35m[1mConsolidate compiler generated dependencies of target robot_interfaces__rosidl_typesupport_introspection_c__pyext[0m
[ 93%] Built target robot_interfaces__rosidl_typesupport_c__pyext
[ 96%] Built target robot_interfaces__rosidl_typesupport_fastrtps_c__pyext
[100%] Built target robot_interfaces__rosidl_typesupport_introspection_c__pyext
running egg_info
writing robot_interfaces.egg-info/PKG-INFO
writing dependency_links to robot_interfaces.egg-info/dependency_links.txt
writing top-level names to robot_interfaces.egg-info/top_level.txt
reading manifest file 'robot_interfaces.egg-info/SOURCES.txt'
writing manifest file 'robot_interfaces.egg-info/SOURCES.txt'
[100%] Built target ament_cmake_python_build_robot_interfaces_egg
-- Install configuration: ""
-- Up-to-date: /home/drymer/ros2_ws/install/robot_interfaces/share/ament_index/resource_index/rosidl_interfaces/robot_interfaces
-- Up-to-date: /home/drymer/ros2_ws/install/robot_interfaces/include/robot_interfaces/robot_interfaces
-- Up-to-date: /home/drymer/ros2_ws/install/robot_interfaces/include/robot_interfaces/robot_interfaces/action
-- Up-to-date: /home/drymer/ros2_ws/install/robot_interfaces/include/robot_interfaces/robot_interfaces/action/detail
-- Up-to-date: /home/drymer/ros2_ws/install/robot_interfaces/include/robot_interfaces/robot_interfaces/action/detail/motor_control__functions.c
-- Up-to-date: /home/drymer/ros2_ws/install/robot_interfaces/include/robot_interfaces/robot_interfaces/action/detail/motor_control__functions.h
-- Up-to-date: /home/drymer/ros2_ws/install/robot_interfaces/include/robot_interfaces/robot_interfaces/action/detail/motor_control__type_support.h
-- Up-to-date: /home/drymer/ros2_ws/install/robot_interfaces/include/robot_interfaces/robot_interfaces/action/detail/motor_control__struct.h
-- Up-to-date: /home/drymer/ros2_ws/install/robot_interfaces/include/robot_interfaces/robot_interfaces/action/motor_control.h
-- Up-to-date: /home/drymer/ros2_ws/install/robot_interfaces/include/robot_interfaces/robot_interfaces/msg
-- Up-to-date: /home/drymer/ros2_ws/install/robot_interfaces/include/robot_interfaces/robot_interfaces/msg/controller_command.h
-- Up-to-date: /home/drymer/ros2_ws/install/robot_interfaces/include/robot_interfaces/robot_interfaces/msg/motor_feedback.h
-- Up-to-date: /home/drymer/ros2_ws/install/robot_interfaces/include/robot_interfaces/robot_interfaces/msg/detail
-- Up-to-date: /home/drymer/ros2_ws/install/robot_interfaces/include/robot_interfaces/robot_interfaces/msg/detail/controller_command__struct.h
-- Up-to-date: /home/drymer/ros2_ws/install/robot_interfaces/include/robot_interfaces/robot_interfaces/msg/detail/vision_data__functions.c
-- Up-to-date: /home/drymer/ros2_ws/install/robot_interfaces/include/robot_interfaces/robot_interfaces/msg/detail/motor_feedback__functions.c
-- Up-to-date: /home/drymer/ros2_ws/install/robot_interfaces/include/robot_interfaces/robot_interfaces/msg/detail/vision_data__functions.h
-- Up-to-date: /home/drymer/ros2_ws/install/robot_interfaces/include/robot_interfaces/robot_interfaces/msg/detail/vision_data__struct.h
-- Up-to-date: /home/drymer/ros2_ws/install/robot_interfaces/include/robot_interfaces/robot_interfaces/msg/detail/vision_data__type_support.h
-- Up-to-date: /home/drymer/ros2_ws/install/robot_interfaces/include/robot_interfaces/robot_interfaces/msg/detail/controller_command__functions.c
-- Up-to-date: /home/drymer/ros2_ws/install/robot_interfaces/include/robot_interfaces/robot_interfaces/msg/detail/controller_command__functions.h
-- Up-to-date: /home/drymer/ros2_ws/install/robot_interfaces/include/robot_interfaces/robot_interfaces/msg/detail/stereo_images__functions.h
-- Up-to-date: /home/drymer/ros2_ws/install/robot_interfaces/include/robot_interfaces/robot_interfaces/msg/detail/controller_command__type_support.h
-- Up-to-date: /home/drymer/ros2_ws/install/robot_interfaces/include/robot_interfaces/robot_interfaces/msg/detail/motor_feedback__struct.h
-- Up-to-date: /home/drymer/ros2_ws/install/robot_interfaces/include/robot_interfaces/robot_interfaces/msg/detail/motor_feedback__type_support.h
-- Up-to-date: /home/drymer/ros2_ws/install/robot_interfaces/include/robot_interfaces/robot_interfaces/msg/detail/stereo_images__struct.h
-- Up-to-date: /home/drymer/ros2_ws/install/robot_interfaces/include/robot_interfaces/robot_interfaces/msg/detail/stereo_images__type_support.h
-- Up-to-date: /home/drymer/ros2_ws/install/robot_interfaces/include/robot_interfaces/robot_interfaces/msg/detail/stereo_images__functions.c
-- Up-to-date: /home/drymer/ros2_ws/install/robot_interfaces/include/robot_interfaces/robot_interfaces/msg/detail/motor_feedback__functions.h
-- Up-to-date: /home/drymer/ros2_ws/install/robot_interfaces/include/robot_interfaces/robot_interfaces/msg/stereo_images.h
-- Up-to-date: /home/drymer/ros2_ws/install/robot_interfaces/include/robot_interfaces/robot_interfaces/msg/rosidl_generator_c__visibility_control.h
-- Up-to-date: /home/drymer/ros2_ws/install/robot_interfaces/include/robot_interfaces/robot_interfaces/msg/vision_data.h
-- Up-to-date: /home/drymer/ros2_ws/install/robot_interfaces/share/robot_interfaces/environment/library_path.sh
-- Up-to-date: /home/drymer/ros2_ws/install/robot_interfaces/share/robot_interfaces/environment/library_path.dsv
-- Up-to-date: /home/drymer/ros2_ws/install/robot_interfaces/lib/librobot_interfaces__rosidl_generator_c.so
-- Up-to-date: /home/drymer/ros2_ws/install/robot_interfaces/include/robot_interfaces/robot_interfaces
-- Up-to-date: /home/drymer/ros2_ws/install/robot_interfaces/include/robot_interfaces/robot_interfaces/action
-- Up-to-date: /home/drymer/ros2_ws/install/robot_interfaces/include/robot_interfaces/robot_interfaces/action/detail
-- Up-to-date: /home/drymer/ros2_ws/install/robot_interfaces/include/robot_interfaces/robot_interfaces/action/detail/motor_control__rosidl_typesupport_fastrtps_c.h
-- Up-to-date: /home/drymer/ros2_ws/install/robot_interfaces/include/robot_interfaces/robot_interfaces/msg
-- Up-to-date: /home/drymer/ros2_ws/install/robot_interfaces/include/robot_interfaces/robot_interfaces/msg/detail
-- Up-to-date: /home/drymer/ros2_ws/install/robot_interfaces/include/robot_interfaces/robot_interfaces/msg/detail/stereo_images__rosidl_typesupport_fastrtps_c.h
-- Up-to-date: /home/drymer/ros2_ws/install/robot_interfaces/include/robot_interfaces/robot_interfaces/msg/detail/motor_feedback__rosidl_typesupport_fastrtps_c.h
-- Up-to-date: /home/drymer/ros2_ws/install/robot_interfaces/include/robot_interfaces/robot_interfaces/msg/detail/vision_data__rosidl_typesupport_fastrtps_c.h
-- Up-to-date: /home/drymer/ros2_ws/install/robot_interfaces/include/robot_interfaces/robot_interfaces/msg/detail/controller_command__rosidl_typesupport_fastrtps_c.h
-- Up-to-date: /home/drymer/ros2_ws/install/robot_interfaces/include/robot_interfaces/robot_interfaces/msg/rosidl_typesupport_fastrtps_c__visibility_control.h
-- Up-to-date: /home/drymer/ros2_ws/install/robot_interfaces/lib/librobot_interfaces__rosidl_typesupport_fastrtps_c.so
-- Up-to-date: /home/drymer/ros2_ws/install/robot_interfaces/include/robot_interfaces/robot_interfaces
-- Up-to-date: /home/drymer/ros2_ws/install/robot_interfaces/include/robot_interfaces/robot_interfaces/action
-- Up-to-date: /home/drymer/ros2_ws/install/robot_interfaces/include/robot_interfaces/robot_interfaces/action/motor_control.hpp
-- Up-to-date: /home/drymer/ros2_ws/install/robot_interfaces/include/robot_interfaces/robot_interfaces/action/detail
-- Up-to-date: /home/drymer/ros2_ws/install/robot_interfaces/include/robot_interfaces/robot_interfaces/action/detail/motor_control__struct.hpp
-- Up-to-date: /home/drymer/ros2_ws/install/robot_interfaces/include/robot_interfaces/robot_interfaces/action/detail/motor_control__traits.hpp
-- Up-to-date: /home/drymer/ros2_ws/install/robot_interfaces/include/robot_interfaces/robot_interfaces/action/detail/motor_control__builder.hpp
-- Up-to-date: /home/drymer/ros2_ws/install/robot_interfaces/include/robot_interfaces/robot_interfaces/msg
-- Up-to-date: /home/drymer/ros2_ws/install/robot_interfaces/include/robot_interfaces/robot_interfaces/msg/detail
-- Up-to-date: /home/drymer/ros2_ws/install/robot_interfaces/include/robot_interfaces/robot_interfaces/msg/detail/stereo_images__struct.hpp
-- Up-to-date: /home/drymer/ros2_ws/install/robot_interfaces/include/robot_interfaces/robot_interfaces/msg/detail/controller_command__traits.hpp
-- Up-to-date: /home/drymer/ros2_ws/install/robot_interfaces/include/robot_interfaces/robot_interfaces/msg/detail/stereo_images__traits.hpp
-- Up-to-date: /home/drymer/ros2_ws/install/robot_interfaces/include/robot_interfaces/robot_interfaces/msg/detail/motor_feedback__builder.hpp
-- Up-to-date: /home/drymer/ros2_ws/install/robot_interfaces/include/robot_interfaces/robot_interfaces/msg/detail/motor_feedback__struct.hpp
-- Up-to-date: /home/drymer/ros2_ws/install/robot_interfaces/include/robot_interfaces/robot_interfaces/msg/detail/vision_data__traits.hpp
-- Up-to-date: /home/drymer/ros2_ws/install/robot_interfaces/include/robot_interfaces/robot_interfaces/msg/detail/controller_command__builder.hpp
-- Up-to-date: /home/drymer/ros2_ws/install/robot_interfaces/include/robot_interfaces/robot_interfaces/msg/detail/motor_feedback__traits.hpp
-- Up-to-date: /home/drymer/ros2_ws/install/robot_interfaces/include/robot_interfaces/robot_interfaces/msg/detail/controller_command__struct.hpp
-- Up-to-date: /home/drymer/ros2_ws/install/robot_interfaces/include/robot_interfaces/robot_interfaces/msg/detail/vision_data__struct.hpp
-- Up-to-date: /home/drymer/ros2_ws/install/robot_interfaces/include/robot_interfaces/robot_interfaces/msg/detail/stereo_images__builder.hpp
-- Up-to-date: /home/drymer/ros2_ws/install/robot_interfaces/include/robot_interfaces/robot_interfaces/msg/detail/vision_data__builder.hpp
-- Up-to-date: /home/drymer/ros2_ws/install/robot_interfaces/include/robot_interfaces/robot_interfaces/msg/controller_command.hpp
-- Up-to-date: /home/drymer/ros2_ws/install/robot_interfaces/include/robot_interfaces/robot_interfaces/msg/motor_feedback.hpp
-- Up-to-date: /home/drymer/ros2_ws/install/robot_interfaces/include/robot_interfaces/robot_interfaces/msg/vision_data.hpp
-- Up-to-date: /home/drymer/ros2_ws/install/robot_interfaces/include/robot_interfaces/robot_interfaces/msg/stereo_images.hpp
-- Up-to-date: /home/drymer/ros2_ws/install/robot_interfaces/include/robot_interfaces/robot_interfaces
-- Up-to-date: /home/drymer/ros2_ws/install/robot_interfaces/include/robot_interfaces/robot_interfaces/action
-- Up-to-date: /home/drymer/ros2_ws/install/robot_interfaces/include/robot_interfaces/robot_interfaces/action/detail
-- Up-to-date: /home/drymer/ros2_ws/install/robot_interfaces/include/robot_interfaces/robot_interfaces/action/detail/dds_fastrtps
-- Up-to-date: /home/drymer/ros2_ws/install/robot_interfaces/include/robot_interfaces/robot_interfaces/action/detail/motor_control__rosidl_typesupport_fastrtps_cpp.hpp
-- Up-to-date: /home/drymer/ros2_ws/install/robot_interfaces/include/robot_interfaces/robot_interfaces/msg
-- Up-to-date: /home/drymer/ros2_ws/install/robot_interfaces/include/robot_interfaces/robot_interfaces/msg/rosidl_typesupport_fastrtps_cpp__visibility_control.h
-- Up-to-date: /home/drymer/ros2_ws/install/robot_interfaces/include/robot_interfaces/robot_interfaces/msg/detail
-- Up-to-date: /home/drymer/ros2_ws/install/robot_interfaces/include/robot_interfaces/robot_interfaces/msg/detail/controller_command__rosidl_typesupport_fastrtps_cpp.hpp
-- Up-to-date: /home/drymer/ros2_ws/install/robot_interfaces/include/robot_interfaces/robot_interfaces/msg/detail/dds_fastrtps
-- Up-to-date: /home/drymer/ros2_ws/install/robot_interfaces/include/robot_interfaces/robot_interfaces/msg/detail/stereo_images__rosidl_typesupport_fastrtps_cpp.hpp
-- Up-to-date: /home/drymer/ros2_ws/install/robot_interfaces/include/robot_interfaces/robot_interfaces/msg/detail/motor_feedback__rosidl_typesupport_fastrtps_cpp.hpp
-- Up-to-date: /home/drymer/ros2_ws/install/robot_interfaces/include/robot_interfaces/robot_interfaces/msg/detail/vision_data__rosidl_typesupport_fastrtps_cpp.hpp
-- Up-to-date: /home/drymer/ros2_ws/install/robot_interfaces/lib/librobot_interfaces__rosidl_typesupport_fastrtps_cpp.so
-- Up-to-date: /home/drymer/ros2_ws/install/robot_interfaces/include/robot_interfaces/robot_interfaces
-- Up-to-date: /home/drymer/ros2_ws/install/robot_interfaces/include/robot_interfaces/robot_interfaces/action
-- Up-to-date: /home/drymer/ros2_ws/install/robot_interfaces/include/robot_interfaces/robot_interfaces/action/detail
-- Up-to-date: /home/drymer/ros2_ws/install/robot_interfaces/include/robot_interfaces/robot_interfaces/action/detail/motor_control__rosidl_typesupport_introspection_c.h
-- Up-to-date: /home/drymer/ros2_ws/install/robot_interfaces/include/robot_interfaces/robot_interfaces/action/detail/motor_control__type_support.c
-- Up-to-date: /home/drymer/ros2_ws/install/robot_interfaces/include/robot_interfaces/robot_interfaces/msg
-- Up-to-date: /home/drymer/ros2_ws/install/robot_interfaces/include/robot_interfaces/robot_interfaces/msg/detail
-- Up-to-date: /home/drymer/ros2_ws/install/robot_interfaces/include/robot_interfaces/robot_interfaces/msg/detail/controller_command__rosidl_typesupport_introspection_c.h
-- Up-to-date: /home/drymer/ros2_ws/install/robot_interfaces/include/robot_interfaces/robot_interfaces/msg/detail/motor_feedback__rosidl_typesupport_introspection_c.h
-- Up-to-date: /home/drymer/ros2_ws/install/robot_interfaces/include/robot_interfaces/robot_interfaces/msg/detail/vision_data__type_support.c
-- Up-to-date: /home/drymer/ros2_ws/install/robot_interfaces/include/robot_interfaces/robot_interfaces/msg/detail/stereo_images__rosidl_typesupport_introspection_c.h
-- Up-to-date: /home/drymer/ros2_ws/install/robot_interfaces/include/robot_interfaces/robot_interfaces/msg/detail/vision_data__rosidl_typesupport_introspection_c.h
-- Up-to-date: /home/drymer/ros2_ws/install/robot_interfaces/include/robot_interfaces/robot_interfaces/msg/detail/motor_feedback__type_support.c
-- Up-to-date: /home/drymer/ros2_ws/install/robot_interfaces/include/robot_interfaces/robot_interfaces/msg/detail/stereo_images__type_support.c
-- Up-to-date: /home/drymer/ros2_ws/install/robot_interfaces/include/robot_interfaces/robot_interfaces/msg/detail/controller_command__type_support.c
-- Up-to-date: /home/drymer/ros2_ws/install/robot_interfaces/include/robot_interfaces/robot_interfaces/msg/rosidl_typesupport_introspection_c__visibility_control.h
-- Up-to-date: /home/drymer/ros2_ws/install/robot_interfaces/lib/librobot_interfaces__rosidl_typesupport_introspection_c.so
-- Up-to-date: /home/drymer/ros2_ws/install/robot_interfaces/lib/librobot_interfaces__rosidl_typesupport_c.so
-- Up-to-date: /home/drymer/ros2_ws/install/robot_interfaces/include/robot_interfaces/robot_interfaces
-- Up-to-date: /home/drymer/ros2_ws/install/robot_interfaces/include/robot_interfaces/robot_interfaces/action
-- Up-to-date: /home/drymer/ros2_ws/install/robot_interfaces/include/robot_interfaces/robot_interfaces/action/detail
-- Up-to-date: /home/drymer/ros2_ws/install/robot_interfaces/include/robot_interfaces/robot_interfaces/action/detail/motor_control__rosidl_typesupport_introspection_cpp.hpp
-- Up-to-date: /home/drymer/ros2_ws/install/robot_interfaces/include/robot_interfaces/robot_interfaces/action/detail/motor_control__type_support.cpp
-- Up-to-date: /home/drymer/ros2_ws/install/robot_interfaces/include/robot_interfaces/robot_interfaces/msg
-- Up-to-date: /home/drymer/ros2_ws/install/robot_interfaces/include/robot_interfaces/robot_interfaces/msg/detail
-- Up-to-date: /home/drymer/ros2_ws/install/robot_interfaces/include/robot_interfaces/robot_interfaces/msg/detail/motor_feedback__type_support.cpp
-- Up-to-date: /home/drymer/ros2_ws/install/robot_interfaces/include/robot_interfaces/robot_interfaces/msg/detail/motor_feedback__rosidl_typesupport_introspection_cpp.hpp
-- Up-to-date: /home/drymer/ros2_ws/install/robot_interfaces/include/robot_interfaces/robot_interfaces/msg/detail/controller_command__rosidl_typesupport_introspection_cpp.hpp
-- Up-to-date: /home/drymer/ros2_ws/install/robot_interfaces/include/robot_interfaces/robot_interfaces/msg/detail/controller_command__type_support.cpp
-- Up-to-date: /home/drymer/ros2_ws/install/robot_interfaces/include/robot_interfaces/robot_interfaces/msg/detail/vision_data__type_support.cpp
-- Up-to-date: /home/drymer/ros2_ws/install/robot_interfaces/include/robot_interfaces/robot_interfaces/msg/detail/vision_data__rosidl_typesupport_introspection_cpp.hpp
-- Up-to-date: /home/drymer/ros2_ws/install/robot_interfaces/include/robot_interfaces/robot_interfaces/msg/detail/stereo_images__type_support.cpp
-- Up-to-date: /home/drymer/ros2_ws/install/robot_interfaces/include/robot_interfaces/robot_interfaces/msg/detail/stereo_images__rosidl_typesupport_introspection_cpp.hpp
-- Up-to-date: /home/drymer/ros2_ws/install/robot_interfaces/lib/librobot_interfaces__rosidl_typesupport_introspection_cpp.so
-- Up-to-date: /home/drymer/ros2_ws/install/robot_interfaces/lib/librobot_interfaces__rosidl_typesupport_cpp.so
-- Up-to-date: /home/drymer/ros2_ws/install/robot_interfaces/share/robot_interfaces/environment/pythonpath.sh
-- Up-to-date: /home/drymer/ros2_ws/install/robot_interfaces/share/robot_interfaces/environment/pythonpath.dsv
-- Up-to-date: /home/drymer/ros2_ws/install/robot_interfaces/local/lib/python3.10/dist-packages/robot_interfaces-0.0.0-py3.10.egg-info
-- Installing: /home/drymer/ros2_ws/install/robot_interfaces/local/lib/python3.10/dist-packages/robot_interfaces-0.0.0-py3.10.egg-info/PKG-INFO
-- Installing: /home/drymer/ros2_ws/install/robot_interfaces/local/lib/python3.10/dist-packages/robot_interfaces-0.0.0-py3.10.egg-info/top_level.txt
-- Installing: /home/drymer/ros2_ws/install/robot_interfaces/local/lib/python3.10/dist-packages/robot_interfaces-0.0.0-py3.10.egg-info/dependency_links.txt
-- Installing: /home/drymer/ros2_ws/install/robot_interfaces/local/lib/python3.10/dist-packages/robot_interfaces-0.0.0-py3.10.egg-info/SOURCES.txt
-- Up-to-date: /home/drymer/ros2_ws/install/robot_interfaces/local/lib/python3.10/dist-packages/robot_interfaces
-- Up-to-date: /home/drymer/ros2_ws/install/robot_interfaces/local/lib/python3.10/dist-packages/robot_interfaces/__init__.py
-- Up-to-date: /home/drymer/ros2_ws/install/robot_interfaces/local/lib/python3.10/dist-packages/robot_interfaces/action
-- Up-to-date: /home/drymer/ros2_ws/install/robot_interfaces/local/lib/python3.10/dist-packages/robot_interfaces/action/__init__.py
-- Up-to-date: /home/drymer/ros2_ws/install/robot_interfaces/local/lib/python3.10/dist-packages/robot_interfaces/action/_motor_control.py
-- Up-to-date: /home/drymer/ros2_ws/install/robot_interfaces/local/lib/python3.10/dist-packages/robot_interfaces/action/_motor_control_s.c
-- Up-to-date: /home/drymer/ros2_ws/install/robot_interfaces/local/lib/python3.10/dist-packages/robot_interfaces/_robot_interfaces_s.ep.rosidl_typesupport_c.c
-- Up-to-date: /home/drymer/ros2_ws/install/robot_interfaces/local/lib/python3.10/dist-packages/robot_interfaces/robot_interfaces_s__rosidl_typesupport_introspection_c.cpython-310-x86_64-linux-gnu.so
-- Up-to-date: /home/drymer/ros2_ws/install/robot_interfaces/local/lib/python3.10/dist-packages/robot_interfaces/librobot_interfaces__rosidl_generator_py.so
-- Up-to-date: /home/drymer/ros2_ws/install/robot_interfaces/local/lib/python3.10/dist-packages/robot_interfaces/_robot_interfaces_s.ep.rosidl_typesupport_fastrtps_c.c
-- Up-to-date: /home/drymer/ros2_ws/install/robot_interfaces/local/lib/python3.10/dist-packages/robot_interfaces/robot_interfaces_s__rosidl_typesupport_fastrtps_c.cpython-310-x86_64-linux-gnu.so
-- Up-to-date: /home/drymer/ros2_ws/install/robot_interfaces/local/lib/python3.10/dist-packages/robot_interfaces/msg
-- Up-to-date: /home/drymer/ros2_ws/install/robot_interfaces/local/lib/python3.10/dist-packages/robot_interfaces/msg/_controller_command.py
-- Up-to-date: /home/drymer/ros2_ws/install/robot_interfaces/local/lib/python3.10/dist-packages/robot_interfaces/msg/__init__.py
-- Up-to-date: /home/drymer/ros2_ws/install/robot_interfaces/local/lib/python3.10/dist-packages/robot_interfaces/msg/_controller_command_s.c
-- Up-to-date: /home/drymer/ros2_ws/install/robot_interfaces/local/lib/python3.10/dist-packages/robot_interfaces/msg/_motor_feedback_s.c
-- Up-to-date: /home/drymer/ros2_ws/install/robot_interfaces/local/lib/python3.10/dist-packages/robot_interfaces/msg/_vision_data.py
-- Up-to-date: /home/drymer/ros2_ws/install/robot_interfaces/local/lib/python3.10/dist-packages/robot_interfaces/msg/_stereo_images.py
-- Up-to-date: /home/drymer/ros2_ws/install/robot_interfaces/local/lib/python3.10/dist-packages/robot_interfaces/msg/_motor_feedback.py
-- Up-to-date: /home/drymer/ros2_ws/install/robot_interfaces/local/lib/python3.10/dist-packages/robot_interfaces/msg/_stereo_images_s.c
-- Up-to-date: /home/drymer/ros2_ws/install/robot_interfaces/local/lib/python3.10/dist-packages/robot_interfaces/msg/_vision_data_s.c
-- Up-to-date: /home/drymer/ros2_ws/install/robot_interfaces/local/lib/python3.10/dist-packages/robot_interfaces/_robot_interfaces_s.ep.rosidl_typesupport_introspection_c.c
-- Up-to-date: /home/drymer/ros2_ws/install/robot_interfaces/local/lib/python3.10/dist-packages/robot_interfaces/robot_interfaces_s__rosidl_typesupport_c.cpython-310-x86_64-linux-gnu.so
Listing '/home/drymer/ros2_ws/install/robot_interfaces/local/lib/python3.10/dist-packages/robot_interfaces'...
Listing '/home/drymer/ros2_ws/install/robot_interfaces/local/lib/python3.10/dist-packages/robot_interfaces/action'...
Listing '/home/drymer/ros2_ws/install/robot_interfaces/local/lib/python3.10/dist-packages/robot_interfaces/msg'...
-- Up-to-date: /home/drymer/ros2_ws/install/robot_interfaces/local/lib/python3.10/dist-packages/robot_interfaces/robot_interfaces_s__rosidl_typesupport_fastrtps_c.cpython-310-x86_64-linux-gnu.so
-- Up-to-date: /home/drymer/ros2_ws/install/robot_interfaces/local/lib/python3.10/dist-packages/robot_interfaces/robot_interfaces_s__rosidl_typesupport_introspection_c.cpython-310-x86_64-linux-gnu.so
-- Up-to-date: /home/drymer/ros2_ws/install/robot_interfaces/local/lib/python3.10/dist-packages/robot_interfaces/robot_interfaces_s__rosidl_typesupport_c.cpython-310-x86_64-linux-gnu.so
-- Up-to-date: /home/drymer/ros2_ws/install/robot_interfaces/lib/librobot_interfaces__rosidl_generator_py.so
-- Up-to-date: /home/drymer/ros2_ws/install/robot_interfaces/share/robot_interfaces/msg/MotorFeedback.idl
-- Up-to-date: /home/drymer/ros2_ws/install/robot_interfaces/share/robot_interfaces/action/MotorControl.idl
-- Up-to-date: /home/drymer/ros2_ws/install/robot_interfaces/share/robot_interfaces/msg/VisionData.idl
-- Up-to-date: /home/drymer/ros2_ws/install/robot_interfaces/share/robot_interfaces/msg/ControllerCommand.idl
-- Up-to-date: /home/drymer/ros2_ws/install/robot_interfaces/share/robot_interfaces/msg/StereoImages.idl
-- Up-to-date: /home/drymer/ros2_ws/install/robot_interfaces/share/robot_interfaces/msg/MotorFeedback.msg
-- Up-to-date: /home/drymer/ros2_ws/install/robot_interfaces/share/robot_interfaces/action/MotorControl.action
-- Up-to-date: /home/drymer/ros2_ws/install/robot_interfaces/share/robot_interfaces/msg/VisionData.msg
-- Up-to-date: /home/drymer/ros2_ws/install/robot_interfaces/share/robot_interfaces/msg/ControllerCommand.msg
-- Up-to-date: /home/drymer/ros2_ws/install/robot_interfaces/share/robot_interfaces/msg/StereoImages.msg
-- Up-to-date: /home/drymer/ros2_ws/install/robot_interfaces/share/ament_index/resource_index/package_run_dependencies/robot_interfaces
-- Up-to-date: /home/drymer/ros2_ws/install/robot_interfaces/share/ament_index/resource_index/parent_prefix_path/robot_interfaces
-- Up-to-date: /home/drymer/ros2_ws/install/robot_interfaces/share/robot_interfaces/environment/ament_prefix_path.sh
-- Up-to-date: /home/drymer/ros2_ws/install/robot_interfaces/share/robot_interfaces/environment/ament_prefix_path.dsv
-- Up-to-date: /home/drymer/ros2_ws/install/robot_interfaces/share/robot_interfaces/environment/path.sh
-- Up-to-date: /home/drymer/ros2_ws/install/robot_interfaces/share/robot_interfaces/environment/path.dsv
-- Up-to-date: /home/drymer/ros2_ws/install/robot_interfaces/share/robot_interfaces/local_setup.bash
-- Up-to-date: /home/drymer/ros2_ws/install/robot_interfaces/share/robot_interfaces/local_setup.sh
-- Up-to-date: /home/drymer/ros2_ws/install/robot_interfaces/share/robot_interfaces/local_setup.zsh
-- Up-to-date: /home/drymer/ros2_ws/install/robot_interfaces/share/robot_interfaces/local_setup.dsv
-- Installing: /home/drymer/ros2_ws/install/robot_interfaces/share/robot_interfaces/package.dsv
-- Up-to-date: /home/drymer/ros2_ws/install/robot_interfaces/share/ament_index/resource_index/packages/robot_interfaces
-- Up-to-date: /home/drymer/ros2_ws/install/robot_interfaces/share/robot_interfaces/cmake/export_robot_interfaces__rosidl_generator_cExport.cmake
-- Up-to-date: /home/drymer/ros2_ws/install/robot_interfaces/share/robot_interfaces/cmake/export_robot_interfaces__rosidl_generator_cExport-noconfig.cmake
-- Up-to-date: /home/drymer/ros2_ws/install/robot_interfaces/share/robot_interfaces/cmake/export_robot_interfaces__rosidl_typesupport_fastrtps_cExport.cmake
-- Up-to-date: /home/drymer/ros2_ws/install/robot_interfaces/share/robot_interfaces/cmake/export_robot_interfaces__rosidl_typesupport_fastrtps_cExport-noconfig.cmake
-- Up-to-date: /home/drymer/ros2_ws/install/robot_interfaces/share/robot_interfaces/cmake/export_robot_interfaces__rosidl_generator_cppExport.cmake
-- Up-to-date: /home/drymer/ros2_ws/install/robot_interfaces/share/robot_interfaces/cmake/export_robot_interfaces__rosidl_typesupport_fastrtps_cppExport.cmake
-- Up-to-date: /home/drymer/ros2_ws/install/robot_interfaces/share/robot_interfaces/cmake/export_robot_interfaces__rosidl_typesupport_fastrtps_cppExport-noconfig.cmake
-- Up-to-date: /home/drymer/ros2_ws/install/robot_interfaces/share/robot_interfaces/cmake/robot_interfaces__rosidl_typesupport_introspection_cExport.cmake
-- Up-to-date: /home/drymer/ros2_ws/install/robot_interfaces/share/robot_interfaces/cmake/robot_interfaces__rosidl_typesupport_introspection_cExport-noconfig.cmake
-- Up-to-date: /home/drymer/ros2_ws/install/robot_interfaces/share/robot_interfaces/cmake/robot_interfaces__rosidl_typesupport_cExport.cmake
-- Up-to-date: /home/drymer/ros2_ws/install/robot_interfaces/share/robot_interfaces/cmake/robot_interfaces__rosidl_typesupport_cExport-noconfig.cmake
-- Up-to-date: /home/drymer/ros2_ws/install/robot_interfaces/share/robot_interfaces/cmake/robot_interfaces__rosidl_typesupport_introspection_cppExport.cmake
-- Up-to-date: /home/drymer/ros2_ws/install/robot_interfaces/share/robot_interfaces/cmake/robot_interfaces__rosidl_typesupport_introspection_cppExport-noconfig.cmake
-- Up-to-date: /home/drymer/ros2_ws/install/robot_interfaces/share/robot_interfaces/cmake/robot_interfaces__rosidl_typesupport_cppExport.cmake
-- Up-to-date: /home/drymer/ros2_ws/install/robot_interfaces/share/robot_interfaces/cmake/robot_interfaces__rosidl_typesupport_cppExport-noconfig.cmake
-- Up-to-date: /home/drymer/ros2_ws/install/robot_interfaces/share/robot_interfaces/cmake/export_robot_interfaces__rosidl_generator_pyExport.cmake
-- Up-to-date: /home/drymer/ros2_ws/install/robot_interfaces/share/robot_interfaces/cmake/export_robot_interfaces__rosidl_generator_pyExport-noconfig.cmake
-- Up-to-date: /home/drymer/ros2_ws/install/robot_interfaces/share/robot_interfaces/cmake/rosidl_cmake-extras.cmake
-- Up-to-date: /home/drymer/ros2_ws/install/robot_interfaces/share/robot_interfaces/cmake/ament_cmake_export_dependencies-extras.cmake
-- Up-to-date: /home/drymer/ros2_ws/install/robot_interfaces/share/robot_interfaces/cmake/ament_cmake_export_include_directories-extras.cmake
-- Up-to-date: /home/drymer/ros2_ws/install/robot_interfaces/share/robot_interfaces/cmake/ament_cmake_export_libraries-extras.cmake
-- Up-to-date: /home/drymer/ros2_ws/install/robot_interfaces/share/robot_interfaces/cmake/ament_cmake_export_targets-extras.cmake
-- Up-to-date: /home/drymer/ros2_ws/install/robot_interfaces/share/robot_interfaces/cmake/rosidl_cmake_export_typesupport_targets-extras.cmake
-- Up-to-date: /home/drymer/ros2_ws/install/robot_interfaces/share/robot_interfaces/cmake/rosidl_cmake_export_typesupport_libraries-extras.cmake
-- Up-to-date: /home/drymer/ros2_ws/install/robot_interfaces/share/robot_interfaces/cmake/robot_interfacesConfig.cmake
-- Up-to-date: /home/drymer/ros2_ws/install/robot_interfaces/share/robot_interfaces/cmake/robot_interfacesConfig-version.cmake
-- Up-to-date: /home/drymer/ros2_ws/install/robot_interfaces/share/robot_interfaces/package.xml
