running egg_info
creating ../../build/robot_system/robot_system.egg-info
writing ../../build/robot_system/robot_system.egg-info/PKG-INFO
writing dependency_links to ../../build/robot_system/robot_system.egg-info/dependency_links.txt
writing entry points to ../../build/robot_system/robot_system.egg-info/entry_points.txt
writing requirements to ../../build/robot_system/robot_system.egg-info/requires.txt
writing top-level names to ../../build/robot_system/robot_system.egg-info/top_level.txt
writing manifest file '../../build/robot_system/robot_system.egg-info/SOURCES.txt'
reading manifest file '../../build/robot_system/robot_system.egg-info/SOURCES.txt'
writing manifest file '../../build/robot_system/robot_system.egg-info/SOURCES.txt'
running build
running build_py
creating /home/drymer/ros2_ws/build/robot_system/build
creating /home/drymer/ros2_ws/build/robot_system/build/lib
creating /home/drymer/ros2_ws/build/robot_system/build/lib/robot_system
copying robot_system/__init__.py -> /home/drymer/ros2_ws/build/robot_system/build/lib/robot_system
copying robot_system/motor_control_server.py -> /home/drymer/ros2_ws/build/robot_system/build/lib/robot_system
copying robot_system/motor_control_client.py -> /home/drymer/ros2_ws/build/robot_system/build/lib/robot_system
running install
running install_lib
creating /home/drymer/ros2_ws/install/robot_system/lib/python3.10/site-packages/robot_system
copying /home/drymer/ros2_ws/build/robot_system/build/lib/robot_system/__init__.py -> /home/drymer/ros2_ws/install/robot_system/lib/python3.10/site-packages/robot_system
copying /home/drymer/ros2_ws/build/robot_system/build/lib/robot_system/motor_control_server.py -> /home/drymer/ros2_ws/install/robot_system/lib/python3.10/site-packages/robot_system
copying /home/drymer/ros2_ws/build/robot_system/build/lib/robot_system/motor_control_client.py -> /home/drymer/ros2_ws/install/robot_system/lib/python3.10/site-packages/robot_system
byte-compiling /home/drymer/ros2_ws/install/robot_system/lib/python3.10/site-packages/robot_system/__init__.py to __init__.cpython-310.pyc
byte-compiling /home/drymer/ros2_ws/install/robot_system/lib/python3.10/site-packages/robot_system/motor_control_server.py to motor_control_server.cpython-310.pyc
byte-compiling /home/drymer/ros2_ws/install/robot_system/lib/python3.10/site-packages/robot_system/motor_control_client.py to motor_control_client.cpython-310.pyc
running install_data
creating /home/drymer/ros2_ws/install/robot_system/share/ament_index
creating /home/drymer/ros2_ws/install/robot_system/share/ament_index/resource_index
creating /home/drymer/ros2_ws/install/robot_system/share/ament_index/resource_index/packages
copying resource/robot_system -> /home/drymer/ros2_ws/install/robot_system/share/ament_index/resource_index/packages
copying package.xml -> /home/drymer/ros2_ws/install/robot_system/share/robot_system
running install_egg_info
Copying ../../build/robot_system/robot_system.egg-info to /home/drymer/ros2_ws/install/robot_system/lib/python3.10/site-packages/robot_system-0.0.0-py3.10.egg-info
running install_scripts
Installing action script to /home/drymer/ros2_ws/install/robot_system/lib/robot_system
Installing client script to /home/drymer/ros2_ws/install/robot_system/lib/robot_system
writing list of installed files to '/home/drymer/ros2_ws/build/robot_system/install.log'
