/home/drymer/ros2_ws/install/robot_system/lib/python3.10/site-packages/robot_system/__init__.py
/home/drymer/ros2_ws/install/robot_system/lib/python3.10/site-packages/robot_system/vision_publisher.py
/home/drymer/ros2_ws/install/robot_system/lib/python3.10/site-packages/robot_system/motor_control_server.py
/home/drymer/ros2_ws/install/robot_system/lib/python3.10/site-packages/robot_system/motor_control_client.py
/home/drymer/ros2_ws/install/robot_system/lib/python3.10/site-packages/robot_system/__pycache__/__init__.cpython-310.pyc
/home/drymer/ros2_ws/install/robot_system/lib/python3.10/site-packages/robot_system/__pycache__/vision_publisher.cpython-310.pyc
/home/drymer/ros2_ws/install/robot_system/lib/python3.10/site-packages/robot_system/__pycache__/motor_control_server.cpython-310.pyc
/home/drymer/ros2_ws/install/robot_system/lib/python3.10/site-packages/robot_system/__pycache__/motor_control_client.cpython-310.pyc
/home/drymer/ros2_ws/install/robot_system/share/ament_index/resource_index/packages/robot_system
/home/drymer/ros2_ws/install/robot_system/share/robot_system/package.xml
/home/drymer/ros2_ws/install/robot_system/lib/python3.10/site-packages/robot_system-0.0.0-py3.10.egg-info/PKG-INFO
/home/drymer/ros2_ws/install/robot_system/lib/python3.10/site-packages/robot_system-0.0.0-py3.10.egg-info/top_level.txt
/home/drymer/ros2_ws/install/robot_system/lib/python3.10/site-packages/robot_system-0.0.0-py3.10.egg-info/dependency_links.txt
/home/drymer/ros2_ws/install/robot_system/lib/python3.10/site-packages/robot_system-0.0.0-py3.10.egg-info/requires.txt
/home/drymer/ros2_ws/install/robot_system/lib/python3.10/site-packages/robot_system-0.0.0-py3.10.egg-info/entry_points.txt
/home/drymer/ros2_ws/install/robot_system/lib/python3.10/site-packages/robot_system-0.0.0-py3.10.egg-info/zip-safe
/home/drymer/ros2_ws/install/robot_system/lib/python3.10/site-packages/robot_system-0.0.0-py3.10.egg-info/SOURCES.txt
/home/drymer/ros2_ws/install/robot_system/lib/robot_system/action
/home/drymer/ros2_ws/install/robot_system/lib/robot_system/client
/home/drymer/ros2_ws/install/robot_system/lib/robot_system/publisher
