[0.249s] DEBUG:colcon:Command line arguments: ['/home/drymer/.local/bin/colcon', 'build', '--packages-select', 'robot_interfaces']
[0.249s] DEBUG:colcon:Parsed command line arguments: Namespace(log_base=None, log_level=None, verb_name='build', build_base='build', install_base='install', merge_install=False, symlink_install=False, test_result_base=None, continue_on_error=False, executor='parallel', parallel_workers=12, event_handlers=None, ignore_user_meta=False, metas=['./colcon.meta'], base_paths=['.'], packages_ignore=None, packages_ignore_regex=None, paths=None, packages_up_to=None, packages_up_to_regex=None, packages_above=None, packages_above_and_dependencies=None, packages_above_depth=None, packages_select_by_dep=None, packages_skip_by_dep=None, packages_skip_up_to=None, packages_select_build_failed=False, packages_skip_build_finished=False, packages_select_test_failures=False, packages_skip_test_passed=False, packages_select=['robot_interfaces'], packages_skip=None, packages_select_regex=None, packages_skip_regex=None, packages_start=None, packages_end=None, allow_overriding=[], cmake_args=None, cmake_target=None, cmake_target_skip_unavailable=False, cmake_clean_cache=False, cmake_clean_first=False, cmake_force_configure=False, ament_cmake_args=None, catkin_cmake_args=None, catkin_skip_building_tests=False, verb_parser=<colcon_defaults.argument_parser.defaults.DefaultArgumentsDecorator object at 0x7fd9f2f822f0>, verb_extension=<colcon_core.verb.build.BuildVerb object at 0x7fd9f2f81db0>, main=<bound method BuildVerb.main of <colcon_core.verb.build.BuildVerb object at 0x7fd9f2f81db0>>)
[0.436s] Level 1:colcon.colcon_core.package_discovery:discover_packages(colcon_meta) check parameters
[0.436s] Level 1:colcon.colcon_core.package_discovery:discover_packages(recursive) check parameters
[0.436s] Level 1:colcon.colcon_core.package_discovery:discover_packages(ignore) check parameters
[0.436s] Level 1:colcon.colcon_core.package_discovery:discover_packages(path) check parameters
[0.436s] Level 1:colcon.colcon_core.package_discovery:discover_packages(colcon_meta) discover
[0.437s] Level 1:colcon.colcon_core.package_discovery:discover_packages(recursive) discover
[0.437s] INFO:colcon.colcon_core.package_discovery:Crawling recursively for packages in '/home/drymer/ros2_ws'
[0.437s] Level 1:colcon.colcon_core.package_identification:_identify(.) by extensions ['ignore', 'ignore_ament_install']
[0.437s] Level 1:colcon.colcon_core.package_identification:_identify(.) by extension 'ignore'
[0.437s] Level 1:colcon.colcon_core.package_identification:_identify(.) by extension 'ignore_ament_install'
[0.437s] Level 1:colcon.colcon_core.package_identification:_identify(.) by extensions ['colcon_pkg']
[0.437s] Level 1:colcon.colcon_core.package_identification:_identify(.) by extension 'colcon_pkg'
[0.437s] Level 1:colcon.colcon_core.package_identification:_identify(.) by extensions ['colcon_meta']
[0.437s] Level 1:colcon.colcon_core.package_identification:_identify(.) by extension 'colcon_meta'
[0.437s] Level 1:colcon.colcon_core.package_identification:_identify(.) by extensions ['ros']
[0.437s] Level 1:colcon.colcon_core.package_identification:_identify(.) by extension 'ros'
[0.449s] Level 1:colcon.colcon_core.package_identification:_identify(.) by extensions ['cmake', 'python']
[0.449s] Level 1:colcon.colcon_core.package_identification:_identify(.) by extension 'cmake'
[0.449s] Level 1:colcon.colcon_core.package_identification:_identify(.) by extension 'python'
[0.449s] Level 1:colcon.colcon_core.package_identification:_identify(.) by extensions ['python_setup_py']
[0.449s] Level 1:colcon.colcon_core.package_identification:_identify(.) by extension 'python_setup_py'
[0.450s] Level 1:colcon.colcon_core.package_identification:_identify(build) by extensions ['ignore', 'ignore_ament_install']
[0.450s] Level 1:colcon.colcon_core.package_identification:_identify(build) by extension 'ignore'
[0.450s] Level 1:colcon.colcon_core.package_identification:_identify(build) ignored
[0.450s] Level 1:colcon.colcon_core.package_identification:_identify(install) by extensions ['ignore', 'ignore_ament_install']
[0.450s] Level 1:colcon.colcon_core.package_identification:_identify(install) by extension 'ignore'
[0.450s] Level 1:colcon.colcon_core.package_identification:_identify(install) ignored
[0.450s] Level 1:colcon.colcon_core.package_identification:_identify(log) by extensions ['ignore', 'ignore_ament_install']
[0.450s] Level 1:colcon.colcon_core.package_identification:_identify(log) by extension 'ignore'
[0.451s] Level 1:colcon.colcon_core.package_identification:_identify(log) ignored
[0.451s] Level 1:colcon.colcon_core.package_identification:_identify(src) by extensions ['ignore', 'ignore_ament_install']
[0.451s] Level 1:colcon.colcon_core.package_identification:_identify(src) by extension 'ignore'
[0.451s] Level 1:colcon.colcon_core.package_identification:_identify(src) by extension 'ignore_ament_install'
[0.451s] Level 1:colcon.colcon_core.package_identification:_identify(src) by extensions ['colcon_pkg']
[0.451s] Level 1:colcon.colcon_core.package_identification:_identify(src) by extension 'colcon_pkg'
[0.451s] Level 1:colcon.colcon_core.package_identification:_identify(src) by extensions ['colcon_meta']
[0.451s] Level 1:colcon.colcon_core.package_identification:_identify(src) by extension 'colcon_meta'
[0.451s] Level 1:colcon.colcon_core.package_identification:_identify(src) by extensions ['ros']
[0.451s] Level 1:colcon.colcon_core.package_identification:_identify(src) by extension 'ros'
[0.451s] Level 1:colcon.colcon_core.package_identification:_identify(src) by extensions ['cmake', 'python']
[0.451s] Level 1:colcon.colcon_core.package_identification:_identify(src) by extension 'cmake'
[0.451s] Level 1:colcon.colcon_core.package_identification:_identify(src) by extension 'python'
[0.451s] Level 1:colcon.colcon_core.package_identification:_identify(src) by extensions ['python_setup_py']
[0.451s] Level 1:colcon.colcon_core.package_identification:_identify(src) by extension 'python_setup_py'
[0.452s] Level 1:colcon.colcon_core.package_identification:_identify(src/action_tutorials_interfaces) by extensions ['ignore', 'ignore_ament_install']
[0.452s] Level 1:colcon.colcon_core.package_identification:_identify(src/action_tutorials_interfaces) by extension 'ignore'
[0.452s] Level 1:colcon.colcon_core.package_identification:_identify(src/action_tutorials_interfaces) by extension 'ignore_ament_install'
[0.452s] Level 1:colcon.colcon_core.package_identification:_identify(src/action_tutorials_interfaces) by extensions ['colcon_pkg']
[0.452s] Level 1:colcon.colcon_core.package_identification:_identify(src/action_tutorials_interfaces) by extension 'colcon_pkg'
[0.452s] Level 1:colcon.colcon_core.package_identification:_identify(src/action_tutorials_interfaces) by extensions ['colcon_meta']
[0.452s] Level 1:colcon.colcon_core.package_identification:_identify(src/action_tutorials_interfaces) by extension 'colcon_meta'
[0.452s] Level 1:colcon.colcon_core.package_identification:_identify(src/action_tutorials_interfaces) by extensions ['ros']
[0.452s] Level 1:colcon.colcon_core.package_identification:_identify(src/action_tutorials_interfaces) by extension 'ros'
[0.456s] DEBUG:colcon.colcon_core.package_identification:Package 'src/action_tutorials_interfaces' with type 'ros.ament_cmake' and name 'action_tutorials_interfaces'
[0.456s] Level 1:colcon.colcon_core.package_identification:_identify(src/my_package) by extensions ['ignore', 'ignore_ament_install']
[0.456s] Level 1:colcon.colcon_core.package_identification:_identify(src/my_package) by extension 'ignore'
[0.456s] Level 1:colcon.colcon_core.package_identification:_identify(src/my_package) by extension 'ignore_ament_install'
[0.456s] Level 1:colcon.colcon_core.package_identification:_identify(src/my_package) by extensions ['colcon_pkg']
[0.456s] Level 1:colcon.colcon_core.package_identification:_identify(src/my_package) by extension 'colcon_pkg'
[0.456s] Level 1:colcon.colcon_core.package_identification:_identify(src/my_package) by extensions ['colcon_meta']
[0.456s] Level 1:colcon.colcon_core.package_identification:_identify(src/my_package) by extension 'colcon_meta'
[0.457s] Level 1:colcon.colcon_core.package_identification:_identify(src/my_package) by extensions ['ros']
[0.457s] Level 1:colcon.colcon_core.package_identification:_identify(src/my_package) by extension 'ros'
[0.457s] DEBUG:colcon.colcon_core.package_identification:Package 'src/my_package' with type 'ros.ament_python' and name 'my_package'
[0.457s] Level 1:colcon.colcon_core.package_identification:_identify(src/py_pubsub) by extensions ['ignore', 'ignore_ament_install']
[0.458s] Level 1:colcon.colcon_core.package_identification:_identify(src/py_pubsub) by extension 'ignore'
[0.458s] Level 1:colcon.colcon_core.package_identification:_identify(src/py_pubsub) by extension 'ignore_ament_install'
[0.458s] Level 1:colcon.colcon_core.package_identification:_identify(src/py_pubsub) by extensions ['colcon_pkg']
[0.458s] Level 1:colcon.colcon_core.package_identification:_identify(src/py_pubsub) by extension 'colcon_pkg'
[0.458s] Level 1:colcon.colcon_core.package_identification:_identify(src/py_pubsub) by extensions ['colcon_meta']
[0.458s] Level 1:colcon.colcon_core.package_identification:_identify(src/py_pubsub) by extension 'colcon_meta'
[0.458s] Level 1:colcon.colcon_core.package_identification:_identify(src/py_pubsub) by extensions ['ros']
[0.458s] Level 1:colcon.colcon_core.package_identification:_identify(src/py_pubsub) by extension 'ros'
[0.459s] DEBUG:colcon.colcon_core.package_identification:Package 'src/py_pubsub' with type 'ros.ament_python' and name 'py_pubsub'
[0.459s] Level 1:colcon.colcon_core.package_identification:_identify(src/py_robottest) by extensions ['ignore', 'ignore_ament_install']
[0.459s] Level 1:colcon.colcon_core.package_identification:_identify(src/py_robottest) by extension 'ignore'
[0.459s] Level 1:colcon.colcon_core.package_identification:_identify(src/py_robottest) by extension 'ignore_ament_install'
[0.459s] Level 1:colcon.colcon_core.package_identification:_identify(src/py_robottest) by extensions ['colcon_pkg']
[0.459s] Level 1:colcon.colcon_core.package_identification:_identify(src/py_robottest) by extension 'colcon_pkg'
[0.459s] Level 1:colcon.colcon_core.package_identification:_identify(src/py_robottest) by extensions ['colcon_meta']
[0.459s] Level 1:colcon.colcon_core.package_identification:_identify(src/py_robottest) by extension 'colcon_meta'
[0.459s] Level 1:colcon.colcon_core.package_identification:_identify(src/py_robottest) by extensions ['ros']
[0.459s] Level 1:colcon.colcon_core.package_identification:_identify(src/py_robottest) by extension 'ros'
[0.460s] DEBUG:colcon.colcon_core.package_identification:Package 'src/py_robottest' with type 'ros.ament_python' and name 'py_robottest'
[0.460s] Level 1:colcon.colcon_core.package_identification:_identify(src/py_srvcli) by extensions ['ignore', 'ignore_ament_install']
[0.460s] Level 1:colcon.colcon_core.package_identification:_identify(src/py_srvcli) by extension 'ignore'
[0.460s] Level 1:colcon.colcon_core.package_identification:_identify(src/py_srvcli) by extension 'ignore_ament_install'
[0.460s] Level 1:colcon.colcon_core.package_identification:_identify(src/py_srvcli) by extensions ['colcon_pkg']
[0.460s] Level 1:colcon.colcon_core.package_identification:_identify(src/py_srvcli) by extension 'colcon_pkg'
[0.460s] Level 1:colcon.colcon_core.package_identification:_identify(src/py_srvcli) by extensions ['colcon_meta']
[0.460s] Level 1:colcon.colcon_core.package_identification:_identify(src/py_srvcli) by extension 'colcon_meta'
[0.460s] Level 1:colcon.colcon_core.package_identification:_identify(src/py_srvcli) by extensions ['ros']
[0.460s] Level 1:colcon.colcon_core.package_identification:_identify(src/py_srvcli) by extension 'ros'
[0.461s] DEBUG:colcon.colcon_core.package_identification:Package 'src/py_srvcli' with type 'ros.ament_python' and name 'py_srvcli'
[0.461s] Level 1:colcon.colcon_core.package_identification:_identify(src/python_parameters) by extensions ['ignore', 'ignore_ament_install']
[0.461s] Level 1:colcon.colcon_core.package_identification:_identify(src/python_parameters) by extension 'ignore'
[0.462s] Level 1:colcon.colcon_core.package_identification:_identify(src/python_parameters) by extension 'ignore_ament_install'
[0.462s] Level 1:colcon.colcon_core.package_identification:_identify(src/python_parameters) by extensions ['colcon_pkg']
[0.462s] Level 1:colcon.colcon_core.package_identification:_identify(src/python_parameters) by extension 'colcon_pkg'
[0.462s] Level 1:colcon.colcon_core.package_identification:_identify(src/python_parameters) by extensions ['colcon_meta']
[0.462s] Level 1:colcon.colcon_core.package_identification:_identify(src/python_parameters) by extension 'colcon_meta'
[0.462s] Level 1:colcon.colcon_core.package_identification:_identify(src/python_parameters) by extensions ['ros']
[0.462s] Level 1:colcon.colcon_core.package_identification:_identify(src/python_parameters) by extension 'ros'
[0.463s] DEBUG:colcon.colcon_core.package_identification:Package 'src/python_parameters' with type 'ros.ament_python' and name 'python_parameters'
[0.463s] Level 1:colcon.colcon_core.package_identification:_identify(src/robot_interfaces) by extensions ['ignore', 'ignore_ament_install']
[0.463s] Level 1:colcon.colcon_core.package_identification:_identify(src/robot_interfaces) by extension 'ignore'
[0.463s] Level 1:colcon.colcon_core.package_identification:_identify(src/robot_interfaces) by extension 'ignore_ament_install'
[0.463s] Level 1:colcon.colcon_core.package_identification:_identify(src/robot_interfaces) by extensions ['colcon_pkg']
[0.463s] Level 1:colcon.colcon_core.package_identification:_identify(src/robot_interfaces) by extension 'colcon_pkg'
[0.463s] Level 1:colcon.colcon_core.package_identification:_identify(src/robot_interfaces) by extensions ['colcon_meta']
[0.463s] Level 1:colcon.colcon_core.package_identification:_identify(src/robot_interfaces) by extension 'colcon_meta'
[0.463s] Level 1:colcon.colcon_core.package_identification:_identify(src/robot_interfaces) by extensions ['ros']
[0.463s] Level 1:colcon.colcon_core.package_identification:_identify(src/robot_interfaces) by extension 'ros'
[0.464s] DEBUG:colcon.colcon_core.package_identification:Package 'src/robot_interfaces' with type 'ros.ament_cmake' and name 'robot_interfaces'
[0.464s] Level 1:colcon.colcon_core.package_identification:_identify(src/ros_tutorials) by extensions ['ignore', 'ignore_ament_install']
[0.464s] Level 1:colcon.colcon_core.package_identification:_identify(src/ros_tutorials) by extension 'ignore'
[0.464s] Level 1:colcon.colcon_core.package_identification:_identify(src/ros_tutorials) by extension 'ignore_ament_install'
[0.464s] Level 1:colcon.colcon_core.package_identification:_identify(src/ros_tutorials) by extensions ['colcon_pkg']
[0.464s] Level 1:colcon.colcon_core.package_identification:_identify(src/ros_tutorials) by extension 'colcon_pkg'
[0.464s] Level 1:colcon.colcon_core.package_identification:_identify(src/ros_tutorials) by extensions ['colcon_meta']
[0.465s] Level 1:colcon.colcon_core.package_identification:_identify(src/ros_tutorials) by extension 'colcon_meta'
[0.465s] Level 1:colcon.colcon_core.package_identification:_identify(src/ros_tutorials) by extensions ['ros']
[0.465s] Level 1:colcon.colcon_core.package_identification:_identify(src/ros_tutorials) by extension 'ros'
[0.465s] Level 1:colcon.colcon_core.package_identification:_identify(src/ros_tutorials) by extensions ['cmake', 'python']
[0.465s] Level 1:colcon.colcon_core.package_identification:_identify(src/ros_tutorials) by extension 'cmake'
[0.465s] Level 1:colcon.colcon_core.package_identification:_identify(src/ros_tutorials) by extension 'python'
[0.465s] Level 1:colcon.colcon_core.package_identification:_identify(src/ros_tutorials) by extensions ['python_setup_py']
[0.465s] Level 1:colcon.colcon_core.package_identification:_identify(src/ros_tutorials) by extension 'python_setup_py'
[0.465s] Level 1:colcon.colcon_core.package_identification:_identify(src/ros_tutorials/ros_tutorials) by extensions ['ignore', 'ignore_ament_install']
[0.465s] Level 1:colcon.colcon_core.package_identification:_identify(src/ros_tutorials/ros_tutorials) by extension 'ignore'
[0.465s] Level 1:colcon.colcon_core.package_identification:_identify(src/ros_tutorials/ros_tutorials) ignored
[0.465s] Level 1:colcon.colcon_core.package_identification:_identify(src/ros_tutorials/roscpp_tutorials) by extensions ['ignore', 'ignore_ament_install']
[0.466s] Level 1:colcon.colcon_core.package_identification:_identify(src/ros_tutorials/roscpp_tutorials) by extension 'ignore'
[0.466s] Level 1:colcon.colcon_core.package_identification:_identify(src/ros_tutorials/roscpp_tutorials) ignored
[0.466s] Level 1:colcon.colcon_core.package_identification:_identify(src/ros_tutorials/rospy_tutorials) by extensions ['ignore', 'ignore_ament_install']
[0.466s] Level 1:colcon.colcon_core.package_identification:_identify(src/ros_tutorials/rospy_tutorials) by extension 'ignore'
[0.466s] Level 1:colcon.colcon_core.package_identification:_identify(src/ros_tutorials/rospy_tutorials) ignored
[0.466s] Level 1:colcon.colcon_core.package_identification:_identify(src/ros_tutorials/turtlesim) by extensions ['ignore', 'ignore_ament_install']
[0.466s] Level 1:colcon.colcon_core.package_identification:_identify(src/ros_tutorials/turtlesim) by extension 'ignore'
[0.466s] Level 1:colcon.colcon_core.package_identification:_identify(src/ros_tutorials/turtlesim) by extension 'ignore_ament_install'
[0.466s] Level 1:colcon.colcon_core.package_identification:_identify(src/ros_tutorials/turtlesim) by extensions ['colcon_pkg']
[0.466s] Level 1:colcon.colcon_core.package_identification:_identify(src/ros_tutorials/turtlesim) by extension 'colcon_pkg'
[0.466s] Level 1:colcon.colcon_core.package_identification:_identify(src/ros_tutorials/turtlesim) by extensions ['colcon_meta']
[0.466s] Level 1:colcon.colcon_core.package_identification:_identify(src/ros_tutorials/turtlesim) by extension 'colcon_meta'
[0.466s] Level 1:colcon.colcon_core.package_identification:_identify(src/ros_tutorials/turtlesim) by extensions ['ros']
[0.467s] Level 1:colcon.colcon_core.package_identification:_identify(src/ros_tutorials/turtlesim) by extension 'ros'
[0.468s] DEBUG:colcon.colcon_core.package_identification:Package 'src/ros_tutorials/turtlesim' with type 'ros.ament_cmake' and name 'turtlesim'
[0.468s] Level 1:colcon.colcon_core.package_identification:_identify(src/tutorial_interfaces) by extensions ['ignore', 'ignore_ament_install']
[0.468s] Level 1:colcon.colcon_core.package_identification:_identify(src/tutorial_interfaces) by extension 'ignore'
[0.468s] Level 1:colcon.colcon_core.package_identification:_identify(src/tutorial_interfaces) by extension 'ignore_ament_install'
[0.468s] Level 1:colcon.colcon_core.package_identification:_identify(src/tutorial_interfaces) by extensions ['colcon_pkg']
[0.468s] Level 1:colcon.colcon_core.package_identification:_identify(src/tutorial_interfaces) by extension 'colcon_pkg'
[0.468s] Level 1:colcon.colcon_core.package_identification:_identify(src/tutorial_interfaces) by extensions ['colcon_meta']
[0.468s] Level 1:colcon.colcon_core.package_identification:_identify(src/tutorial_interfaces) by extension 'colcon_meta'
[0.468s] Level 1:colcon.colcon_core.package_identification:_identify(src/tutorial_interfaces) by extensions ['ros']
[0.468s] Level 1:colcon.colcon_core.package_identification:_identify(src/tutorial_interfaces) by extension 'ros'
[0.469s] DEBUG:colcon.colcon_core.package_identification:Package 'src/tutorial_interfaces' with type 'ros.ament_cmake' and name 'tutorial_interfaces'
[0.469s] Level 1:colcon.colcon_core.package_discovery:discover_packages(recursive) using defaults
[0.469s] Level 1:colcon.colcon_core.package_discovery:discover_packages(ignore) discover
[0.469s] Level 1:colcon.colcon_core.package_discovery:discover_packages(ignore) using defaults
[0.469s] Level 1:colcon.colcon_core.package_discovery:discover_packages(path) discover
[0.469s] Level 1:colcon.colcon_core.package_discovery:discover_packages(path) using defaults
[0.493s] INFO:colcon.colcon_core.package_selection:Skipping not selected package 'action_tutorials_interfaces' in 'src/action_tutorials_interfaces'
[0.493s] INFO:colcon.colcon_core.package_selection:Skipping not selected package 'my_package' in 'src/my_package'
[0.493s] INFO:colcon.colcon_core.package_selection:Skipping not selected package 'py_robottest' in 'src/py_robottest'
[0.493s] INFO:colcon.colcon_core.package_selection:Skipping not selected package 'python_parameters' in 'src/python_parameters'
[0.493s] INFO:colcon.colcon_core.package_selection:Skipping not selected package 'turtlesim' in 'src/ros_tutorials/turtlesim'
[0.493s] INFO:colcon.colcon_core.package_selection:Skipping not selected package 'tutorial_interfaces' in 'src/tutorial_interfaces'
[0.493s] INFO:colcon.colcon_core.package_selection:Skipping not selected package 'py_pubsub' in 'src/py_pubsub'
[0.493s] INFO:colcon.colcon_core.package_selection:Skipping not selected package 'py_srvcli' in 'src/py_srvcli'
[0.494s] Level 1:colcon.colcon_core.package_discovery:discover_packages(prefix_path) check parameters
[0.494s] Level 1:colcon.colcon_core.package_discovery:discover_packages(prefix_path) discover
[0.496s] DEBUG:colcon.colcon_installed_package_information.package_discovery:Found 317 installed packages in /opt/ros/humble
[0.498s] Level 1:colcon.colcon_core.package_discovery:discover_packages(prefix_path) using defaults
[0.568s] Level 5:colcon.colcon_core.verb:set package 'robot_interfaces' build argument 'cmake_args' from command line to 'None'
[0.568s] Level 5:colcon.colcon_core.verb:set package 'robot_interfaces' build argument 'cmake_target' from command line to 'None'
[0.568s] Level 5:colcon.colcon_core.verb:set package 'robot_interfaces' build argument 'cmake_target_skip_unavailable' from command line to 'False'
[0.568s] Level 5:colcon.colcon_core.verb:set package 'robot_interfaces' build argument 'cmake_clean_cache' from command line to 'False'
[0.568s] Level 5:colcon.colcon_core.verb:set package 'robot_interfaces' build argument 'cmake_clean_first' from command line to 'False'
[0.568s] Level 5:colcon.colcon_core.verb:set package 'robot_interfaces' build argument 'cmake_force_configure' from command line to 'False'
[0.568s] Level 5:colcon.colcon_core.verb:set package 'robot_interfaces' build argument 'ament_cmake_args' from command line to 'None'
[0.569s] Level 5:colcon.colcon_core.verb:set package 'robot_interfaces' build argument 'catkin_cmake_args' from command line to 'None'
[0.569s] Level 5:colcon.colcon_core.verb:set package 'robot_interfaces' build argument 'catkin_skip_building_tests' from command line to 'False'
[0.569s] DEBUG:colcon.colcon_core.verb:Building package 'robot_interfaces' with the following arguments: {'ament_cmake_args': None, 'build_base': '/home/drymer/ros2_ws/build/robot_interfaces', 'catkin_cmake_args': None, 'catkin_skip_building_tests': False, 'cmake_args': None, 'cmake_clean_cache': False, 'cmake_clean_first': False, 'cmake_force_configure': False, 'cmake_target': None, 'cmake_target_skip_unavailable': False, 'install_base': '/home/drymer/ros2_ws/install/robot_interfaces', 'merge_install': False, 'path': '/home/drymer/ros2_ws/src/robot_interfaces', 'symlink_install': False, 'test_result_base': None}
[0.569s] INFO:colcon.colcon_core.executor:Executing jobs using 'parallel' executor
[0.570s] DEBUG:colcon.colcon_parallel_executor.executor.parallel:run_until_complete
[0.571s] INFO:colcon.colcon_ros.task.ament_cmake.build:Building ROS package in '/home/drymer/ros2_ws/src/robot_interfaces' with build type 'ament_cmake'
[0.571s] INFO:colcon.colcon_cmake.task.cmake.build:Building CMake package in '/home/drymer/ros2_ws/src/robot_interfaces'
[0.575s] INFO:colcon.colcon_core.plugin_system:Skipping extension 'colcon_core.shell.bat': Not used on non-Windows systems
[0.575s] INFO:colcon.colcon_core.shell:Skip shell extension 'powershell' for command environment: Not usable outside of PowerShell
[0.575s] DEBUG:colcon.colcon_core.shell:Skip shell extension 'dsv' for command environment
[0.586s] DEBUG:colcon.colcon_core.event_handler.log_command:Invoking command in '/home/drymer/ros2_ws/build/robot_interfaces': CMAKE_PREFIX_PATH=/opt/ros/humble /usr/bin/cmake /home/drymer/ros2_ws/src/robot_interfaces -DCMAKE_INSTALL_PREFIX=/home/drymer/ros2_ws/install/robot_interfaces
[3.123s] DEBUG:colcon.colcon_core.event_handler.log_command:Invoked command in '/home/drymer/ros2_ws/build/robot_interfaces' returned '0': CMAKE_PREFIX_PATH=/opt/ros/humble /usr/bin/cmake /home/drymer/ros2_ws/src/robot_interfaces -DCMAKE_INSTALL_PREFIX=/home/drymer/ros2_ws/install/robot_interfaces
[3.127s] DEBUG:colcon.colcon_core.event_handler.log_command:Invoking command in '/home/drymer/ros2_ws/build/robot_interfaces': CMAKE_PREFIX_PATH=/opt/ros/humble /usr/bin/cmake --build /home/drymer/ros2_ws/build/robot_interfaces -- -j12 -l12
[6.580s] DEBUG:colcon.colcon_core.event_handler.log_command:Invoked command in '/home/drymer/ros2_ws/build/robot_interfaces' returned '0': CMAKE_PREFIX_PATH=/opt/ros/humble /usr/bin/cmake --build /home/drymer/ros2_ws/build/robot_interfaces -- -j12 -l12
[6.674s] DEBUG:colcon.colcon_core.event_handler.log_command:Invoking command in '/home/drymer/ros2_ws/build/robot_interfaces': CMAKE_PREFIX_PATH=/opt/ros/humble /usr/bin/cmake --install /home/drymer/ros2_ws/build/robot_interfaces
[6.781s] Level 1:colcon.colcon_core.environment:create_environment_scripts_only(robot_interfaces)
[6.782s] DEBUG:colcon.colcon_core.event_handler.log_command:Invoked command in '/home/drymer/ros2_ws/build/robot_interfaces' returned '0': CMAKE_PREFIX_PATH=/opt/ros/humble /usr/bin/cmake --install /home/drymer/ros2_ws/build/robot_interfaces
[6.785s] Level 1:colcon.colcon_core.environment:checking '/home/drymer/ros2_ws/install/robot_interfaces' for CMake module files
[6.786s] Level 1:colcon.colcon_core.environment:checking '/home/drymer/ros2_ws/install/robot_interfaces' for CMake config files
[6.786s] Level 1:colcon.colcon_core.shell:create_environment_hook('robot_interfaces', 'cmake_prefix_path')
[6.786s] INFO:colcon.colcon_core.shell:Creating environment hook '/home/drymer/ros2_ws/install/robot_interfaces/share/robot_interfaces/hook/cmake_prefix_path.ps1'
[6.789s] INFO:colcon.colcon_core.shell:Creating environment descriptor '/home/drymer/ros2_ws/install/robot_interfaces/share/robot_interfaces/hook/cmake_prefix_path.dsv'
[6.790s] INFO:colcon.colcon_core.shell:Creating environment hook '/home/drymer/ros2_ws/install/robot_interfaces/share/robot_interfaces/hook/cmake_prefix_path.sh'
[6.791s] Level 1:colcon.colcon_core.environment:checking '/home/drymer/ros2_ws/install/robot_interfaces/lib'
[6.792s] Level 1:colcon.colcon_core.shell:create_environment_hook('robot_interfaces', 'ld_library_path_lib')
[6.792s] INFO:colcon.colcon_core.shell:Creating environment hook '/home/drymer/ros2_ws/install/robot_interfaces/share/robot_interfaces/hook/ld_library_path_lib.ps1'
[6.793s] INFO:colcon.colcon_core.shell:Creating environment descriptor '/home/drymer/ros2_ws/install/robot_interfaces/share/robot_interfaces/hook/ld_library_path_lib.dsv'
[6.793s] INFO:colcon.colcon_core.shell:Creating environment hook '/home/drymer/ros2_ws/install/robot_interfaces/share/robot_interfaces/hook/ld_library_path_lib.sh'
[6.794s] Level 1:colcon.colcon_core.environment:checking '/home/drymer/ros2_ws/install/robot_interfaces/bin'
[6.794s] Level 1:colcon.colcon_core.environment:checking '/home/drymer/ros2_ws/install/robot_interfaces/lib/pkgconfig/robot_interfaces.pc'
[6.794s] Level 1:colcon.colcon_core.environment:checking '/home/drymer/ros2_ws/install/robot_interfaces/lib/python3.10/site-packages'
[6.795s] Level 1:colcon.colcon_core.environment:checking '/home/drymer/ros2_ws/install/robot_interfaces/bin'
[6.796s] INFO:colcon.colcon_core.shell:Creating package script '/home/drymer/ros2_ws/install/robot_interfaces/share/robot_interfaces/package.ps1'
[6.798s] INFO:colcon.colcon_core.shell:Creating package descriptor '/home/drymer/ros2_ws/install/robot_interfaces/share/robot_interfaces/package.dsv'
[6.800s] INFO:colcon.colcon_core.shell:Creating package script '/home/drymer/ros2_ws/install/robot_interfaces/share/robot_interfaces/package.sh'
[6.802s] INFO:colcon.colcon_core.shell:Creating package script '/home/drymer/ros2_ws/install/robot_interfaces/share/robot_interfaces/package.bash'
[6.804s] INFO:colcon.colcon_core.shell:Creating package script '/home/drymer/ros2_ws/install/robot_interfaces/share/robot_interfaces/package.zsh'
[6.805s] Level 1:colcon.colcon_core.environment:create_file_with_runtime_dependencies(/home/drymer/ros2_ws/install/robot_interfaces/share/colcon-core/packages/robot_interfaces)
[6.899s] Level 1:colcon.colcon_core.environment:create_environment_scripts_only(robot_interfaces)
[6.899s] Level 1:colcon.colcon_core.environment:checking '/home/drymer/ros2_ws/install/robot_interfaces' for CMake module files
[6.901s] Level 1:colcon.colcon_core.environment:checking '/home/drymer/ros2_ws/install/robot_interfaces' for CMake config files
[6.902s] Level 1:colcon.colcon_core.shell:create_environment_hook('robot_interfaces', 'cmake_prefix_path')
[6.902s] INFO:colcon.colcon_core.shell:Creating environment hook '/home/drymer/ros2_ws/install/robot_interfaces/share/robot_interfaces/hook/cmake_prefix_path.ps1'
[6.904s] INFO:colcon.colcon_core.shell:Creating environment descriptor '/home/drymer/ros2_ws/install/robot_interfaces/share/robot_interfaces/hook/cmake_prefix_path.dsv'
[6.904s] INFO:colcon.colcon_core.shell:Creating environment hook '/home/drymer/ros2_ws/install/robot_interfaces/share/robot_interfaces/hook/cmake_prefix_path.sh'
[6.906s] Level 1:colcon.colcon_core.environment:checking '/home/drymer/ros2_ws/install/robot_interfaces/lib'
[6.906s] Level 1:colcon.colcon_core.shell:create_environment_hook('robot_interfaces', 'ld_library_path_lib')
[6.906s] INFO:colcon.colcon_core.shell:Creating environment hook '/home/drymer/ros2_ws/install/robot_interfaces/share/robot_interfaces/hook/ld_library_path_lib.ps1'
[6.907s] INFO:colcon.colcon_core.shell:Creating environment descriptor '/home/drymer/ros2_ws/install/robot_interfaces/share/robot_interfaces/hook/ld_library_path_lib.dsv'
[6.908s] INFO:colcon.colcon_core.shell:Creating environment hook '/home/drymer/ros2_ws/install/robot_interfaces/share/robot_interfaces/hook/ld_library_path_lib.sh'
[6.909s] Level 1:colcon.colcon_core.environment:checking '/home/drymer/ros2_ws/install/robot_interfaces/bin'
[6.909s] Level 1:colcon.colcon_core.environment:checking '/home/drymer/ros2_ws/install/robot_interfaces/lib/pkgconfig/robot_interfaces.pc'
[6.910s] Level 1:colcon.colcon_core.environment:checking '/home/drymer/ros2_ws/install/robot_interfaces/lib/python3.10/site-packages'
[6.911s] Level 1:colcon.colcon_core.environment:checking '/home/drymer/ros2_ws/install/robot_interfaces/bin'
[6.912s] INFO:colcon.colcon_core.shell:Creating package script '/home/drymer/ros2_ws/install/robot_interfaces/share/robot_interfaces/package.ps1'
[6.913s] INFO:colcon.colcon_core.shell:Creating package descriptor '/home/drymer/ros2_ws/install/robot_interfaces/share/robot_interfaces/package.dsv'
[6.914s] INFO:colcon.colcon_core.shell:Creating package script '/home/drymer/ros2_ws/install/robot_interfaces/share/robot_interfaces/package.sh'
[6.915s] INFO:colcon.colcon_core.shell:Creating package script '/home/drymer/ros2_ws/install/robot_interfaces/share/robot_interfaces/package.bash'
[6.916s] INFO:colcon.colcon_core.shell:Creating package script '/home/drymer/ros2_ws/install/robot_interfaces/share/robot_interfaces/package.zsh'
[6.917s] Level 1:colcon.colcon_core.environment:create_file_with_runtime_dependencies(/home/drymer/ros2_ws/install/robot_interfaces/share/colcon-core/packages/robot_interfaces)
[6.918s] DEBUG:colcon.colcon_parallel_executor.executor.parallel:closing loop
[6.920s] DEBUG:colcon.colcon_parallel_executor.executor.parallel:loop closed
[6.920s] DEBUG:colcon.colcon_parallel_executor.executor.parallel:run_until_complete finished with '0'
[6.920s] DEBUG:colcon.colcon_core.event_reactor:joining thread
[7.029s] INFO:colcon.colcon_core.plugin_system:Skipping extension 'colcon_notification.desktop_notification.notify_send': Could not find 'notify-send'
[7.030s] INFO:colcon.colcon_core.plugin_system:Skipping extension 'colcon_notification.desktop_notification.terminal_notifier': Not used on non-Darwin systems
[7.030s] INFO:colcon.colcon_core.plugin_system:Skipping extension 'colcon_notification.desktop_notification.win32': Not used on non-Windows systems
[7.030s] INFO:colcon.colcon_notification.desktop_notification:Sending desktop notification using 'notify2'
[7.030s] DEBUG:colcon.colcon_notification.desktop_notification.notify2:Failed to initialize notify2: org.freedesktop.DBus.Error.FileNotFound: Failed to connect to socket /run/user/1000/bus: No such file or directory
[7.030s] DEBUG:colcon.colcon_core.event_reactor:joined thread
[7.031s] INFO:colcon.colcon_core.shell:Creating prefix script '/home/drymer/ros2_ws/install/local_setup.ps1'
[7.034s] INFO:colcon.colcon_core.shell:Creating prefix util module '/home/drymer/ros2_ws/install/_local_setup_util_ps1.py'
[7.037s] INFO:colcon.colcon_core.shell:Creating prefix chain script '/home/drymer/ros2_ws/install/setup.ps1'
[7.038s] INFO:colcon.colcon_core.shell:Creating prefix script '/home/drymer/ros2_ws/install/local_setup.sh'
[7.039s] INFO:colcon.colcon_core.shell:Creating prefix util module '/home/drymer/ros2_ws/install/_local_setup_util_sh.py'
[7.040s] INFO:colcon.colcon_core.shell:Creating prefix chain script '/home/drymer/ros2_ws/install/setup.sh'
[7.042s] INFO:colcon.colcon_core.shell:Creating prefix script '/home/drymer/ros2_ws/install/local_setup.bash'
[7.042s] INFO:colcon.colcon_core.shell:Creating prefix chain script '/home/drymer/ros2_ws/install/setup.bash'
[7.044s] INFO:colcon.colcon_core.shell:Creating prefix script '/home/drymer/ros2_ws/install/local_setup.zsh'
[7.045s] INFO:colcon.colcon_core.shell:Creating prefix chain script '/home/drymer/ros2_ws/install/setup.zsh'
