[0.018s] Invoking command in '/home/drymer/ros2_ws/build/robot_interfaces': CMAKE_PREFIX_PATH=${CMAKE_PREFIX_PATH}:/home/drymer/ros2_ws/install/py_srvcli:/home/drymer/ros2_ws/install/py_pubsub:/home/drymer/ros2_ws/install/robot_system:/home/drymer/ros2_ws/install/py_robottest:/home/drymer/ros2_ws/install/python_parameters:/home/drymer/ros2_ws/install/my_package:/opt/ros/humble /usr/bin/cmake --build /home/drymer/ros2_ws/build/robot_interfaces -- -j12 -l12
[0.055s] -- Found ament_cmake: 1.3.10 (/opt/ros/humble/share/ament_cmake/cmake)
[0.218s] -- Found ament_lint_auto: 0.12.11 (/opt/ros/humble/share/ament_lint_auto/cmake)
[0.285s] -- Found geometry_msgs: 4.2.4 (/opt/ros/humble/share/geometry_msgs/cmake)
[0.502s] -- Found rosidl_generator_c: 3.1.5 (/opt/ros/humble/share/rosidl_generator_c/cmake)
[0.507s] -- Found rosidl_adapter: 3.1.5 (/opt/ros/humble/share/rosidl_adapter/cmake)
[0.519s] -- Found rosidl_generator_cpp: 3.1.5 (/opt/ros/humble/share/rosidl_generator_cpp/cmake)
[0.539s] -- Using all available rosidl_typesupport_c: rosidl_typesupport_fastrtps_c;rosidl_typesupport_introspection_c
[0.559s] -- Using all available rosidl_typesupport_cpp: rosidl_typesupport_fastrtps_cpp;rosidl_typesupport_introspection_cpp
[0.612s] -- Found rosidl_default_generators: 1.2.0 (/opt/ros/humble/share/rosidl_default_generators/cmake)
[0.860s] -- Found ament_cmake_ros: 0.10.0 (/opt/ros/humble/share/ament_cmake_ros/cmake)
[1.141s] -- Using all available rosidl_typesupport_c: rosidl_typesupport_fastrtps_c;rosidl_typesupport_introspection_c
[1.247s] -- Using all available rosidl_typesupport_cpp: rosidl_typesupport_fastrtps_cpp;rosidl_typesupport_introspection_cpp
[1.269s] -- Found python_cmake_module: 0.10.0 (/opt/ros/humble/share/python_cmake_module/cmake)
[1.292s] -- Using PYTHON_EXECUTABLE: /usr/bin/python3
[1.292s] -- Using PYTHON_INCLUDE_DIRS: /usr/include/python3.10
[1.292s] -- Using PYTHON_LIBRARIES: /usr/lib/x86_64-linux-gnu/libpython3.10.so
[1.321s] -- Added test 'lint_cmake' to check CMake code style
[1.323s] -- Added test 'xmllint' to check XML markup files
[1.336s] -- Configuring done
[1.404s] -- Generating done
[1.407s] -- Build files have been written to: /home/drymer/ros2_ws/build/robot_interfaces
[1.428s] [  1%] [34m[1mGenerating C code for ROS interfaces[0m
[1.437s] [  3%] [34m[1mGenerating C++ code for ROS interfaces[0m
[1.455s] [  3%] Built target ament_cmake_python_copy_robot_interfaces
[1.717s] running egg_info
[1.718s] writing robot_interfaces.egg-info/PKG-INFO
[1.718s] writing dependency_links to robot_interfaces.egg-info/dependency_links.txt
[1.718s] writing top-level names to robot_interfaces.egg-info/top_level.txt
[1.721s] reading manifest file 'robot_interfaces.egg-info/SOURCES.txt'
[1.722s] writing manifest file 'robot_interfaces.egg-info/SOURCES.txt'
[1.743s] [  3%] Built target ament_cmake_python_build_robot_interfaces_egg
[2.042s] [  3%] Built target robot_interfaces__cpp
[2.056s] [  6%] [34m[1mGenerating C++ type support for eProsima Fast-RTPS[0m
[2.057s] [  6%] [34m[1mGenerating C++ type support dispatch for ROS interfaces[0m
[2.057s] [  7%] [34m[1mGenerating C++ introspection for ROS interfaces[0m
[2.084s] [35m[1mConsolidate compiler generated dependencies of target robot_interfaces__rosidl_generator_c[0m
[2.097s] [  9%] [32mBuilding C object CMakeFiles/robot_interfaces__rosidl_generator_c.dir/rosidl_generator_c/robot_interfaces/msg/detail/motor_feedback__functions.c.o[0m
[2.097s] [ 11%] [32mBuilding C object CMakeFiles/robot_interfaces__rosidl_generator_c.dir/rosidl_generator_c/robot_interfaces/action/detail/motor_control__functions.c.o[0m
[2.098s] [ 12%] [32mBuilding C object CMakeFiles/robot_interfaces__rosidl_generator_c.dir/rosidl_generator_c/robot_interfaces/msg/detail/stereo_images__functions.c.o[0m
[2.098s] [ 14%] [32mBuilding C object CMakeFiles/robot_interfaces__rosidl_generator_c.dir/rosidl_generator_c/robot_interfaces/msg/detail/vision_data__functions.c.o[0m
[2.099s] [ 15%] [32mBuilding C object CMakeFiles/robot_interfaces__rosidl_generator_c.dir/rosidl_generator_c/robot_interfaces/msg/detail/controller_command__functions.c.o[0m
[2.159s] In file included from [01m[K/home/drymer/ros2_ws/build/robot_interfaces/rosidl_generator_c/robot_interfaces/msg/detail/stereo_images__functions.h:19[m[K,
[2.159s]                  from [01m[K/home/drymer/ros2_ws/build/robot_interfaces/rosidl_generator_c/robot_interfaces/msg/detail/stereo_images__functions.c:4[m[K:
[2.159s] [01m[K/home/drymer/ros2_ws/build/robot_interfaces/rosidl_generator_c/robot_interfaces/msg/detail/stereo_images__struct.h:22:10:[m[K [01;31m[Kfatal error: [m[Krobot_interfaces/msg/detail/int32__struct.h: No such file or directory
[2.159s]    22 | #include [01;31m[K"robot_interfaces/msg/detail/int32__struct.h"[m[K
[2.159s]       |          [01;31m[K^~~~~~~~~~~~~~~~~~~~~~~~~~~~~~~~~~~~~~~~~~~~~[m[K
[2.159s] compilation terminated.
[2.160s] gmake[2]: *** [CMakeFiles/robot_interfaces__rosidl_generator_c.dir/build.make:232: CMakeFiles/robot_interfaces__rosidl_generator_c.dir/rosidl_generator_c/robot_interfaces/msg/detail/stereo_images__functions.c.o] Error 1
[2.160s] gmake[2]: *** Waiting for unfinished jobs....
[2.273s] gmake[1]: *** [CMakeFiles/Makefile2:213: CMakeFiles/robot_interfaces__rosidl_generator_c.dir/all] Error 2
[2.273s] gmake[1]: *** Waiting for unfinished jobs....
[2.448s] [35m[1mConsolidate compiler generated dependencies of target robot_interfaces__rosidl_typesupport_cpp[0m
[2.463s] [ 19%] [32mBuilding CXX object CMakeFiles/robot_interfaces__rosidl_typesupport_cpp.dir/rosidl_typesupport_cpp/robot_interfaces/action/motor_control__type_support.cpp.o[0m
[2.463s] [ 19%] [32mBuilding CXX object CMakeFiles/robot_interfaces__rosidl_typesupport_cpp.dir/rosidl_typesupport_cpp/robot_interfaces/msg/motor_feedback__type_support.cpp.o[0m
[2.464s] [ 20%] [32mBuilding CXX object CMakeFiles/robot_interfaces__rosidl_typesupport_cpp.dir/rosidl_typesupport_cpp/robot_interfaces/msg/controller_command__type_support.cpp.o[0m
[2.466s] [ 22%] [32mBuilding CXX object CMakeFiles/robot_interfaces__rosidl_typesupport_cpp.dir/rosidl_typesupport_cpp/robot_interfaces/msg/vision_data__type_support.cpp.o[0m
[2.467s] [ 23%] [32mBuilding CXX object CMakeFiles/robot_interfaces__rosidl_typesupport_cpp.dir/rosidl_typesupport_cpp/robot_interfaces/msg/stereo_images__type_support.cpp.o[0m
[2.521s] [35m[1mConsolidate compiler generated dependencies of target robot_interfaces__rosidl_typesupport_introspection_cpp[0m
[2.540s] [ 25%] [32mBuilding CXX object CMakeFiles/robot_interfaces__rosidl_typesupport_introspection_cpp.dir/rosidl_typesupport_introspection_cpp/robot_interfaces/action/detail/motor_control__type_support.cpp.o[0m
[2.540s] [ 26%] [32mBuilding CXX object CMakeFiles/robot_interfaces__rosidl_typesupport_introspection_cpp.dir/rosidl_typesupport_introspection_cpp/robot_interfaces/msg/detail/motor_feedback__type_support.cpp.o[0m
[2.540s] [ 28%] [32mBuilding CXX object CMakeFiles/robot_interfaces__rosidl_typesupport_introspection_cpp.dir/rosidl_typesupport_introspection_cpp/robot_interfaces/msg/detail/vision_data__type_support.cpp.o[0m
[2.542s] [ 30%] [32mBuilding CXX object CMakeFiles/robot_interfaces__rosidl_typesupport_introspection_cpp.dir/rosidl_typesupport_introspection_cpp/robot_interfaces/msg/detail/stereo_images__type_support.cpp.o[0m
[2.543s] [ 31%] [32mBuilding CXX object CMakeFiles/robot_interfaces__rosidl_typesupport_introspection_cpp.dir/rosidl_typesupport_introspection_cpp/robot_interfaces/msg/detail/controller_command__type_support.cpp.o[0m
[2.616s] In file included from [01m[K/home/drymer/ros2_ws/build/robot_interfaces/rosidl_typesupport_cpp/robot_interfaces/msg/stereo_images__type_support.cpp:7[m[K:
[2.616s] [01m[K/home/drymer/ros2_ws/build/robot_interfaces/rosidl_generator_cpp/robot_interfaces/msg/detail/stereo_images__struct.hpp:20:10:[m[K [01;31m[Kfatal error: [m[Krobot_interfaces/msg/detail/int32__struct.hpp: No such file or directory
[2.617s]    20 | #include [01;31m[K"robot_interfaces/msg/detail/int32__struct.hpp"[m[K
[2.617s]       |          [01;31m[K^~~~~~~~~~~~~~~~~~~~~~~~~~~~~~~~~~~~~~~~~~~~~~~[m[K
[2.617s] compilation terminated.
[2.618s] gmake[2]: *** [CMakeFiles/robot_interfaces__rosidl_typesupport_cpp.dir/build.make:165: CMakeFiles/robot_interfaces__rosidl_typesupport_cpp.dir/rosidl_typesupport_cpp/robot_interfaces/msg/stereo_images__type_support.cpp.o] Error 1
[2.618s] gmake[2]: *** Waiting for unfinished jobs....
[2.652s] In file included from [01m[K/home/drymer/ros2_ws/build/robot_interfaces/rosidl_typesupport_introspection_cpp/robot_interfaces/msg/detail/stereo_images__type_support.cpp:12[m[K:
[2.652s] [01m[K/home/drymer/ros2_ws/build/robot_interfaces/rosidl_generator_cpp/robot_interfaces/msg/detail/stereo_images__struct.hpp:20:10:[m[K [01;31m[Kfatal error: [m[Krobot_interfaces/msg/detail/int32__struct.hpp: No such file or directory
[2.652s]    20 | #include [01;31m[K"robot_interfaces/msg/detail/int32__struct.hpp"[m[K
[2.652s]       |          [01;31m[K^~~~~~~~~~~~~~~~~~~~~~~~~~~~~~~~~~~~~~~~~~~~~~~[m[K
[2.653s] compilation terminated.
[2.654s] gmake[2]: *** [CMakeFiles/robot_interfaces__rosidl_typesupport_introspection_cpp.dir/build.make:182: CMakeFiles/robot_interfaces__rosidl_typesupport_introspection_cpp.dir/rosidl_typesupport_introspection_cpp/robot_interfaces/msg/detail/stereo_images__type_support.cpp.o] Error 1
[2.654s] gmake[2]: *** Waiting for unfinished jobs....
[2.671s] [35m[1mConsolidate compiler generated dependencies of target robot_interfaces__rosidl_typesupport_fastrtps_cpp[0m
[2.693s] [ 36%] [32mBuilding CXX object CMakeFiles/robot_interfaces__rosidl_typesupport_fastrtps_cpp.dir/rosidl_typesupport_fastrtps_cpp/robot_interfaces/msg/detail/dds_fastrtps/vision_data__type_support.cpp.o[0m
[2.693s] [ 36%] [32mBuilding CXX object CMakeFiles/robot_interfaces__rosidl_typesupport_fastrtps_cpp.dir/rosidl_typesupport_fastrtps_cpp/robot_interfaces/msg/detail/dds_fastrtps/motor_feedback__type_support.cpp.o[0m
[2.694s] [ 36%] [32mBuilding CXX object CMakeFiles/robot_interfaces__rosidl_typesupport_fastrtps_cpp.dir/rosidl_typesupport_fastrtps_cpp/robot_interfaces/action/detail/dds_fastrtps/motor_control__type_support.cpp.o[0m
[2.694s] [ 38%] [32mBuilding CXX object CMakeFiles/robot_interfaces__rosidl_typesupport_fastrtps_cpp.dir/rosidl_typesupport_fastrtps_cpp/robot_interfaces/msg/detail/dds_fastrtps/controller_command__type_support.cpp.o[0m
[3.019s] [ 39%] [32mBuilding CXX object CMakeFiles/robot_interfaces__rosidl_typesupport_fastrtps_cpp.dir/rosidl_typesupport_fastrtps_cpp/robot_interfaces/msg/detail/dds_fastrtps/stereo_images__type_support.cpp.o[0m
[3.116s] In file included from [01m[K/home/drymer/ros2_ws/build/robot_interfaces/rosidl_typesupport_fastrtps_cpp/robot_interfaces/msg/detail/stereo_images__rosidl_typesupport_fastrtps_cpp.hpp:11[m[K,
[3.116s]                  from [01m[K/home/drymer/ros2_ws/build/robot_interfaces/rosidl_typesupport_fastrtps_cpp/robot_interfaces/msg/detail/dds_fastrtps/stereo_images__type_support.cpp:4[m[K:
[3.116s] [01m[K/home/drymer/ros2_ws/build/robot_interfaces/rosidl_generator_cpp/robot_interfaces/msg/detail/stereo_images__struct.hpp:20:10:[m[K [01;31m[Kfatal error: [m[Krobot_interfaces/msg/detail/int32__struct.hpp: No such file or directory
[3.116s]    20 | #include [01;31m[K"robot_interfaces/msg/detail/int32__struct.hpp"[m[K
[3.117s]       |          [01;31m[K^~~~~~~~~~~~~~~~~~~~~~~~~~~~~~~~~~~~~~~~~~~~~~~[m[K
[3.117s] compilation terminated.
[3.119s] gmake[2]: *** [CMakeFiles/robot_interfaces__rosidl_typesupport_fastrtps_cpp.dir/build.make:182: CMakeFiles/robot_interfaces__rosidl_typesupport_fastrtps_cpp.dir/rosidl_typesupport_fastrtps_cpp/robot_interfaces/msg/detail/dds_fastrtps/stereo_images__type_support.cpp.o] Error 1
[3.119s] gmake[2]: *** Waiting for unfinished jobs....
[3.242s] gmake[1]: *** [CMakeFiles/Makefile2:395: CMakeFiles/robot_interfaces__rosidl_typesupport_cpp.dir/all] Error 2
[3.400s] gmake[1]: *** [CMakeFiles/Makefile2:369: CMakeFiles/robot_interfaces__rosidl_typesupport_introspection_cpp.dir/all] Error 2
[3.542s] gmake[1]: *** [CMakeFiles/Makefile2:291: CMakeFiles/robot_interfaces__rosidl_typesupport_fastrtps_cpp.dir/all] Error 2
[3.542s] gmake: *** [Makefile:146: all] Error 2
[3.544s] Invoked command in '/home/drymer/ros2_ws/build/robot_interfaces' returned '2': CMAKE_PREFIX_PATH=${CMAKE_PREFIX_PATH}:/home/drymer/ros2_ws/install/py_srvcli:/home/drymer/ros2_ws/install/py_pubsub:/home/drymer/ros2_ws/install/robot_system:/home/drymer/ros2_ws/install/py_robottest:/home/drymer/ros2_ws/install/python_parameters:/home/drymer/ros2_ws/install/my_package:/opt/ros/humble /usr/bin/cmake --build /home/drymer/ros2_ws/build/robot_interfaces -- -j12 -l12
