In file included from [01m[K/home/drymer/ros2_ws/build/robot_interfaces/rosidl_generator_c/robot_interfaces/msg/detail/stereo_images__functions.h:19[m[K,
                 from [01m[K/home/drymer/ros2_ws/build/robot_interfaces/rosidl_generator_c/robot_interfaces/msg/detail/stereo_images__functions.c:4[m[K:
[01m[K/home/drymer/ros2_ws/build/robot_interfaces/rosidl_generator_c/robot_interfaces/msg/detail/stereo_images__struct.h:24:10:[m[K [01;31m[Kfatal error: [m[Krobot_interfaces/msg/detail/int32__struct.h: No such file or directory
   24 | #include [01;31m[K"robot_interfaces/msg/detail/int32__struct.h"[m[K
      |          [01;31m[K^~~~~~~~~~~~~~~~~~~~~~~~~~~~~~~~~~~~~~~~~~~~~[m[K
compilation terminated.
gmake[2]: *** [CMakeFiles/robot_interfaces__rosidl_generator_c.dir/build.make:232: CMakeFiles/robot_interfaces__rosidl_generator_c.dir/rosidl_generator_c/robot_interfaces/msg/detail/stereo_images__functions.c.o] Error 1
gmake[2]: *** Waiting for unfinished jobs....
gmake[1]: *** [CMakeFiles/Makefile2:213: CMakeFiles/robot_interfaces__rosidl_generator_c.dir/all] Error 2
gmake[1]: *** Waiting for unfinished jobs....
In file included from [01m[K/home/drymer/ros2_ws/build/robot_interfaces/rosidl_typesupport_cpp/robot_interfaces/msg/stereo_images__type_support.cpp:7[m[K:
[01m[K/home/drymer/ros2_ws/build/robot_interfaces/rosidl_generator_cpp/robot_interfaces/msg/detail/stereo_images__struct.hpp:20:10:[m[K [01;31m[Kfatal error: [m[Krobot_interfaces/msg/detail/int32__struct.hpp: No such file or directory
   20 | #include [01;31m[K"robot_interfaces/msg/detail/int32__struct.hpp"[m[K
      |          [01;31m[K^~~~~~~~~~~~~~~~~~~~~~~~~~~~~~~~~~~~~~~~~~~~~~~[m[K
compilation terminated.
gmake[2]: *** [CMakeFiles/robot_interfaces__rosidl_typesupport_cpp.dir/build.make:165: CMakeFiles/robot_interfaces__rosidl_typesupport_cpp.dir/rosidl_typesupport_cpp/robot_interfaces/msg/stereo_images__type_support.cpp.o] Error 1
gmake[2]: *** Waiting for unfinished jobs....
In file included from [01m[K/home/drymer/ros2_ws/build/robot_interfaces/rosidl_typesupport_introspection_cpp/robot_interfaces/msg/detail/stereo_images__type_support.cpp:12[m[K:
[01m[K/home/drymer/ros2_ws/build/robot_interfaces/rosidl_generator_cpp/robot_interfaces/msg/detail/stereo_images__struct.hpp:20:10:[m[K [01;31m[Kfatal error: [m[Krobot_interfaces/msg/detail/int32__struct.hpp: No such file or directory
   20 | #include [01;31m[K"robot_interfaces/msg/detail/int32__struct.hpp"[m[K
      |          [01;31m[K^~~~~~~~~~~~~~~~~~~~~~~~~~~~~~~~~~~~~~~~~~~~~~~[m[K
compilation terminated.
gmake[2]: *** [CMakeFiles/robot_interfaces__rosidl_typesupport_introspection_cpp.dir/build.make:182: CMakeFiles/robot_interfaces__rosidl_typesupport_introspection_cpp.dir/rosidl_typesupport_introspection_cpp/robot_interfaces/msg/detail/stereo_images__type_support.cpp.o] Error 1
gmake[2]: *** Waiting for unfinished jobs....
In file included from [01m[K/home/drymer/ros2_ws/build/robot_interfaces/rosidl_typesupport_fastrtps_cpp/robot_interfaces/msg/detail/stereo_images__rosidl_typesupport_fastrtps_cpp.hpp:11[m[K,
                 from [01m[K/home/drymer/ros2_ws/build/robot_interfaces/rosidl_typesupport_fastrtps_cpp/robot_interfaces/msg/detail/dds_fastrtps/stereo_images__type_support.cpp:4[m[K:
[01m[K/home/drymer/ros2_ws/build/robot_interfaces/rosidl_generator_cpp/robot_interfaces/msg/detail/stereo_images__struct.hpp:20:10:[m[K [01;31m[Kfatal error: [m[Krobot_interfaces/msg/detail/int32__struct.hpp: No such file or directory
   20 | #include [01;31m[K"robot_interfaces/msg/detail/int32__struct.hpp"[m[K
      |          [01;31m[K^~~~~~~~~~~~~~~~~~~~~~~~~~~~~~~~~~~~~~~~~~~~~~~[m[K
compilation terminated.
gmake[2]: *** [CMakeFiles/robot_interfaces__rosidl_typesupport_fastrtps_cpp.dir/build.make:182: CMakeFiles/robot_interfaces__rosidl_typesupport_fastrtps_cpp.dir/rosidl_typesupport_fastrtps_cpp/robot_interfaces/msg/detail/dds_fastrtps/stereo_images__type_support.cpp.o] Error 1
gmake[2]: *** Waiting for unfinished jobs....
gmake[1]: *** [CMakeFiles/Makefile2:395: CMakeFiles/robot_interfaces__rosidl_typesupport_cpp.dir/all] Error 2
gmake[1]: *** [CMakeFiles/Makefile2:369: CMakeFiles/robot_interfaces__rosidl_typesupport_introspection_cpp.dir/all] Error 2
gmake[1]: *** [CMakeFiles/Makefile2:291: CMakeFiles/robot_interfaces__rosidl_typesupport_fastrtps_cpp.dir/all] Error 2
gmake: *** [Makefile:146: all] Error 2
