[0.012s] Invoking command in '/home/drymer/ros2_ws/build/robot_interfaces': CMAKE_PREFIX_PATH=${CMAKE_PREFIX_PATH}:/home/drymer/ros2_ws/install/py_srvcli:/home/drymer/ros2_ws/install/py_pubsub:/home/drymer/ros2_ws/install/robot_system:/home/drymer/ros2_ws/install/py_robottest:/home/drymer/ros2_ws/install/python_parameters:/home/drymer/ros2_ws/install/my_package:/opt/ros/humble /usr/bin/cmake --build /home/drymer/ros2_ws/build/robot_interfaces -- -j12 -l12
[0.032s] -- Found ament_cmake: 1.3.10 (/opt/ros/humble/share/ament_cmake/cmake)
[0.152s] -- Found ament_lint_auto: 0.12.11 (/opt/ros/humble/share/ament_lint_auto/cmake)
[0.213s] -- Found geometry_msgs: 4.2.4 (/opt/ros/humble/share/geometry_msgs/cmake)
[0.384s] -- Found rosidl_generator_c: 3.1.5 (/opt/ros/humble/share/rosidl_generator_c/cmake)
[0.386s] -- Found rosidl_adapter: 3.1.5 (/opt/ros/humble/share/rosidl_adapter/cmake)
[0.391s] -- Found rosidl_generator_cpp: 3.1.5 (/opt/ros/humble/share/rosidl_generator_cpp/cmake)
[0.399s] -- Using all available rosidl_typesupport_c: rosidl_typesupport_fastrtps_c;rosidl_typesupport_introspection_c
[0.410s] -- Using all available rosidl_typesupport_cpp: rosidl_typesupport_fastrtps_cpp;rosidl_typesupport_introspection_cpp
[0.442s] -- Found rosidl_default_generators: 1.2.0 (/opt/ros/humble/share/rosidl_default_generators/cmake)
[0.646s] -- Found ament_cmake_ros: 0.10.0 (/opt/ros/humble/share/ament_cmake_ros/cmake)
[0.912s] -- Using all available rosidl_typesupport_c: rosidl_typesupport_fastrtps_c;rosidl_typesupport_introspection_c
[1.023s] -- Using all available rosidl_typesupport_cpp: rosidl_typesupport_fastrtps_cpp;rosidl_typesupport_introspection_cpp
[1.044s] -- Found python_cmake_module: 0.10.0 (/opt/ros/humble/share/python_cmake_module/cmake)
[1.066s] -- Using PYTHON_EXECUTABLE: /usr/bin/python3
[1.066s] -- Using PYTHON_INCLUDE_DIRS: /usr/include/python3.10
[1.066s] -- Using PYTHON_LIBRARIES: /usr/lib/x86_64-linux-gnu/libpython3.10.so
[1.090s] -- Added test 'lint_cmake' to check CMake code style
[1.090s] -- Added test 'xmllint' to check XML markup files
[1.093s] -- Configuring done
[1.129s] -- Generating done
[1.132s] -- Build files have been written to: /home/drymer/ros2_ws/build/robot_interfaces
[1.154s] [  1%] [34m[1mGenerating C code for ROS interfaces[0m
[1.163s] [  3%] [34m[1mGenerating C++ code for ROS interfaces[0m
[1.173s] [  3%] Built target ament_cmake_python_copy_robot_interfaces
[1.475s] running egg_info
[1.475s] writing robot_interfaces.egg-info/PKG-INFO
[1.476s] writing dependency_links to robot_interfaces.egg-info/dependency_links.txt
[1.476s] writing top-level names to robot_interfaces.egg-info/top_level.txt
[1.478s] reading manifest file 'robot_interfaces.egg-info/SOURCES.txt'
[1.479s] writing manifest file 'robot_interfaces.egg-info/SOURCES.txt'
[1.501s] [  3%] Built target ament_cmake_python_build_robot_interfaces_egg
[1.749s] [  3%] Built target robot_interfaces__cpp
[1.758s] [  6%] [34m[1mGenerating C++ type support for eProsima Fast-RTPS[0m
[1.758s] [  6%] [34m[1mGenerating C++ introspection for ROS interfaces[0m
[1.758s] [  7%] [34m[1mGenerating C++ type support dispatch for ROS interfaces[0m
[1.809s] [35m[1mConsolidate compiler generated dependencies of target robot_interfaces__rosidl_generator_c[0m
[1.822s] [  9%] [32mBuilding C object CMakeFiles/robot_interfaces__rosidl_generator_c.dir/rosidl_generator_c/robot_interfaces/action/detail/motor_control__functions.c.o[0m
[1.823s] [ 11%] [32mBuilding C object CMakeFiles/robot_interfaces__rosidl_generator_c.dir/rosidl_generator_c/robot_interfaces/msg/detail/motor_feedback__functions.c.o[0m
[1.824s] [ 12%] [32mBuilding C object CMakeFiles/robot_interfaces__rosidl_generator_c.dir/rosidl_generator_c/robot_interfaces/msg/detail/vision_data__functions.c.o[0m
[1.824s] [ 14%] [32mBuilding C object CMakeFiles/robot_interfaces__rosidl_generator_c.dir/rosidl_generator_c/robot_interfaces/msg/detail/controller_command__functions.c.o[0m
[1.824s] [ 15%] [32mBuilding C object CMakeFiles/robot_interfaces__rosidl_generator_c.dir/rosidl_generator_c/robot_interfaces/msg/detail/stereo_images__functions.c.o[0m
[1.842s] In file included from [01m[K/home/drymer/ros2_ws/build/robot_interfaces/rosidl_generator_c/robot_interfaces/msg/detail/stereo_images__functions.h:19[m[K,
[1.842s]                  from [01m[K/home/drymer/ros2_ws/build/robot_interfaces/rosidl_generator_c/robot_interfaces/msg/detail/stereo_images__functions.c:4[m[K:
[1.842s] [01m[K/home/drymer/ros2_ws/build/robot_interfaces/rosidl_generator_c/robot_interfaces/msg/detail/stereo_images__struct.h:24:10:[m[K [01;31m[Kfatal error: [m[Krobot_interfaces/msg/detail/int32__struct.h: No such file or directory
[1.843s]    24 | #include [01;31m[K"robot_interfaces/msg/detail/int32__struct.h"[m[K
[1.843s]       |          [01;31m[K^~~~~~~~~~~~~~~~~~~~~~~~~~~~~~~~~~~~~~~~~~~~~[m[K
[1.843s] compilation terminated.
[1.843s] gmake[2]: *** [CMakeFiles/robot_interfaces__rosidl_generator_c.dir/build.make:232: CMakeFiles/robot_interfaces__rosidl_generator_c.dir/rosidl_generator_c/robot_interfaces/msg/detail/stereo_images__functions.c.o] Error 1
[1.844s] gmake[2]: *** Waiting for unfinished jobs....
[1.985s] gmake[1]: *** [CMakeFiles/Makefile2:213: CMakeFiles/robot_interfaces__rosidl_generator_c.dir/all] Error 2
[1.985s] gmake[1]: *** Waiting for unfinished jobs....
[2.160s] [35m[1mConsolidate compiler generated dependencies of target robot_interfaces__rosidl_typesupport_cpp[0m
[2.174s] [ 17%] [32mBuilding CXX object CMakeFiles/robot_interfaces__rosidl_typesupport_cpp.dir/rosidl_typesupport_cpp/robot_interfaces/msg/motor_feedback__type_support.cpp.o[0m
[2.176s] [ 19%] [32mBuilding CXX object CMakeFiles/robot_interfaces__rosidl_typesupport_cpp.dir/rosidl_typesupport_cpp/robot_interfaces/msg/stereo_images__type_support.cpp.o[0m
[2.177s] [ 22%] [32mBuilding CXX object CMakeFiles/robot_interfaces__rosidl_typesupport_cpp.dir/rosidl_typesupport_cpp/robot_interfaces/action/motor_control__type_support.cpp.o[0m
[2.177s] [ 22%] [32mBuilding CXX object CMakeFiles/robot_interfaces__rosidl_typesupport_cpp.dir/rosidl_typesupport_cpp/robot_interfaces/msg/vision_data__type_support.cpp.o[0m
[2.177s] [ 23%] [32mBuilding CXX object CMakeFiles/robot_interfaces__rosidl_typesupport_cpp.dir/rosidl_typesupport_cpp/robot_interfaces/msg/controller_command__type_support.cpp.o[0m
[2.248s] In file included from [01m[K/home/drymer/ros2_ws/build/robot_interfaces/rosidl_typesupport_cpp/robot_interfaces/msg/stereo_images__type_support.cpp:7[m[K:
[2.248s] [01m[K/home/drymer/ros2_ws/build/robot_interfaces/rosidl_generator_cpp/robot_interfaces/msg/detail/stereo_images__struct.hpp:20:10:[m[K [01;31m[Kfatal error: [m[Krobot_interfaces/msg/detail/int32__struct.hpp: No such file or directory
[2.248s]    20 | #include [01;31m[K"robot_interfaces/msg/detail/int32__struct.hpp"[m[K
[2.248s]       |          [01;31m[K^~~~~~~~~~~~~~~~~~~~~~~~~~~~~~~~~~~~~~~~~~~~~~~[m[K
[2.248s] compilation terminated.
[2.249s] gmake[2]: *** [CMakeFiles/robot_interfaces__rosidl_typesupport_cpp.dir/build.make:165: CMakeFiles/robot_interfaces__rosidl_typesupport_cpp.dir/rosidl_typesupport_cpp/robot_interfaces/msg/stereo_images__type_support.cpp.o] Error 1
[2.249s] gmake[2]: *** Waiting for unfinished jobs....
[2.367s] [35m[1mConsolidate compiler generated dependencies of target robot_interfaces__rosidl_typesupport_introspection_cpp[0m
[2.386s] [ 25%] [32mBuilding CXX object CMakeFiles/robot_interfaces__rosidl_typesupport_introspection_cpp.dir/rosidl_typesupport_introspection_cpp/robot_interfaces/msg/detail/controller_command__type_support.cpp.o[0m
[2.387s] [ 28%] [32mBuilding CXX object CMakeFiles/robot_interfaces__rosidl_typesupport_introspection_cpp.dir/rosidl_typesupport_introspection_cpp/robot_interfaces/action/detail/motor_control__type_support.cpp.o[0m
[2.387s] [ 28%] [32mBuilding CXX object CMakeFiles/robot_interfaces__rosidl_typesupport_introspection_cpp.dir/rosidl_typesupport_introspection_cpp/robot_interfaces/msg/detail/motor_feedback__type_support.cpp.o[0m
[2.388s] [ 30%] [32mBuilding CXX object CMakeFiles/robot_interfaces__rosidl_typesupport_introspection_cpp.dir/rosidl_typesupport_introspection_cpp/robot_interfaces/msg/detail/vision_data__type_support.cpp.o[0m
[2.390s] [ 31%] [32mBuilding CXX object CMakeFiles/robot_interfaces__rosidl_typesupport_introspection_cpp.dir/rosidl_typesupport_introspection_cpp/robot_interfaces/msg/detail/stereo_images__type_support.cpp.o[0m
[2.446s] [35m[1mConsolidate compiler generated dependencies of target robot_interfaces__rosidl_typesupport_fastrtps_cpp[0m
[2.472s] [ 33%] [32mBuilding CXX object CMakeFiles/robot_interfaces__rosidl_typesupport_fastrtps_cpp.dir/rosidl_typesupport_fastrtps_cpp/robot_interfaces/msg/detail/dds_fastrtps/motor_feedback__type_support.cpp.o[0m
[2.474s] [ 34%] [32mBuilding CXX object CMakeFiles/robot_interfaces__rosidl_typesupport_fastrtps_cpp.dir/rosidl_typesupport_fastrtps_cpp/robot_interfaces/msg/detail/dds_fastrtps/vision_data__type_support.cpp.o[0m
[2.479s] [ 36%] [32mBuilding CXX object CMakeFiles/robot_interfaces__rosidl_typesupport_fastrtps_cpp.dir/rosidl_typesupport_fastrtps_cpp/robot_interfaces/action/detail/dds_fastrtps/motor_control__type_support.cpp.o[0m
[2.508s] In file included from [01m[K/home/drymer/ros2_ws/build/robot_interfaces/rosidl_typesupport_introspection_cpp/robot_interfaces/msg/detail/stereo_images__type_support.cpp:12[m[K:
[2.508s] [01m[K/home/drymer/ros2_ws/build/robot_interfaces/rosidl_generator_cpp/robot_interfaces/msg/detail/stereo_images__struct.hpp:20:10:[m[K [01;31m[Kfatal error: [m[Krobot_interfaces/msg/detail/int32__struct.hpp: No such file or directory
[2.508s]    20 | #include [01;31m[K"robot_interfaces/msg/detail/int32__struct.hpp"[m[K
[2.508s]       |          [01;31m[K^~~~~~~~~~~~~~~~~~~~~~~~~~~~~~~~~~~~~~~~~~~~~~~[m[K
[2.508s] compilation terminated.
[2.511s] gmake[2]: *** [CMakeFiles/robot_interfaces__rosidl_typesupport_introspection_cpp.dir/build.make:182: CMakeFiles/robot_interfaces__rosidl_typesupport_introspection_cpp.dir/rosidl_typesupport_introspection_cpp/robot_interfaces/msg/detail/stereo_images__type_support.cpp.o] Error 1
[2.511s] gmake[2]: *** Waiting for unfinished jobs....
[2.524s] [ 38%] [32mBuilding CXX object CMakeFiles/robot_interfaces__rosidl_typesupport_fastrtps_cpp.dir/rosidl_typesupport_fastrtps_cpp/robot_interfaces/msg/detail/dds_fastrtps/controller_command__type_support.cpp.o[0m
[2.571s] [ 39%] [32mBuilding CXX object CMakeFiles/robot_interfaces__rosidl_typesupport_fastrtps_cpp.dir/rosidl_typesupport_fastrtps_cpp/robot_interfaces/msg/detail/dds_fastrtps/stereo_images__type_support.cpp.o[0m
[2.669s] In file included from [01m[K/home/drymer/ros2_ws/build/robot_interfaces/rosidl_typesupport_fastrtps_cpp/robot_interfaces/msg/detail/stereo_images__rosidl_typesupport_fastrtps_cpp.hpp:11[m[K,
[2.670s]                  from [01m[K/home/drymer/ros2_ws/build/robot_interfaces/rosidl_typesupport_fastrtps_cpp/robot_interfaces/msg/detail/dds_fastrtps/stereo_images__type_support.cpp:4[m[K:
[2.670s] [01m[K/home/drymer/ros2_ws/build/robot_interfaces/rosidl_generator_cpp/robot_interfaces/msg/detail/stereo_images__struct.hpp:20:10:[m[K [01;31m[Kfatal error: [m[Krobot_interfaces/msg/detail/int32__struct.hpp: No such file or directory
[2.670s]    20 | #include [01;31m[K"robot_interfaces/msg/detail/int32__struct.hpp"[m[K
[2.670s]       |          [01;31m[K^~~~~~~~~~~~~~~~~~~~~~~~~~~~~~~~~~~~~~~~~~~~~~~[m[K
[2.670s] compilation terminated.
[2.672s] gmake[2]: *** [CMakeFiles/robot_interfaces__rosidl_typesupport_fastrtps_cpp.dir/build.make:182: CMakeFiles/robot_interfaces__rosidl_typesupport_fastrtps_cpp.dir/rosidl_typesupport_fastrtps_cpp/robot_interfaces/msg/detail/dds_fastrtps/stereo_images__type_support.cpp.o] Error 1
[2.672s] gmake[2]: *** Waiting for unfinished jobs....
[2.859s] gmake[1]: *** [CMakeFiles/Makefile2:395: CMakeFiles/robot_interfaces__rosidl_typesupport_cpp.dir/all] Error 2
[3.180s] gmake[1]: *** [CMakeFiles/Makefile2:369: CMakeFiles/robot_interfaces__rosidl_typesupport_introspection_cpp.dir/all] Error 2
[3.219s] gmake[1]: *** [CMakeFiles/Makefile2:291: CMakeFiles/robot_interfaces__rosidl_typesupport_fastrtps_cpp.dir/all] Error 2
[3.220s] gmake: *** [Makefile:146: all] Error 2
[3.221s] Invoked command in '/home/drymer/ros2_ws/build/robot_interfaces' returned '2': CMAKE_PREFIX_PATH=${CMAKE_PREFIX_PATH}:/home/drymer/ros2_ws/install/py_srvcli:/home/drymer/ros2_ws/install/py_pubsub:/home/drymer/ros2_ws/install/robot_system:/home/drymer/ros2_ws/install/py_robottest:/home/drymer/ros2_ws/install/python_parameters:/home/drymer/ros2_ws/install/my_package:/opt/ros/humble /usr/bin/cmake --build /home/drymer/ros2_ws/build/robot_interfaces -- -j12 -l12
