[0.421s] DEBUG:colcon:Command line arguments: ['/home/drymer/.local/bin/colcon', 'build', '--packages-select', 'robot_system']
[0.421s] DEBUG:colcon:Parsed command line arguments: Namespace(log_base=None, log_level=None, verb_name='build', build_base='build', install_base='install', merge_install=False, symlink_install=False, test_result_base=None, continue_on_error=False, executor='parallel', parallel_workers=12, event_handlers=None, ignore_user_meta=False, metas=['./colcon.meta'], base_paths=['.'], packages_ignore=None, packages_ignore_regex=None, paths=None, packages_up_to=None, packages_up_to_regex=None, packages_above=None, packages_above_and_dependencies=None, packages_above_depth=None, packages_select_by_dep=None, packages_skip_by_dep=None, packages_skip_up_to=None, packages_select_build_failed=False, packages_skip_build_finished=False, packages_select_test_failures=False, packages_skip_test_passed=False, packages_select=['robot_system'], packages_skip=None, packages_select_regex=None, packages_skip_regex=None, packages_start=None, packages_end=None, allow_overriding=[], cmake_args=None, cmake_target=None, cmake_target_skip_unavailable=False, cmake_clean_cache=False, cmake_clean_first=False, cmake_force_configure=False, ament_cmake_args=None, catkin_cmake_args=None, catkin_skip_building_tests=False, verb_parser=<colcon_defaults.argument_parser.defaults.DefaultArgumentsDecorator object at 0x7f9b5a9845e0>, verb_extension=<colcon_core.verb.build.BuildVerb object at 0x7f9b5a984070>, main=<bound method BuildVerb.main of <colcon_core.verb.build.BuildVerb object at 0x7f9b5a984070>>)
[0.769s] Level 1:colcon.colcon_core.package_discovery:discover_packages(colcon_meta) check parameters
[0.770s] Level 1:colcon.colcon_core.package_discovery:discover_packages(recursive) check parameters
[0.770s] Level 1:colcon.colcon_core.package_discovery:discover_packages(ignore) check parameters
[0.770s] Level 1:colcon.colcon_core.package_discovery:discover_packages(path) check parameters
[0.770s] Level 1:colcon.colcon_core.package_discovery:discover_packages(colcon_meta) discover
[0.770s] Level 1:colcon.colcon_core.package_discovery:discover_packages(recursive) discover
[0.770s] INFO:colcon.colcon_core.package_discovery:Crawling recursively for packages in '/home/drymer/ros2_ws'
[0.770s] Level 1:colcon.colcon_core.package_identification:_identify(.) by extensions ['ignore', 'ignore_ament_install']
[0.771s] Level 1:colcon.colcon_core.package_identification:_identify(.) by extension 'ignore'
[0.771s] Level 1:colcon.colcon_core.package_identification:_identify(.) by extension 'ignore_ament_install'
[0.771s] Level 1:colcon.colcon_core.package_identification:_identify(.) by extensions ['colcon_pkg']
[0.771s] Level 1:colcon.colcon_core.package_identification:_identify(.) by extension 'colcon_pkg'
[0.771s] Level 1:colcon.colcon_core.package_identification:_identify(.) by extensions ['colcon_meta']
[0.771s] Level 1:colcon.colcon_core.package_identification:_identify(.) by extension 'colcon_meta'
[0.771s] Level 1:colcon.colcon_core.package_identification:_identify(.) by extensions ['ros']
[0.771s] Level 1:colcon.colcon_core.package_identification:_identify(.) by extension 'ros'
[0.790s] Level 1:colcon.colcon_core.package_identification:_identify(.) by extensions ['cmake', 'python']
[0.790s] Level 1:colcon.colcon_core.package_identification:_identify(.) by extension 'cmake'
[0.790s] Level 1:colcon.colcon_core.package_identification:_identify(.) by extension 'python'
[0.790s] Level 1:colcon.colcon_core.package_identification:_identify(.) by extensions ['python_setup_py']
[0.790s] Level 1:colcon.colcon_core.package_identification:_identify(.) by extension 'python_setup_py'
[0.791s] Level 1:colcon.colcon_core.package_identification:_identify(build) by extensions ['ignore', 'ignore_ament_install']
[0.791s] Level 1:colcon.colcon_core.package_identification:_identify(build) by extension 'ignore'
[0.791s] Level 1:colcon.colcon_core.package_identification:_identify(build) ignored
[0.791s] Level 1:colcon.colcon_core.package_identification:_identify(install) by extensions ['ignore', 'ignore_ament_install']
[0.791s] Level 1:colcon.colcon_core.package_identification:_identify(install) by extension 'ignore'
[0.791s] Level 1:colcon.colcon_core.package_identification:_identify(install) ignored
[0.792s] Level 1:colcon.colcon_core.package_identification:_identify(log) by extensions ['ignore', 'ignore_ament_install']
[0.792s] Level 1:colcon.colcon_core.package_identification:_identify(log) by extension 'ignore'
[0.792s] Level 1:colcon.colcon_core.package_identification:_identify(log) ignored
[0.792s] Level 1:colcon.colcon_core.package_identification:_identify(src) by extensions ['ignore', 'ignore_ament_install']
[0.792s] Level 1:colcon.colcon_core.package_identification:_identify(src) by extension 'ignore'
[0.792s] Level 1:colcon.colcon_core.package_identification:_identify(src) by extension 'ignore_ament_install'
[0.792s] Level 1:colcon.colcon_core.package_identification:_identify(src) by extensions ['colcon_pkg']
[0.792s] Level 1:colcon.colcon_core.package_identification:_identify(src) by extension 'colcon_pkg'
[0.793s] Level 1:colcon.colcon_core.package_identification:_identify(src) by extensions ['colcon_meta']
[0.793s] Level 1:colcon.colcon_core.package_identification:_identify(src) by extension 'colcon_meta'
[0.793s] Level 1:colcon.colcon_core.package_identification:_identify(src) by extensions ['ros']
[0.793s] Level 1:colcon.colcon_core.package_identification:_identify(src) by extension 'ros'
[0.793s] Level 1:colcon.colcon_core.package_identification:_identify(src) by extensions ['cmake', 'python']
[0.793s] Level 1:colcon.colcon_core.package_identification:_identify(src) by extension 'cmake'
[0.793s] Level 1:colcon.colcon_core.package_identification:_identify(src) by extension 'python'
[0.793s] Level 1:colcon.colcon_core.package_identification:_identify(src) by extensions ['python_setup_py']
[0.793s] Level 1:colcon.colcon_core.package_identification:_identify(src) by extension 'python_setup_py'
[0.793s] Level 1:colcon.colcon_core.package_identification:_identify(src/action_tutorials_interfaces) by extensions ['ignore', 'ignore_ament_install']
[0.793s] Level 1:colcon.colcon_core.package_identification:_identify(src/action_tutorials_interfaces) by extension 'ignore'
[0.794s] Level 1:colcon.colcon_core.package_identification:_identify(src/action_tutorials_interfaces) by extension 'ignore_ament_install'
[0.794s] Level 1:colcon.colcon_core.package_identification:_identify(src/action_tutorials_interfaces) by extensions ['colcon_pkg']
[0.794s] Level 1:colcon.colcon_core.package_identification:_identify(src/action_tutorials_interfaces) by extension 'colcon_pkg'
[0.794s] Level 1:colcon.colcon_core.package_identification:_identify(src/action_tutorials_interfaces) by extensions ['colcon_meta']
[0.794s] Level 1:colcon.colcon_core.package_identification:_identify(src/action_tutorials_interfaces) by extension 'colcon_meta'
[0.794s] Level 1:colcon.colcon_core.package_identification:_identify(src/action_tutorials_interfaces) by extensions ['ros']
[0.794s] Level 1:colcon.colcon_core.package_identification:_identify(src/action_tutorials_interfaces) by extension 'ros'
[0.798s] DEBUG:colcon.colcon_core.package_identification:Package 'src/action_tutorials_interfaces' with type 'ros.ament_cmake' and name 'action_tutorials_interfaces'
[0.798s] Level 1:colcon.colcon_core.package_identification:_identify(src/my_package) by extensions ['ignore', 'ignore_ament_install']
[0.798s] Level 1:colcon.colcon_core.package_identification:_identify(src/my_package) by extension 'ignore'
[0.798s] Level 1:colcon.colcon_core.package_identification:_identify(src/my_package) by extension 'ignore_ament_install'
[0.799s] Level 1:colcon.colcon_core.package_identification:_identify(src/my_package) by extensions ['colcon_pkg']
[0.799s] Level 1:colcon.colcon_core.package_identification:_identify(src/my_package) by extension 'colcon_pkg'
[0.799s] Level 1:colcon.colcon_core.package_identification:_identify(src/my_package) by extensions ['colcon_meta']
[0.799s] Level 1:colcon.colcon_core.package_identification:_identify(src/my_package) by extension 'colcon_meta'
[0.799s] Level 1:colcon.colcon_core.package_identification:_identify(src/my_package) by extensions ['ros']
[0.799s] Level 1:colcon.colcon_core.package_identification:_identify(src/my_package) by extension 'ros'
[0.800s] DEBUG:colcon.colcon_core.package_identification:Package 'src/my_package' with type 'ros.ament_python' and name 'my_package'
[0.800s] Level 1:colcon.colcon_core.package_identification:_identify(src/py_pubsub) by extensions ['ignore', 'ignore_ament_install']
[0.800s] Level 1:colcon.colcon_core.package_identification:_identify(src/py_pubsub) by extension 'ignore'
[0.800s] Level 1:colcon.colcon_core.package_identification:_identify(src/py_pubsub) by extension 'ignore_ament_install'
[0.800s] Level 1:colcon.colcon_core.package_identification:_identify(src/py_pubsub) by extensions ['colcon_pkg']
[0.801s] Level 1:colcon.colcon_core.package_identification:_identify(src/py_pubsub) by extension 'colcon_pkg'
[0.801s] Level 1:colcon.colcon_core.package_identification:_identify(src/py_pubsub) by extensions ['colcon_meta']
[0.801s] Level 1:colcon.colcon_core.package_identification:_identify(src/py_pubsub) by extension 'colcon_meta'
[0.801s] Level 1:colcon.colcon_core.package_identification:_identify(src/py_pubsub) by extensions ['ros']
[0.801s] Level 1:colcon.colcon_core.package_identification:_identify(src/py_pubsub) by extension 'ros'
[0.802s] DEBUG:colcon.colcon_core.package_identification:Package 'src/py_pubsub' with type 'ros.ament_python' and name 'py_pubsub'
[0.802s] Level 1:colcon.colcon_core.package_identification:_identify(src/py_robottest) by extensions ['ignore', 'ignore_ament_install']
[0.802s] Level 1:colcon.colcon_core.package_identification:_identify(src/py_robottest) by extension 'ignore'
[0.802s] Level 1:colcon.colcon_core.package_identification:_identify(src/py_robottest) by extension 'ignore_ament_install'
[0.802s] Level 1:colcon.colcon_core.package_identification:_identify(src/py_robottest) by extensions ['colcon_pkg']
[0.802s] Level 1:colcon.colcon_core.package_identification:_identify(src/py_robottest) by extension 'colcon_pkg'
[0.802s] Level 1:colcon.colcon_core.package_identification:_identify(src/py_robottest) by extensions ['colcon_meta']
[0.802s] Level 1:colcon.colcon_core.package_identification:_identify(src/py_robottest) by extension 'colcon_meta'
[0.802s] Level 1:colcon.colcon_core.package_identification:_identify(src/py_robottest) by extensions ['ros']
[0.802s] Level 1:colcon.colcon_core.package_identification:_identify(src/py_robottest) by extension 'ros'
[0.803s] DEBUG:colcon.colcon_core.package_identification:Package 'src/py_robottest' with type 'ros.ament_python' and name 'py_robottest'
[0.803s] Level 1:colcon.colcon_core.package_identification:_identify(src/py_srvcli) by extensions ['ignore', 'ignore_ament_install']
[0.804s] Level 1:colcon.colcon_core.package_identification:_identify(src/py_srvcli) by extension 'ignore'
[0.804s] Level 1:colcon.colcon_core.package_identification:_identify(src/py_srvcli) by extension 'ignore_ament_install'
[0.804s] Level 1:colcon.colcon_core.package_identification:_identify(src/py_srvcli) by extensions ['colcon_pkg']
[0.804s] Level 1:colcon.colcon_core.package_identification:_identify(src/py_srvcli) by extension 'colcon_pkg'
[0.804s] Level 1:colcon.colcon_core.package_identification:_identify(src/py_srvcli) by extensions ['colcon_meta']
[0.804s] Level 1:colcon.colcon_core.package_identification:_identify(src/py_srvcli) by extension 'colcon_meta'
[0.804s] Level 1:colcon.colcon_core.package_identification:_identify(src/py_srvcli) by extensions ['ros']
[0.804s] Level 1:colcon.colcon_core.package_identification:_identify(src/py_srvcli) by extension 'ros'
[0.805s] DEBUG:colcon.colcon_core.package_identification:Package 'src/py_srvcli' with type 'ros.ament_python' and name 'py_srvcli'
[0.805s] Level 1:colcon.colcon_core.package_identification:_identify(src/python_parameters) by extensions ['ignore', 'ignore_ament_install']
[0.805s] Level 1:colcon.colcon_core.package_identification:_identify(src/python_parameters) by extension 'ignore'
[0.805s] Level 1:colcon.colcon_core.package_identification:_identify(src/python_parameters) by extension 'ignore_ament_install'
[0.806s] Level 1:colcon.colcon_core.package_identification:_identify(src/python_parameters) by extensions ['colcon_pkg']
[0.806s] Level 1:colcon.colcon_core.package_identification:_identify(src/python_parameters) by extension 'colcon_pkg'
[0.806s] Level 1:colcon.colcon_core.package_identification:_identify(src/python_parameters) by extensions ['colcon_meta']
[0.806s] Level 1:colcon.colcon_core.package_identification:_identify(src/python_parameters) by extension 'colcon_meta'
[0.806s] Level 1:colcon.colcon_core.package_identification:_identify(src/python_parameters) by extensions ['ros']
[0.806s] Level 1:colcon.colcon_core.package_identification:_identify(src/python_parameters) by extension 'ros'
[0.807s] DEBUG:colcon.colcon_core.package_identification:Package 'src/python_parameters' with type 'ros.ament_python' and name 'python_parameters'
[0.807s] Level 1:colcon.colcon_core.package_identification:_identify(src/robot_interfaces) by extensions ['ignore', 'ignore_ament_install']
[0.807s] Level 1:colcon.colcon_core.package_identification:_identify(src/robot_interfaces) by extension 'ignore'
[0.808s] Level 1:colcon.colcon_core.package_identification:_identify(src/robot_interfaces) by extension 'ignore_ament_install'
[0.808s] Level 1:colcon.colcon_core.package_identification:_identify(src/robot_interfaces) by extensions ['colcon_pkg']
[0.808s] Level 1:colcon.colcon_core.package_identification:_identify(src/robot_interfaces) by extension 'colcon_pkg'
[0.808s] Level 1:colcon.colcon_core.package_identification:_identify(src/robot_interfaces) by extensions ['colcon_meta']
[0.808s] Level 1:colcon.colcon_core.package_identification:_identify(src/robot_interfaces) by extension 'colcon_meta'
[0.808s] Level 1:colcon.colcon_core.package_identification:_identify(src/robot_interfaces) by extensions ['ros']
[0.808s] Level 1:colcon.colcon_core.package_identification:_identify(src/robot_interfaces) by extension 'ros'
[0.809s] DEBUG:colcon.colcon_core.package_identification:Package 'src/robot_interfaces' with type 'ros.ament_cmake' and name 'robot_interfaces'
[0.809s] Level 1:colcon.colcon_core.package_identification:_identify(src/robot_system) by extensions ['ignore', 'ignore_ament_install']
[0.809s] Level 1:colcon.colcon_core.package_identification:_identify(src/robot_system) by extension 'ignore'
[0.809s] Level 1:colcon.colcon_core.package_identification:_identify(src/robot_system) by extension 'ignore_ament_install'
[0.809s] Level 1:colcon.colcon_core.package_identification:_identify(src/robot_system) by extensions ['colcon_pkg']
[0.809s] Level 1:colcon.colcon_core.package_identification:_identify(src/robot_system) by extension 'colcon_pkg'
[0.809s] Level 1:colcon.colcon_core.package_identification:_identify(src/robot_system) by extensions ['colcon_meta']
[0.810s] Level 1:colcon.colcon_core.package_identification:_identify(src/robot_system) by extension 'colcon_meta'
[0.810s] Level 1:colcon.colcon_core.package_identification:_identify(src/robot_system) by extensions ['ros']
[0.810s] Level 1:colcon.colcon_core.package_identification:_identify(src/robot_system) by extension 'ros'
[0.811s] DEBUG:colcon.colcon_core.package_identification:Package 'src/robot_system' with type 'ros.ament_python' and name 'robot_system'
[0.811s] Level 1:colcon.colcon_core.package_identification:_identify(src/ros_tutorials) by extensions ['ignore', 'ignore_ament_install']
[0.811s] Level 1:colcon.colcon_core.package_identification:_identify(src/ros_tutorials) by extension 'ignore'
[0.811s] Level 1:colcon.colcon_core.package_identification:_identify(src/ros_tutorials) by extension 'ignore_ament_install'
[0.811s] Level 1:colcon.colcon_core.package_identification:_identify(src/ros_tutorials) by extensions ['colcon_pkg']
[0.811s] Level 1:colcon.colcon_core.package_identification:_identify(src/ros_tutorials) by extension 'colcon_pkg'
[0.811s] Level 1:colcon.colcon_core.package_identification:_identify(src/ros_tutorials) by extensions ['colcon_meta']
[0.811s] Level 1:colcon.colcon_core.package_identification:_identify(src/ros_tutorials) by extension 'colcon_meta'
[0.812s] Level 1:colcon.colcon_core.package_identification:_identify(src/ros_tutorials) by extensions ['ros']
[0.812s] Level 1:colcon.colcon_core.package_identification:_identify(src/ros_tutorials) by extension 'ros'
[0.812s] Level 1:colcon.colcon_core.package_identification:_identify(src/ros_tutorials) by extensions ['cmake', 'python']
[0.812s] Level 1:colcon.colcon_core.package_identification:_identify(src/ros_tutorials) by extension 'cmake'
[0.812s] Level 1:colcon.colcon_core.package_identification:_identify(src/ros_tutorials) by extension 'python'
[0.812s] Level 1:colcon.colcon_core.package_identification:_identify(src/ros_tutorials) by extensions ['python_setup_py']
[0.812s] Level 1:colcon.colcon_core.package_identification:_identify(src/ros_tutorials) by extension 'python_setup_py'
[0.812s] Level 1:colcon.colcon_core.package_identification:_identify(src/tutorial_interfaces) by extensions ['ignore', 'ignore_ament_install']
[0.812s] Level 1:colcon.colcon_core.package_identification:_identify(src/tutorial_interfaces) by extension 'ignore'
[0.812s] Level 1:colcon.colcon_core.package_identification:_identify(src/tutorial_interfaces) by extension 'ignore_ament_install'
[0.813s] Level 1:colcon.colcon_core.package_identification:_identify(src/tutorial_interfaces) by extensions ['colcon_pkg']
[0.813s] Level 1:colcon.colcon_core.package_identification:_identify(src/tutorial_interfaces) by extension 'colcon_pkg'
[0.813s] Level 1:colcon.colcon_core.package_identification:_identify(src/tutorial_interfaces) by extensions ['colcon_meta']
[0.813s] Level 1:colcon.colcon_core.package_identification:_identify(src/tutorial_interfaces) by extension 'colcon_meta'
[0.813s] Level 1:colcon.colcon_core.package_identification:_identify(src/tutorial_interfaces) by extensions ['ros']
[0.813s] Level 1:colcon.colcon_core.package_identification:_identify(src/tutorial_interfaces) by extension 'ros'
[0.814s] DEBUG:colcon.colcon_core.package_identification:Package 'src/tutorial_interfaces' with type 'ros.ament_cmake' and name 'tutorial_interfaces'
[0.814s] Level 1:colcon.colcon_core.package_discovery:discover_packages(recursive) using defaults
[0.814s] Level 1:colcon.colcon_core.package_discovery:discover_packages(ignore) discover
[0.814s] Level 1:colcon.colcon_core.package_discovery:discover_packages(ignore) using defaults
[0.814s] Level 1:colcon.colcon_core.package_discovery:discover_packages(path) discover
[0.814s] Level 1:colcon.colcon_core.package_discovery:discover_packages(path) using defaults
[0.847s] INFO:colcon.colcon_core.package_selection:Skipping not selected package 'action_tutorials_interfaces' in 'src/action_tutorials_interfaces'
[0.848s] INFO:colcon.colcon_core.package_selection:Skipping not selected package 'my_package' in 'src/my_package'
[0.848s] INFO:colcon.colcon_core.package_selection:Skipping not selected package 'python_parameters' in 'src/python_parameters'
[0.848s] INFO:colcon.colcon_core.package_selection:Skipping not selected package 'robot_interfaces' in 'src/robot_interfaces'
[0.848s] INFO:colcon.colcon_core.package_selection:Skipping not selected package 'tutorial_interfaces' in 'src/tutorial_interfaces'
[0.848s] INFO:colcon.colcon_core.package_selection:Skipping not selected package 'py_pubsub' in 'src/py_pubsub'
[0.848s] INFO:colcon.colcon_core.package_selection:Skipping not selected package 'py_robottest' in 'src/py_robottest'
[0.848s] INFO:colcon.colcon_core.package_selection:Skipping not selected package 'py_srvcli' in 'src/py_srvcli'
[0.848s] Level 1:colcon.colcon_core.package_discovery:discover_packages(prefix_path) check parameters
[0.849s] Level 1:colcon.colcon_core.package_discovery:discover_packages(prefix_path) discover
[0.852s] DEBUG:colcon.colcon_installed_package_information.package_discovery:Found 10 installed packages in /home/drymer/ros2_ws/install
[0.854s] DEBUG:colcon.colcon_installed_package_information.package_discovery:Found 317 installed packages in /opt/ros/humble
[0.856s] Level 1:colcon.colcon_core.package_discovery:discover_packages(prefix_path) using defaults
[0.934s] Level 5:colcon.colcon_core.verb:set package 'robot_system' build argument 'cmake_args' from command line to 'None'
[0.934s] Level 5:colcon.colcon_core.verb:set package 'robot_system' build argument 'cmake_target' from command line to 'None'
[0.934s] Level 5:colcon.colcon_core.verb:set package 'robot_system' build argument 'cmake_target_skip_unavailable' from command line to 'False'
[0.934s] Level 5:colcon.colcon_core.verb:set package 'robot_system' build argument 'cmake_clean_cache' from command line to 'False'
[0.934s] Level 5:colcon.colcon_core.verb:set package 'robot_system' build argument 'cmake_clean_first' from command line to 'False'
[0.934s] Level 5:colcon.colcon_core.verb:set package 'robot_system' build argument 'cmake_force_configure' from command line to 'False'
[0.934s] Level 5:colcon.colcon_core.verb:set package 'robot_system' build argument 'ament_cmake_args' from command line to 'None'
[0.934s] Level 5:colcon.colcon_core.verb:set package 'robot_system' build argument 'catkin_cmake_args' from command line to 'None'
[0.934s] Level 5:colcon.colcon_core.verb:set package 'robot_system' build argument 'catkin_skip_building_tests' from command line to 'False'
[0.934s] DEBUG:colcon.colcon_core.verb:Building package 'robot_system' with the following arguments: {'ament_cmake_args': None, 'build_base': '/home/drymer/ros2_ws/build/robot_system', 'catkin_cmake_args': None, 'catkin_skip_building_tests': False, 'cmake_args': None, 'cmake_clean_cache': False, 'cmake_clean_first': False, 'cmake_force_configure': False, 'cmake_target': None, 'cmake_target_skip_unavailable': False, 'install_base': '/home/drymer/ros2_ws/install/robot_system', 'merge_install': False, 'path': '/home/drymer/ros2_ws/src/robot_system', 'symlink_install': False, 'test_result_base': None}
[0.935s] INFO:colcon.colcon_core.executor:Executing jobs using 'parallel' executor
[0.936s] DEBUG:colcon.colcon_parallel_executor.executor.parallel:run_until_complete
[0.936s] INFO:colcon.colcon_ros.task.ament_python.build:Building ROS package in '/home/drymer/ros2_ws/src/robot_system' with build type 'ament_python'
[0.937s] Level 1:colcon.colcon_core.shell:create_environment_hook('robot_system', 'ament_prefix_path')
[0.941s] INFO:colcon.colcon_core.plugin_system:Skipping extension 'colcon_core.shell.bat': Not used on non-Windows systems
[0.941s] INFO:colcon.colcon_core.shell:Creating environment hook '/home/drymer/ros2_ws/install/robot_system/share/robot_system/hook/ament_prefix_path.ps1'
[0.942s] INFO:colcon.colcon_core.shell:Creating environment descriptor '/home/drymer/ros2_ws/install/robot_system/share/robot_system/hook/ament_prefix_path.dsv'
[0.943s] INFO:colcon.colcon_core.shell:Creating environment hook '/home/drymer/ros2_ws/install/robot_system/share/robot_system/hook/ament_prefix_path.sh'
[0.944s] INFO:colcon.colcon_core.shell:Skip shell extension 'powershell' for command environment: Not usable outside of PowerShell
[0.944s] DEBUG:colcon.colcon_core.shell:Skip shell extension 'dsv' for command environment
[1.671s] INFO:colcon.colcon_core.task.python.build:Building Python package in '/home/drymer/ros2_ws/src/robot_system'
[1.672s] INFO:colcon.colcon_core.shell:Skip shell extension 'powershell' for command environment: Not usable outside of PowerShell
[1.672s] DEBUG:colcon.colcon_core.shell:Skip shell extension 'dsv' for command environment
[2.663s] DEBUG:colcon.colcon_core.event_handler.log_command:Invoking command in '/home/drymer/ros2_ws/src/robot_system': CMAKE_PREFIX_PATH=/home/drymer/ros2_ws/install/robot_interfaces:/home/drymer/ros2_ws/install/tutorial_interfaces:/home/drymer/ros2_ws/install/turtlesim:/home/drymer/ros2_ws/install/action_tutorials_interfaces LD_LIBRARY_PATH=/home/drymer/ros2_ws/install/robot_interfaces/lib:/home/drymer/ros2_ws/install/tutorial_interfaces/lib:/home/drymer/ros2_ws/install/turtlesim/lib:/home/drymer/ros2_ws/install/action_tutorials_interfaces/lib:/opt/ros/humble/opt/rviz_ogre_vendor/lib:/opt/ros/humble/lib/x86_64-linux-gnu:/opt/ros/humble/lib PYTHONPATH=/home/drymer/ros2_ws/build/robot_system/prefix_override:/home/drymer/.local/lib/python3.10/site-packages/colcon_core/task/python/colcon_distutils_commands:/home/drymer/ros2_ws/install/robot_system/lib/python3.10/site-packages:${PYTHONPATH} /usr/bin/python3 -W ignore:setup.py install is deprecated setup.py egg_info --egg-base ../../build/robot_system build --build-base /home/drymer/ros2_ws/build/robot_system/build install --record /home/drymer/ros2_ws/build/robot_system/install.log --single-version-externally-managed install_data
[3.231s] DEBUG:colcon.colcon_core.event_handler.log_command:Invoked command in '/home/drymer/ros2_ws/src/robot_system' returned '0': CMAKE_PREFIX_PATH=/home/drymer/ros2_ws/install/robot_interfaces:/home/drymer/ros2_ws/install/tutorial_interfaces:/home/drymer/ros2_ws/install/turtlesim:/home/drymer/ros2_ws/install/action_tutorials_interfaces LD_LIBRARY_PATH=/home/drymer/ros2_ws/install/robot_interfaces/lib:/home/drymer/ros2_ws/install/tutorial_interfaces/lib:/home/drymer/ros2_ws/install/turtlesim/lib:/home/drymer/ros2_ws/install/action_tutorials_interfaces/lib:/opt/ros/humble/opt/rviz_ogre_vendor/lib:/opt/ros/humble/lib/x86_64-linux-gnu:/opt/ros/humble/lib PYTHONPATH=/home/drymer/ros2_ws/build/robot_system/prefix_override:/home/drymer/.local/lib/python3.10/site-packages/colcon_core/task/python/colcon_distutils_commands:/home/drymer/ros2_ws/install/robot_system/lib/python3.10/site-packages:${PYTHONPATH} /usr/bin/python3 -W ignore:setup.py install is deprecated setup.py egg_info --egg-base ../../build/robot_system build --build-base /home/drymer/ros2_ws/build/robot_system/build install --record /home/drymer/ros2_ws/build/robot_system/install.log --single-version-externally-managed install_data
[3.237s] Level 1:colcon.colcon_core.environment:checking '/home/drymer/ros2_ws/install/robot_system' for CMake module files
[3.238s] Level 1:colcon.colcon_core.environment:checking '/home/drymer/ros2_ws/install/robot_system' for CMake config files
[3.239s] Level 1:colcon.colcon_core.environment:checking '/home/drymer/ros2_ws/install/robot_system/lib'
[3.240s] Level 1:colcon.colcon_core.environment:checking '/home/drymer/ros2_ws/install/robot_system/bin'
[3.240s] Level 1:colcon.colcon_core.environment:checking '/home/drymer/ros2_ws/install/robot_system/lib/pkgconfig/robot_system.pc'
[3.241s] Level 1:colcon.colcon_core.environment:checking '/home/drymer/ros2_ws/install/robot_system/lib/python3.10/site-packages'
[3.241s] Level 1:colcon.colcon_core.shell:create_environment_hook('robot_system', 'pythonpath')
[3.241s] INFO:colcon.colcon_core.shell:Creating environment hook '/home/drymer/ros2_ws/install/robot_system/share/robot_system/hook/pythonpath.ps1'
[3.242s] INFO:colcon.colcon_core.shell:Creating environment descriptor '/home/drymer/ros2_ws/install/robot_system/share/robot_system/hook/pythonpath.dsv'
[3.243s] INFO:colcon.colcon_core.shell:Creating environment hook '/home/drymer/ros2_ws/install/robot_system/share/robot_system/hook/pythonpath.sh'
[3.244s] Level 1:colcon.colcon_core.environment:checking '/home/drymer/ros2_ws/install/robot_system/bin'
[3.244s] Level 1:colcon.colcon_core.environment:create_environment_scripts_only(robot_system)
[3.245s] INFO:colcon.colcon_core.shell:Creating package script '/home/drymer/ros2_ws/install/robot_system/share/robot_system/package.ps1'
[3.247s] INFO:colcon.colcon_core.shell:Creating package descriptor '/home/drymer/ros2_ws/install/robot_system/share/robot_system/package.dsv'
[3.248s] INFO:colcon.colcon_core.shell:Creating package script '/home/drymer/ros2_ws/install/robot_system/share/robot_system/package.sh'
[3.250s] INFO:colcon.colcon_core.shell:Creating package script '/home/drymer/ros2_ws/install/robot_system/share/robot_system/package.bash'
[3.252s] INFO:colcon.colcon_core.shell:Creating package script '/home/drymer/ros2_ws/install/robot_system/share/robot_system/package.zsh'
[3.254s] Level 1:colcon.colcon_core.environment:create_file_with_runtime_dependencies(/home/drymer/ros2_ws/install/robot_system/share/colcon-core/packages/robot_system)
[3.254s] DEBUG:colcon.colcon_parallel_executor.executor.parallel:closing loop
[3.256s] DEBUG:colcon.colcon_parallel_executor.executor.parallel:loop closed
[3.256s] DEBUG:colcon.colcon_parallel_executor.executor.parallel:run_until_complete finished with '0'
[3.256s] DEBUG:colcon.colcon_core.event_reactor:joining thread
[3.371s] INFO:colcon.colcon_core.plugin_system:Skipping extension 'colcon_notification.desktop_notification.notify_send': Could not find 'notify-send'
[3.372s] INFO:colcon.colcon_core.plugin_system:Skipping extension 'colcon_notification.desktop_notification.terminal_notifier': Not used on non-Darwin systems
[3.372s] INFO:colcon.colcon_core.plugin_system:Skipping extension 'colcon_notification.desktop_notification.win32': Not used on non-Windows systems
[3.372s] INFO:colcon.colcon_notification.desktop_notification:Sending desktop notification using 'notify2'
[3.372s] DEBUG:colcon.colcon_notification.desktop_notification.notify2:Failed to initialize notify2: org.freedesktop.DBus.Error.FileNotFound: Failed to connect to socket /run/user/1000/bus: No such file or directory
[3.372s] DEBUG:colcon.colcon_core.event_reactor:joined thread
[3.373s] INFO:colcon.colcon_core.shell:Creating prefix script '/home/drymer/ros2_ws/install/local_setup.ps1'
[3.376s] INFO:colcon.colcon_core.shell:Creating prefix util module '/home/drymer/ros2_ws/install/_local_setup_util_ps1.py'
[3.381s] INFO:colcon.colcon_core.shell:Creating prefix chain script '/home/drymer/ros2_ws/install/setup.ps1'
[3.386s] INFO:colcon.colcon_core.shell:Creating prefix script '/home/drymer/ros2_ws/install/local_setup.sh'
[3.387s] INFO:colcon.colcon_core.shell:Creating prefix util module '/home/drymer/ros2_ws/install/_local_setup_util_sh.py'
[3.389s] INFO:colcon.colcon_core.shell:Creating prefix chain script '/home/drymer/ros2_ws/install/setup.sh'
[3.393s] INFO:colcon.colcon_core.shell:Creating prefix script '/home/drymer/ros2_ws/install/local_setup.bash'
[3.394s] INFO:colcon.colcon_core.shell:Creating prefix chain script '/home/drymer/ros2_ws/install/setup.bash'
[3.398s] INFO:colcon.colcon_core.shell:Creating prefix script '/home/drymer/ros2_ws/install/local_setup.zsh'
[3.400s] INFO:colcon.colcon_core.shell:Creating prefix chain script '/home/drymer/ros2_ws/install/setup.zsh'
