[0.019s] Invoking command in '/home/drymer/ros2_ws/build/robot_interfaces': CMAKE_PREFIX_PATH=${CMAKE_PREFIX_PATH}:/home/drymer/ros2_ws/install/py_srvcli:/home/drymer/ros2_ws/install/py_pubsub:/home/drymer/ros2_ws/install/robot_system:/home/drymer/ros2_ws/install/py_robottest:/home/drymer/ros2_ws/install/python_parameters:/home/drymer/ros2_ws/install/my_package:/opt/ros/humble /usr/bin/cmake --build /home/drymer/ros2_ws/build/robot_interfaces -- -j12 -l12
[0.089s] -- Found ament_cmake: 1.3.10 (/opt/ros/humble/share/ament_cmake/cmake)
[0.251s] -- Found ament_lint_auto: 0.12.11 (/opt/ros/humble/share/ament_lint_auto/cmake)
[0.329s] -- Found geometry_msgs: 4.2.4 (/opt/ros/humble/share/geometry_msgs/cmake)
[0.543s] -- Found rosidl_generator_c: 3.1.5 (/opt/ros/humble/share/rosidl_generator_c/cmake)
[0.548s] -- Found rosidl_adapter: 3.1.5 (/opt/ros/humble/share/rosidl_adapter/cmake)
[0.561s] -- Found rosidl_generator_cpp: 3.1.5 (/opt/ros/humble/share/rosidl_generator_cpp/cmake)
[0.579s] -- Using all available rosidl_typesupport_c: rosidl_typesupport_fastrtps_c;rosidl_typesupport_introspection_c
[0.601s] -- Using all available rosidl_typesupport_cpp: rosidl_typesupport_fastrtps_cpp;rosidl_typesupport_introspection_cpp
[0.658s] -- Found rosidl_default_generators: 1.2.0 (/opt/ros/humble/share/rosidl_default_generators/cmake)
[0.908s] -- Found ament_cmake_ros: 0.10.0 (/opt/ros/humble/share/ament_cmake_ros/cmake)
[1.208s] -- Using all available rosidl_typesupport_c: rosidl_typesupport_fastrtps_c;rosidl_typesupport_introspection_c
[1.321s] -- Using all available rosidl_typesupport_cpp: rosidl_typesupport_fastrtps_cpp;rosidl_typesupport_introspection_cpp
[1.344s] -- Found python_cmake_module: 0.10.0 (/opt/ros/humble/share/python_cmake_module/cmake)
[1.370s] -- Using PYTHON_EXECUTABLE: /usr/bin/python3
[1.370s] -- Using PYTHON_INCLUDE_DIRS: /usr/include/python3.10
[1.370s] -- Using PYTHON_LIBRARIES: /usr/lib/x86_64-linux-gnu/libpython3.10.so
[1.401s] -- Added test 'lint_cmake' to check CMake code style
[1.403s] -- Added test 'xmllint' to check XML markup files
[1.414s] -- Configuring done
[1.487s] -- Generating done
[1.490s] -- Build files have been written to: /home/drymer/ros2_ws/build/robot_interfaces
[1.521s] [  2%] [34m[1mGenerating C code for ROS interfaces[0m
[1.528s] [  4%] [34m[1mGenerating C++ code for ROS interfaces[0m
[1.547s] [  4%] Built target ament_cmake_python_copy_robot_interfaces
[1.824s] running egg_info
[1.825s] writing robot_interfaces.egg-info/PKG-INFO
[1.825s] writing dependency_links to robot_interfaces.egg-info/dependency_links.txt
[1.826s] writing top-level names to robot_interfaces.egg-info/top_level.txt
[1.829s] reading manifest file 'robot_interfaces.egg-info/SOURCES.txt'
[1.830s] writing manifest file 'robot_interfaces.egg-info/SOURCES.txt'
[1.853s] [  4%] Built target ament_cmake_python_build_robot_interfaces_egg
[2.030s] [  4%] Built target robot_interfaces__cpp
[2.033s] gmake[2]: Warning: File 'CMakeFiles/robot_interfaces__rosidl_typesupport_cpp.dir/progress.make' has modification time 0.98 s in the future
[2.033s] gmake[2]: Warning: File 'CMakeFiles/robot_interfaces__rosidl_typesupport_fastrtps_cpp.dir/progress.make' has modification time 0.98 s in the future
[2.033s] gmake[2]: Warning: File 'CMakeFiles/robot_interfaces__rosidl_typesupport_introspection_cpp.dir/progress.make' has modification time 0.98 s in the future
[2.040s] [  6%] [34m[1mGenerating C++ type support dispatch for ROS interfaces[0m
[2.041s] [  8%] [34m[1mGenerating C++ type support for eProsima Fast-RTPS[0m
[2.041s] [ 10%] [34m[1mGenerating C++ introspection for ROS interfaces[0m
[2.049s] [35m[1mConsolidate compiler generated dependencies of target robot_interfaces__rosidl_generator_c[0m
[2.054s] gmake[2]: Warning: File 'CMakeFiles/robot_interfaces__rosidl_generator_c.dir/progress.make' has modification time 0.96 s in the future
[2.061s] [ 10%] [34m[1mGenerating C code for ROS interfaces[0m
[2.451s] [35m[1mConsolidate compiler generated dependencies of target robot_interfaces__rosidl_typesupport_cpp[0m
[2.454s] gmake[2]: warning:  Clock skew detected.  Your build may be incomplete.
[2.457s] gmake[2]: Warning: File 'CMakeFiles/robot_interfaces__rosidl_typesupport_cpp.dir/progress.make' has modification time 0.56 s in the future
[2.464s] [ 10%] [34m[1mGenerating C++ type support dispatch for ROS interfaces[0m
[2.486s] [35m[1mConsolidate compiler generated dependencies of target robot_interfaces__rosidl_typesupport_introspection_cpp[0m
[2.490s] gmake[2]: warning:  Clock skew detected.  Your build may be incomplete.
[2.493s] gmake[2]: Warning: File 'CMakeFiles/robot_interfaces__rosidl_typesupport_introspection_cpp.dir/progress.make' has modification time 0.52 s in the future
[2.501s] [ 10%] [34m[1mGenerating C++ introspection for ROS interfaces[0m
[2.627s] [35m[1mConsolidate compiler generated dependencies of target robot_interfaces__rosidl_typesupport_fastrtps_cpp[0m
[2.631s] gmake[2]: warning:  Clock skew detected.  Your build may be incomplete.
[2.636s] gmake[2]: Warning: File 'CMakeFiles/robot_interfaces__rosidl_typesupport_fastrtps_cpp.dir/progress.make' has modification time 0.38 s in the future
[2.643s] [ 10%] [34m[1mGenerating C++ type support for eProsima Fast-RTPS[0m
[2.695s] [ 14%] [32mBuilding C object CMakeFiles/robot_interfaces__rosidl_generator_c.dir/rosidl_generator_c/robot_interfaces/msg/detail/motor_feedback__functions.c.o[0m
[2.695s] [ 14%] [32mBuilding C object CMakeFiles/robot_interfaces__rosidl_generator_c.dir/rosidl_generator_c/robot_interfaces/action/detail/motor_control__functions.c.o[0m
[2.696s] [ 17%] [32mBuilding C object CMakeFiles/robot_interfaces__rosidl_generator_c.dir/rosidl_generator_c/robot_interfaces/msg/detail/vision_data__functions.c.o[0m
[2.873s] [ 19%] [32mBuilding CXX object CMakeFiles/robot_interfaces__rosidl_typesupport_cpp.dir/rosidl_typesupport_cpp/robot_interfaces/msg/motor_feedback__type_support.cpp.o[0m
[2.881s] [ 21%] [32mBuilding CXX object CMakeFiles/robot_interfaces__rosidl_typesupport_cpp.dir/rosidl_typesupport_cpp/robot_interfaces/action/motor_control__type_support.cpp.o[0m
[2.884s] [ 23%] [32mBuilding CXX object CMakeFiles/robot_interfaces__rosidl_typesupport_cpp.dir/rosidl_typesupport_cpp/robot_interfaces/msg/vision_data__type_support.cpp.o[0m
[2.902s] [ 25%] [32m[1mLinking C shared library librobot_interfaces__rosidl_generator_c.so[0m
[2.994s] [ 27%] [32mBuilding CXX object CMakeFiles/robot_interfaces__rosidl_typesupport_introspection_cpp.dir/rosidl_typesupport_introspection_cpp/robot_interfaces/action/detail/motor_control__type_support.cpp.o[0m
[2.994s] [ 29%] [32mBuilding CXX object CMakeFiles/robot_interfaces__rosidl_typesupport_introspection_cpp.dir/rosidl_typesupport_introspection_cpp/robot_interfaces/msg/detail/motor_feedback__type_support.cpp.o[0m
[2.994s] [ 31%] [32mBuilding CXX object CMakeFiles/robot_interfaces__rosidl_typesupport_introspection_cpp.dir/rosidl_typesupport_introspection_cpp/robot_interfaces/msg/detail/vision_data__type_support.cpp.o[0m
[3.124s] gmake[2]: warning:  Clock skew detected.  Your build may be incomplete.
[3.135s] [ 31%] Built target robot_interfaces__rosidl_generator_c
[3.151s] [ 34%] [34m[1mGenerating C type support for eProsima Fast-RTPS[0m
[3.151s] [ 36%] [34m[1mGenerating C introspection for ROS interfaces[0m
[3.154s] [ 38%] [34m[1mGenerating C type support dispatch for ROS interfaces[0m
[3.366s] [ 40%] [32mBuilding CXX object CMakeFiles/robot_interfaces__rosidl_typesupport_fastrtps_cpp.dir/rosidl_typesupport_fastrtps_cpp/robot_interfaces/msg/detail/dds_fastrtps/motor_feedback__type_support.cpp.o[0m
[3.373s] [ 42%] [32mBuilding CXX object CMakeFiles/robot_interfaces__rosidl_typesupport_fastrtps_cpp.dir/rosidl_typesupport_fastrtps_cpp/robot_interfaces/action/detail/dds_fastrtps/motor_control__type_support.cpp.o[0m
[3.373s] [ 44%] [32mBuilding CXX object CMakeFiles/robot_interfaces__rosidl_typesupport_fastrtps_cpp.dir/rosidl_typesupport_fastrtps_cpp/robot_interfaces/msg/detail/dds_fastrtps/vision_data__type_support.cpp.o[0m
[3.808s] [ 46%] [32m[1mLinking CXX shared library librobot_interfaces__rosidl_typesupport_cpp.so[0m
[3.834s] [35m[1mConsolidate compiler generated dependencies of target robot_interfaces__rosidl_typesupport_c[0m
[3.849s] [ 51%] [32mBuilding CXX object CMakeFiles/robot_interfaces__rosidl_typesupport_c.dir/rosidl_typesupport_c/robot_interfaces/msg/vision_data__type_support.cpp.o[0m
[3.849s] [ 51%] [32mBuilding CXX object CMakeFiles/robot_interfaces__rosidl_typesupport_c.dir/rosidl_typesupport_c/robot_interfaces/msg/motor_feedback__type_support.cpp.o[0m
[3.850s] [ 53%] [32mBuilding CXX object CMakeFiles/robot_interfaces__rosidl_typesupport_c.dir/rosidl_typesupport_c/robot_interfaces/action/motor_control__type_support.cpp.o[0m
[3.935s] [ 55%] [32m[1mLinking CXX shared library librobot_interfaces__rosidl_typesupport_c.so[0m
[4.019s] gmake[2]: warning:  Clock skew detected.  Your build may be incomplete.
[4.031s] [ 55%] Built target robot_interfaces__rosidl_typesupport_cpp
[4.058s] [35m[1mConsolidate compiler generated dependencies of target robot_interfaces__rosidl_typesupport_introspection_c[0m
[4.074s] [ 57%] [32mBuilding C object CMakeFiles/robot_interfaces__rosidl_typesupport_introspection_c.dir/rosidl_typesupport_introspection_c/robot_interfaces/action/detail/motor_control__type_support.c.o[0m
[4.074s] [ 59%] [32mBuilding C object CMakeFiles/robot_interfaces__rosidl_typesupport_introspection_c.dir/rosidl_typesupport_introspection_c/robot_interfaces/msg/detail/motor_feedback__type_support.c.o[0m
[4.077s] [ 61%] [32mBuilding C object CMakeFiles/robot_interfaces__rosidl_typesupport_introspection_c.dir/rosidl_typesupport_introspection_c/robot_interfaces/msg/detail/vision_data__type_support.c.o[0m
[4.107s] [ 63%] [32m[1mLinking CXX shared library librobot_interfaces__rosidl_typesupport_introspection_cpp.so[0m
[4.113s] [35m[1mConsolidate compiler generated dependencies of target robot_interfaces__rosidl_typesupport_fastrtps_c[0m
[4.132s] [ 65%] [32mBuilding CXX object CMakeFiles/robot_interfaces__rosidl_typesupport_fastrtps_c.dir/rosidl_typesupport_fastrtps_c/robot_interfaces/action/detail/motor_control__type_support_c.cpp.o[0m
[4.132s] [ 68%] [32mBuilding CXX object CMakeFiles/robot_interfaces__rosidl_typesupport_fastrtps_c.dir/rosidl_typesupport_fastrtps_c/robot_interfaces/msg/detail/motor_feedback__type_support_c.cpp.o[0m
[4.133s] [ 70%] [32mBuilding CXX object CMakeFiles/robot_interfaces__rosidl_typesupport_fastrtps_c.dir/rosidl_typesupport_fastrtps_c/robot_interfaces/msg/detail/vision_data__type_support_c.cpp.o[0m
[4.145s] [ 72%] [32m[1mLinking C shared library librobot_interfaces__rosidl_typesupport_introspection_c.so[0m
[4.151s] [ 72%] Built target robot_interfaces__rosidl_typesupport_c
[4.340s] [ 74%] [32m[1mLinking CXX shared library librobot_interfaces__rosidl_typesupport_fastrtps_cpp.so[0m
[4.340s] [ 74%] Built target robot_interfaces__rosidl_typesupport_introspection_c
[4.342s] gmake[2]: warning:  Clock skew detected.  Your build may be incomplete.
[4.352s] [ 74%] Built target robot_interfaces__rosidl_typesupport_introspection_cpp
[4.550s] gmake[2]: warning:  Clock skew detected.  Your build may be incomplete.
[4.558s] [ 74%] Built target robot_interfaces__rosidl_typesupport_fastrtps_cpp
[4.572s] [ 76%] [32m[1mLinking CXX shared library librobot_interfaces__rosidl_typesupport_fastrtps_c.so[0m
[4.765s] [ 76%] Built target robot_interfaces__rosidl_typesupport_fastrtps_c
[4.782s] [ 76%] Built target robot_interfaces
[4.799s] [ 78%] [34m[1mGenerating Python code for ROS interfaces[0m
[5.638s] [ 78%] Built target robot_interfaces__py
[5.648s] [35m[1mConsolidate compiler generated dependencies of target robot_interfaces__rosidl_generator_py[0m
[5.661s] [ 80%] [32mBuilding C object CMakeFiles/robot_interfaces__rosidl_generator_py.dir/rosidl_generator_py/robot_interfaces/msg/_motor_feedback_s.c.o[0m
[5.661s] [ 82%] [32mBuilding C object CMakeFiles/robot_interfaces__rosidl_generator_py.dir/rosidl_generator_py/robot_interfaces/action/_motor_control_s.c.o[0m
[5.662s] [ 85%] [32mBuilding C object CMakeFiles/robot_interfaces__rosidl_generator_py.dir/rosidl_generator_py/robot_interfaces/msg/_vision_data_s.c.o[0m
[5.846s] [ 87%] [32m[1mLinking C shared library rosidl_generator_py/robot_interfaces/librobot_interfaces__rosidl_generator_py.so[0m
[6.023s] [ 87%] Built target robot_interfaces__rosidl_generator_py
[6.033s] [35m[1mConsolidate compiler generated dependencies of target robot_interfaces__rosidl_typesupport_fastrtps_c__pyext[0m
[6.033s] [35m[1mConsolidate compiler generated dependencies of target robot_interfaces__rosidl_typesupport_introspection_c__pyext[0m
[6.033s] [35m[1mConsolidate compiler generated dependencies of target robot_interfaces__rosidl_typesupport_c__pyext[0m
[6.046s] [ 89%] [32mBuilding C object CMakeFiles/robot_interfaces__rosidl_typesupport_c__pyext.dir/rosidl_generator_py/robot_interfaces/_robot_interfaces_s.ep.rosidl_typesupport_c.c.o[0m
[6.047s] [ 91%] [32mBuilding C object CMakeFiles/robot_interfaces__rosidl_typesupport_fastrtps_c__pyext.dir/rosidl_generator_py/robot_interfaces/_robot_interfaces_s.ep.rosidl_typesupport_fastrtps_c.c.o[0m
[6.048s] [ 93%] [32mBuilding C object CMakeFiles/robot_interfaces__rosidl_typesupport_introspection_c__pyext.dir/rosidl_generator_py/robot_interfaces/_robot_interfaces_s.ep.rosidl_typesupport_introspection_c.c.o[0m
[6.183s] [ 95%] [32m[1mLinking C shared library rosidl_generator_py/robot_interfaces/robot_interfaces_s__rosidl_typesupport_fastrtps_c.cpython-310-x86_64-linux-gnu.so[0m
[6.200s] [ 97%] [32m[1mLinking C shared library rosidl_generator_py/robot_interfaces/robot_interfaces_s__rosidl_typesupport_introspection_c.cpython-310-x86_64-linux-gnu.so[0m
[6.208s] [100%] [32m[1mLinking C shared library rosidl_generator_py/robot_interfaces/robot_interfaces_s__rosidl_typesupport_c.cpython-310-x86_64-linux-gnu.so[0m
[6.343s] [100%] Built target robot_interfaces__rosidl_typesupport_fastrtps_c__pyext
[6.355s] [100%] Built target robot_interfaces__rosidl_typesupport_introspection_c__pyext
[6.358s] [100%] Built target robot_interfaces__rosidl_typesupport_c__pyext
[6.367s] Invoked command in '/home/drymer/ros2_ws/build/robot_interfaces' returned '0': CMAKE_PREFIX_PATH=${CMAKE_PREFIX_PATH}:/home/drymer/ros2_ws/install/py_srvcli:/home/drymer/ros2_ws/install/py_pubsub:/home/drymer/ros2_ws/install/robot_system:/home/drymer/ros2_ws/install/py_robottest:/home/drymer/ros2_ws/install/python_parameters:/home/drymer/ros2_ws/install/my_package:/opt/ros/humble /usr/bin/cmake --build /home/drymer/ros2_ws/build/robot_interfaces -- -j12 -l12
[6.475s] Invoking command in '/home/drymer/ros2_ws/build/robot_interfaces': CMAKE_PREFIX_PATH=${CMAKE_PREFIX_PATH}:/home/drymer/ros2_ws/install/py_srvcli:/home/drymer/ros2_ws/install/py_pubsub:/home/drymer/ros2_ws/install/robot_system:/home/drymer/ros2_ws/install/py_robottest:/home/drymer/ros2_ws/install/python_parameters:/home/drymer/ros2_ws/install/my_package:/opt/ros/humble /usr/bin/cmake --install /home/drymer/ros2_ws/build/robot_interfaces
[6.482s] -- Install configuration: ""
[6.482s] -- Up-to-date: /home/drymer/ros2_ws/install/robot_interfaces/share/ament_index/resource_index/rosidl_interfaces/robot_interfaces
[6.483s] -- Up-to-date: /home/drymer/ros2_ws/install/robot_interfaces/include/robot_interfaces/robot_interfaces
[6.485s] -- Up-to-date: /home/drymer/ros2_ws/install/robot_interfaces/include/robot_interfaces/robot_interfaces/action
[6.485s] -- Up-to-date: /home/drymer/ros2_ws/install/robot_interfaces/include/robot_interfaces/robot_interfaces/action/detail
[6.485s] -- Installing: /home/drymer/ros2_ws/install/robot_interfaces/include/robot_interfaces/robot_interfaces/action/detail/motor_control__functions.c
[6.486s] -- Installing: /home/drymer/ros2_ws/install/robot_interfaces/include/robot_interfaces/robot_interfaces/action/detail/motor_control__functions.h
[6.486s] -- Installing: /home/drymer/ros2_ws/install/robot_interfaces/include/robot_interfaces/robot_interfaces/action/detail/motor_control__type_support.h
[6.487s] -- Installing: /home/drymer/ros2_ws/install/robot_interfaces/include/robot_interfaces/robot_interfaces/action/detail/motor_control__struct.h
[6.487s] -- Installing: /home/drymer/ros2_ws/install/robot_interfaces/include/robot_interfaces/robot_interfaces/action/motor_control.h
[6.487s] -- Up-to-date: /home/drymer/ros2_ws/install/robot_interfaces/include/robot_interfaces/robot_interfaces/msg
[6.487s] -- Installing: /home/drymer/ros2_ws/install/robot_interfaces/include/robot_interfaces/robot_interfaces/msg/motor_feedback.h
[6.488s] -- Up-to-date: /home/drymer/ros2_ws/install/robot_interfaces/include/robot_interfaces/robot_interfaces/msg/detail
[6.488s] -- Installing: /home/drymer/ros2_ws/install/robot_interfaces/include/robot_interfaces/robot_interfaces/msg/detail/vision_data__functions.c
[6.489s] -- Installing: /home/drymer/ros2_ws/install/robot_interfaces/include/robot_interfaces/robot_interfaces/msg/detail/motor_feedback__functions.c
[6.489s] -- Installing: /home/drymer/ros2_ws/install/robot_interfaces/include/robot_interfaces/robot_interfaces/msg/detail/vision_data__functions.h
[6.489s] -- Installing: /home/drymer/ros2_ws/install/robot_interfaces/include/robot_interfaces/robot_interfaces/msg/detail/vision_data__struct.h
[6.489s] -- Installing: /home/drymer/ros2_ws/install/robot_interfaces/include/robot_interfaces/robot_interfaces/msg/detail/vision_data__type_support.h
[6.489s] -- Installing: /home/drymer/ros2_ws/install/robot_interfaces/include/robot_interfaces/robot_interfaces/msg/detail/motor_feedback__struct.h
[6.490s] -- Installing: /home/drymer/ros2_ws/install/robot_interfaces/include/robot_interfaces/robot_interfaces/msg/detail/motor_feedback__type_support.h
[6.490s] -- Installing: /home/drymer/ros2_ws/install/robot_interfaces/include/robot_interfaces/robot_interfaces/msg/detail/motor_feedback__functions.h
[6.490s] -- Up-to-date: /home/drymer/ros2_ws/install/robot_interfaces/include/robot_interfaces/robot_interfaces/msg/rosidl_generator_c__visibility_control.h
[6.490s] -- Installing: /home/drymer/ros2_ws/install/robot_interfaces/include/robot_interfaces/robot_interfaces/msg/vision_data.h
[6.490s] -- Up-to-date: /home/drymer/ros2_ws/install/robot_interfaces/share/robot_interfaces/environment/library_path.sh
[6.490s] -- Installing: /home/drymer/ros2_ws/install/robot_interfaces/share/robot_interfaces/environment/library_path.dsv
[6.490s] -- Installing: /home/drymer/ros2_ws/install/robot_interfaces/lib/librobot_interfaces__rosidl_generator_c.so
[6.491s] -- Set runtime path of "/home/drymer/ros2_ws/install/robot_interfaces/lib/librobot_interfaces__rosidl_generator_c.so" to ""
[6.491s] -- Up-to-date: /home/drymer/ros2_ws/install/robot_interfaces/include/robot_interfaces/robot_interfaces
[6.492s] -- Up-to-date: /home/drymer/ros2_ws/install/robot_interfaces/include/robot_interfaces/robot_interfaces/action
[6.492s] -- Up-to-date: /home/drymer/ros2_ws/install/robot_interfaces/include/robot_interfaces/robot_interfaces/action/detail
[6.492s] -- Installing: /home/drymer/ros2_ws/install/robot_interfaces/include/robot_interfaces/robot_interfaces/action/detail/motor_control__rosidl_typesupport_fastrtps_c.h
[6.492s] -- Up-to-date: /home/drymer/ros2_ws/install/robot_interfaces/include/robot_interfaces/robot_interfaces/msg
[6.492s] -- Up-to-date: /home/drymer/ros2_ws/install/robot_interfaces/include/robot_interfaces/robot_interfaces/msg/detail
[6.493s] -- Installing: /home/drymer/ros2_ws/install/robot_interfaces/include/robot_interfaces/robot_interfaces/msg/detail/motor_feedback__rosidl_typesupport_fastrtps_c.h
[6.493s] -- Installing: /home/drymer/ros2_ws/install/robot_interfaces/include/robot_interfaces/robot_interfaces/msg/detail/vision_data__rosidl_typesupport_fastrtps_c.h
[6.493s] -- Up-to-date: /home/drymer/ros2_ws/install/robot_interfaces/include/robot_interfaces/robot_interfaces/msg/rosidl_typesupport_fastrtps_c__visibility_control.h
[6.493s] -- Installing: /home/drymer/ros2_ws/install/robot_interfaces/lib/librobot_interfaces__rosidl_typesupport_fastrtps_c.so
[6.494s] -- Set runtime path of "/home/drymer/ros2_ws/install/robot_interfaces/lib/librobot_interfaces__rosidl_typesupport_fastrtps_c.so" to ""
[6.494s] -- Up-to-date: /home/drymer/ros2_ws/install/robot_interfaces/include/robot_interfaces/robot_interfaces
[6.494s] -- Up-to-date: /home/drymer/ros2_ws/install/robot_interfaces/include/robot_interfaces/robot_interfaces/action
[6.495s] -- Installing: /home/drymer/ros2_ws/install/robot_interfaces/include/robot_interfaces/robot_interfaces/action/motor_control.hpp
[6.495s] -- Up-to-date: /home/drymer/ros2_ws/install/robot_interfaces/include/robot_interfaces/robot_interfaces/action/detail
[6.495s] -- Installing: /home/drymer/ros2_ws/install/robot_interfaces/include/robot_interfaces/robot_interfaces/action/detail/motor_control__struct.hpp
[6.496s] -- Installing: /home/drymer/ros2_ws/install/robot_interfaces/include/robot_interfaces/robot_interfaces/action/detail/motor_control__traits.hpp
[6.496s] -- Installing: /home/drymer/ros2_ws/install/robot_interfaces/include/robot_interfaces/robot_interfaces/action/detail/motor_control__builder.hpp
[6.496s] -- Up-to-date: /home/drymer/ros2_ws/install/robot_interfaces/include/robot_interfaces/robot_interfaces/msg
[6.496s] -- Up-to-date: /home/drymer/ros2_ws/install/robot_interfaces/include/robot_interfaces/robot_interfaces/msg/detail
[6.496s] -- Installing: /home/drymer/ros2_ws/install/robot_interfaces/include/robot_interfaces/robot_interfaces/msg/detail/motor_feedback__builder.hpp
[6.496s] -- Installing: /home/drymer/ros2_ws/install/robot_interfaces/include/robot_interfaces/robot_interfaces/msg/detail/motor_feedback__struct.hpp
[6.497s] -- Installing: /home/drymer/ros2_ws/install/robot_interfaces/include/robot_interfaces/robot_interfaces/msg/detail/vision_data__traits.hpp
[6.497s] -- Installing: /home/drymer/ros2_ws/install/robot_interfaces/include/robot_interfaces/robot_interfaces/msg/detail/motor_feedback__traits.hpp
[6.497s] -- Installing: /home/drymer/ros2_ws/install/robot_interfaces/include/robot_interfaces/robot_interfaces/msg/detail/vision_data__struct.hpp
[6.497s] -- Installing: /home/drymer/ros2_ws/install/robot_interfaces/include/robot_interfaces/robot_interfaces/msg/detail/vision_data__builder.hpp
[6.497s] -- Installing: /home/drymer/ros2_ws/install/robot_interfaces/include/robot_interfaces/robot_interfaces/msg/motor_feedback.hpp
[6.498s] -- Installing: /home/drymer/ros2_ws/install/robot_interfaces/include/robot_interfaces/robot_interfaces/msg/vision_data.hpp
[6.498s] -- Up-to-date: /home/drymer/ros2_ws/install/robot_interfaces/include/robot_interfaces/robot_interfaces
[6.498s] -- Up-to-date: /home/drymer/ros2_ws/install/robot_interfaces/include/robot_interfaces/robot_interfaces/action
[6.498s] -- Up-to-date: /home/drymer/ros2_ws/install/robot_interfaces/include/robot_interfaces/robot_interfaces/action/detail
[6.498s] -- Up-to-date: /home/drymer/ros2_ws/install/robot_interfaces/include/robot_interfaces/robot_interfaces/action/detail/dds_fastrtps
[6.499s] -- Installing: /home/drymer/ros2_ws/install/robot_interfaces/include/robot_interfaces/robot_interfaces/action/detail/motor_control__rosidl_typesupport_fastrtps_cpp.hpp
[6.499s] -- Up-to-date: /home/drymer/ros2_ws/install/robot_interfaces/include/robot_interfaces/robot_interfaces/msg
[6.499s] -- Up-to-date: /home/drymer/ros2_ws/install/robot_interfaces/include/robot_interfaces/robot_interfaces/msg/rosidl_typesupport_fastrtps_cpp__visibility_control.h
[6.499s] -- Up-to-date: /home/drymer/ros2_ws/install/robot_interfaces/include/robot_interfaces/robot_interfaces/msg/detail
[6.499s] -- Up-to-date: /home/drymer/ros2_ws/install/robot_interfaces/include/robot_interfaces/robot_interfaces/msg/detail/dds_fastrtps
[6.499s] -- Installing: /home/drymer/ros2_ws/install/robot_interfaces/include/robot_interfaces/robot_interfaces/msg/detail/motor_feedback__rosidl_typesupport_fastrtps_cpp.hpp
[6.499s] -- Installing: /home/drymer/ros2_ws/install/robot_interfaces/include/robot_interfaces/robot_interfaces/msg/detail/vision_data__rosidl_typesupport_fastrtps_cpp.hpp
[6.501s] -- Installing: /home/drymer/ros2_ws/install/robot_interfaces/lib/librobot_interfaces__rosidl_typesupport_fastrtps_cpp.so
[6.502s] -- Set runtime path of "/home/drymer/ros2_ws/install/robot_interfaces/lib/librobot_interfaces__rosidl_typesupport_fastrtps_cpp.so" to ""
[6.502s] -- Up-to-date: /home/drymer/ros2_ws/install/robot_interfaces/include/robot_interfaces/robot_interfaces
[6.502s] -- Up-to-date: /home/drymer/ros2_ws/install/robot_interfaces/include/robot_interfaces/robot_interfaces/action
[6.503s] -- Up-to-date: /home/drymer/ros2_ws/install/robot_interfaces/include/robot_interfaces/robot_interfaces/action/detail
[6.503s] -- Installing: /home/drymer/ros2_ws/install/robot_interfaces/include/robot_interfaces/robot_interfaces/action/detail/motor_control__rosidl_typesupport_introspection_c.h
[6.503s] -- Installing: /home/drymer/ros2_ws/install/robot_interfaces/include/robot_interfaces/robot_interfaces/action/detail/motor_control__type_support.c
[6.503s] -- Up-to-date: /home/drymer/ros2_ws/install/robot_interfaces/include/robot_interfaces/robot_interfaces/msg
[6.503s] -- Up-to-date: /home/drymer/ros2_ws/install/robot_interfaces/include/robot_interfaces/robot_interfaces/msg/detail
[6.504s] -- Installing: /home/drymer/ros2_ws/install/robot_interfaces/include/robot_interfaces/robot_interfaces/msg/detail/motor_feedback__rosidl_typesupport_introspection_c.h
[6.504s] -- Installing: /home/drymer/ros2_ws/install/robot_interfaces/include/robot_interfaces/robot_interfaces/msg/detail/vision_data__type_support.c
[6.504s] -- Installing: /home/drymer/ros2_ws/install/robot_interfaces/include/robot_interfaces/robot_interfaces/msg/detail/vision_data__rosidl_typesupport_introspection_c.h
[6.504s] -- Installing: /home/drymer/ros2_ws/install/robot_interfaces/include/robot_interfaces/robot_interfaces/msg/detail/motor_feedback__type_support.c
[6.504s] -- Up-to-date: /home/drymer/ros2_ws/install/robot_interfaces/include/robot_interfaces/robot_interfaces/msg/rosidl_typesupport_introspection_c__visibility_control.h
[6.505s] -- Installing: /home/drymer/ros2_ws/install/robot_interfaces/lib/librobot_interfaces__rosidl_typesupport_introspection_c.so
[6.505s] -- Set runtime path of "/home/drymer/ros2_ws/install/robot_interfaces/lib/librobot_interfaces__rosidl_typesupport_introspection_c.so" to ""
[6.505s] -- Installing: /home/drymer/ros2_ws/install/robot_interfaces/lib/librobot_interfaces__rosidl_typesupport_c.so
[6.505s] -- Set runtime path of "/home/drymer/ros2_ws/install/robot_interfaces/lib/librobot_interfaces__rosidl_typesupport_c.so" to ""
[6.505s] -- Up-to-date: /home/drymer/ros2_ws/install/robot_interfaces/include/robot_interfaces/robot_interfaces
[6.505s] -- Up-to-date: /home/drymer/ros2_ws/install/robot_interfaces/include/robot_interfaces/robot_interfaces/action
[6.506s] -- Up-to-date: /home/drymer/ros2_ws/install/robot_interfaces/include/robot_interfaces/robot_interfaces/action/detail
[6.506s] -- Installing: /home/drymer/ros2_ws/install/robot_interfaces/include/robot_interfaces/robot_interfaces/action/detail/motor_control__rosidl_typesupport_introspection_cpp.hpp
[6.506s] -- Installing: /home/drymer/ros2_ws/install/robot_interfaces/include/robot_interfaces/robot_interfaces/action/detail/motor_control__type_support.cpp
[6.506s] -- Up-to-date: /home/drymer/ros2_ws/install/robot_interfaces/include/robot_interfaces/robot_interfaces/msg
[6.507s] -- Up-to-date: /home/drymer/ros2_ws/install/robot_interfaces/include/robot_interfaces/robot_interfaces/msg/detail
[6.507s] -- Installing: /home/drymer/ros2_ws/install/robot_interfaces/include/robot_interfaces/robot_interfaces/msg/detail/motor_feedback__type_support.cpp
[6.507s] -- Installing: /home/drymer/ros2_ws/install/robot_interfaces/include/robot_interfaces/robot_interfaces/msg/detail/motor_feedback__rosidl_typesupport_introspection_cpp.hpp
[6.507s] -- Installing: /home/drymer/ros2_ws/install/robot_interfaces/include/robot_interfaces/robot_interfaces/msg/detail/vision_data__type_support.cpp
[6.507s] -- Installing: /home/drymer/ros2_ws/install/robot_interfaces/include/robot_interfaces/robot_interfaces/msg/detail/vision_data__rosidl_typesupport_introspection_cpp.hpp
[6.509s] -- Installing: /home/drymer/ros2_ws/install/robot_interfaces/lib/librobot_interfaces__rosidl_typesupport_introspection_cpp.so
[6.509s] -- Set runtime path of "/home/drymer/ros2_ws/install/robot_interfaces/lib/librobot_interfaces__rosidl_typesupport_introspection_cpp.so" to ""
[6.510s] -- Installing: /home/drymer/ros2_ws/install/robot_interfaces/lib/librobot_interfaces__rosidl_typesupport_cpp.so
[6.511s] -- Set runtime path of "/home/drymer/ros2_ws/install/robot_interfaces/lib/librobot_interfaces__rosidl_typesupport_cpp.so" to ""
[6.511s] -- Up-to-date: /home/drymer/ros2_ws/install/robot_interfaces/share/robot_interfaces/environment/pythonpath.sh
[6.511s] -- Installing: /home/drymer/ros2_ws/install/robot_interfaces/share/robot_interfaces/environment/pythonpath.dsv
[6.511s] -- Up-to-date: /home/drymer/ros2_ws/install/robot_interfaces/local/lib/python3.10/dist-packages/robot_interfaces-0.0.0-py3.10.egg-info
[6.511s] -- Installing: /home/drymer/ros2_ws/install/robot_interfaces/local/lib/python3.10/dist-packages/robot_interfaces-0.0.0-py3.10.egg-info/PKG-INFO
[6.512s] -- Installing: /home/drymer/ros2_ws/install/robot_interfaces/local/lib/python3.10/dist-packages/robot_interfaces-0.0.0-py3.10.egg-info/top_level.txt
[6.512s] -- Installing: /home/drymer/ros2_ws/install/robot_interfaces/local/lib/python3.10/dist-packages/robot_interfaces-0.0.0-py3.10.egg-info/dependency_links.txt
[6.512s] -- Installing: /home/drymer/ros2_ws/install/robot_interfaces/local/lib/python3.10/dist-packages/robot_interfaces-0.0.0-py3.10.egg-info/SOURCES.txt
[6.512s] -- Up-to-date: /home/drymer/ros2_ws/install/robot_interfaces/local/lib/python3.10/dist-packages/robot_interfaces
[6.512s] -- Installing: /home/drymer/ros2_ws/install/robot_interfaces/local/lib/python3.10/dist-packages/robot_interfaces/__init__.py
[6.512s] -- Up-to-date: /home/drymer/ros2_ws/install/robot_interfaces/local/lib/python3.10/dist-packages/robot_interfaces/action
[6.513s] -- Installing: /home/drymer/ros2_ws/install/robot_interfaces/local/lib/python3.10/dist-packages/robot_interfaces/action/__init__.py
[6.513s] -- Installing: /home/drymer/ros2_ws/install/robot_interfaces/local/lib/python3.10/dist-packages/robot_interfaces/action/_motor_control.py
[6.513s] -- Installing: /home/drymer/ros2_ws/install/robot_interfaces/local/lib/python3.10/dist-packages/robot_interfaces/action/_motor_control_s.c
[6.513s] -- Installing: /home/drymer/ros2_ws/install/robot_interfaces/local/lib/python3.10/dist-packages/robot_interfaces/_robot_interfaces_s.ep.rosidl_typesupport_c.c
[6.513s] -- Installing: /home/drymer/ros2_ws/install/robot_interfaces/local/lib/python3.10/dist-packages/robot_interfaces/robot_interfaces_s__rosidl_typesupport_introspection_c.cpython-310-x86_64-linux-gnu.so
[6.513s] -- Installing: /home/drymer/ros2_ws/install/robot_interfaces/local/lib/python3.10/dist-packages/robot_interfaces/librobot_interfaces__rosidl_generator_py.so
[6.513s] -- Installing: /home/drymer/ros2_ws/install/robot_interfaces/local/lib/python3.10/dist-packages/robot_interfaces/_robot_interfaces_s.ep.rosidl_typesupport_fastrtps_c.c
[6.514s] -- Installing: /home/drymer/ros2_ws/install/robot_interfaces/local/lib/python3.10/dist-packages/robot_interfaces/robot_interfaces_s__rosidl_typesupport_fastrtps_c.cpython-310-x86_64-linux-gnu.so
[6.514s] -- Up-to-date: /home/drymer/ros2_ws/install/robot_interfaces/local/lib/python3.10/dist-packages/robot_interfaces/msg
[6.514s] -- Installing: /home/drymer/ros2_ws/install/robot_interfaces/local/lib/python3.10/dist-packages/robot_interfaces/msg/__init__.py
[6.514s] -- Installing: /home/drymer/ros2_ws/install/robot_interfaces/local/lib/python3.10/dist-packages/robot_interfaces/msg/_motor_feedback_s.c
[6.514s] -- Installing: /home/drymer/ros2_ws/install/robot_interfaces/local/lib/python3.10/dist-packages/robot_interfaces/msg/_vision_data.py
[6.515s] -- Installing: /home/drymer/ros2_ws/install/robot_interfaces/local/lib/python3.10/dist-packages/robot_interfaces/msg/_motor_feedback.py
[6.515s] -- Installing: /home/drymer/ros2_ws/install/robot_interfaces/local/lib/python3.10/dist-packages/robot_interfaces/msg/_vision_data_s.c
[6.515s] -- Installing: /home/drymer/ros2_ws/install/robot_interfaces/local/lib/python3.10/dist-packages/robot_interfaces/_robot_interfaces_s.ep.rosidl_typesupport_introspection_c.c
[6.515s] -- Installing: /home/drymer/ros2_ws/install/robot_interfaces/local/lib/python3.10/dist-packages/robot_interfaces/robot_interfaces_s__rosidl_typesupport_c.cpython-310-x86_64-linux-gnu.so
[6.562s] Listing '/home/drymer/ros2_ws/install/robot_interfaces/local/lib/python3.10/dist-packages/robot_interfaces'...
[6.562s] Compiling '/home/drymer/ros2_ws/install/robot_interfaces/local/lib/python3.10/dist-packages/robot_interfaces/__init__.py'...
[6.562s] Listing '/home/drymer/ros2_ws/install/robot_interfaces/local/lib/python3.10/dist-packages/robot_interfaces/action'...
[6.562s] Compiling '/home/drymer/ros2_ws/install/robot_interfaces/local/lib/python3.10/dist-packages/robot_interfaces/action/__init__.py'...
[6.563s] Compiling '/home/drymer/ros2_ws/install/robot_interfaces/local/lib/python3.10/dist-packages/robot_interfaces/action/_motor_control.py'...
[6.563s] Listing '/home/drymer/ros2_ws/install/robot_interfaces/local/lib/python3.10/dist-packages/robot_interfaces/msg'...
[6.563s] Compiling '/home/drymer/ros2_ws/install/robot_interfaces/local/lib/python3.10/dist-packages/robot_interfaces/msg/__init__.py'...
[6.563s] Compiling '/home/drymer/ros2_ws/install/robot_interfaces/local/lib/python3.10/dist-packages/robot_interfaces/msg/_motor_feedback.py'...
[6.563s] Compiling '/home/drymer/ros2_ws/install/robot_interfaces/local/lib/python3.10/dist-packages/robot_interfaces/msg/_vision_data.py'...
[6.567s] -- Installing: /home/drymer/ros2_ws/install/robot_interfaces/local/lib/python3.10/dist-packages/robot_interfaces/robot_interfaces_s__rosidl_typesupport_fastrtps_c.cpython-310-x86_64-linux-gnu.so
[6.568s] -- Set runtime path of "/home/drymer/ros2_ws/install/robot_interfaces/local/lib/python3.10/dist-packages/robot_interfaces/robot_interfaces_s__rosidl_typesupport_fastrtps_c.cpython-310-x86_64-linux-gnu.so" to ""
[6.568s] -- Installing: /home/drymer/ros2_ws/install/robot_interfaces/local/lib/python3.10/dist-packages/robot_interfaces/robot_interfaces_s__rosidl_typesupport_introspection_c.cpython-310-x86_64-linux-gnu.so
[6.568s] -- Set runtime path of "/home/drymer/ros2_ws/install/robot_interfaces/local/lib/python3.10/dist-packages/robot_interfaces/robot_interfaces_s__rosidl_typesupport_introspection_c.cpython-310-x86_64-linux-gnu.so" to ""
[6.569s] -- Installing: /home/drymer/ros2_ws/install/robot_interfaces/local/lib/python3.10/dist-packages/robot_interfaces/robot_interfaces_s__rosidl_typesupport_c.cpython-310-x86_64-linux-gnu.so
[6.569s] -- Set runtime path of "/home/drymer/ros2_ws/install/robot_interfaces/local/lib/python3.10/dist-packages/robot_interfaces/robot_interfaces_s__rosidl_typesupport_c.cpython-310-x86_64-linux-gnu.so" to ""
[6.569s] -- Installing: /home/drymer/ros2_ws/install/robot_interfaces/lib/librobot_interfaces__rosidl_generator_py.so
[6.570s] -- Set runtime path of "/home/drymer/ros2_ws/install/robot_interfaces/lib/librobot_interfaces__rosidl_generator_py.so" to ""
[6.570s] -- Up-to-date: /home/drymer/ros2_ws/install/robot_interfaces/share/robot_interfaces/msg/MotorFeedback.idl
[6.570s] -- Up-to-date: /home/drymer/ros2_ws/install/robot_interfaces/share/robot_interfaces/action/MotorControl.idl
[6.570s] -- Installing: /home/drymer/ros2_ws/install/robot_interfaces/share/robot_interfaces/msg/VisionData.idl
[6.571s] -- Up-to-date: /home/drymer/ros2_ws/install/robot_interfaces/share/robot_interfaces/msg/MotorFeedback.msg
[6.571s] -- Up-to-date: /home/drymer/ros2_ws/install/robot_interfaces/share/robot_interfaces/action/MotorControl.action
[6.571s] -- Installing: /home/drymer/ros2_ws/install/robot_interfaces/share/robot_interfaces/msg/VisionData.msg
[6.571s] -- Up-to-date: /home/drymer/ros2_ws/install/robot_interfaces/share/ament_index/resource_index/package_run_dependencies/robot_interfaces
[6.571s] -- Installing: /home/drymer/ros2_ws/install/robot_interfaces/share/ament_index/resource_index/parent_prefix_path/robot_interfaces
[6.571s] -- Up-to-date: /home/drymer/ros2_ws/install/robot_interfaces/share/robot_interfaces/environment/ament_prefix_path.sh
[6.572s] -- Installing: /home/drymer/ros2_ws/install/robot_interfaces/share/robot_interfaces/environment/ament_prefix_path.dsv
[6.572s] -- Up-to-date: /home/drymer/ros2_ws/install/robot_interfaces/share/robot_interfaces/environment/path.sh
[6.572s] -- Installing: /home/drymer/ros2_ws/install/robot_interfaces/share/robot_interfaces/environment/path.dsv
[6.572s] -- Up-to-date: /home/drymer/ros2_ws/install/robot_interfaces/share/robot_interfaces/local_setup.bash
[6.572s] -- Up-to-date: /home/drymer/ros2_ws/install/robot_interfaces/share/robot_interfaces/local_setup.sh
[6.572s] -- Up-to-date: /home/drymer/ros2_ws/install/robot_interfaces/share/robot_interfaces/local_setup.zsh
[6.572s] -- Installing: /home/drymer/ros2_ws/install/robot_interfaces/share/robot_interfaces/local_setup.dsv
[6.573s] -- Installing: /home/drymer/ros2_ws/install/robot_interfaces/share/robot_interfaces/package.dsv
[6.573s] -- Up-to-date: /home/drymer/ros2_ws/install/robot_interfaces/share/ament_index/resource_index/packages/robot_interfaces
[6.573s] -- Up-to-date: /home/drymer/ros2_ws/install/robot_interfaces/share/robot_interfaces/cmake/export_robot_interfaces__rosidl_generator_cExport.cmake
[6.573s] -- Up-to-date: /home/drymer/ros2_ws/install/robot_interfaces/share/robot_interfaces/cmake/export_robot_interfaces__rosidl_generator_cExport-noconfig.cmake
[6.574s] -- Up-to-date: /home/drymer/ros2_ws/install/robot_interfaces/share/robot_interfaces/cmake/export_robot_interfaces__rosidl_typesupport_fastrtps_cExport.cmake
[6.574s] -- Up-to-date: /home/drymer/ros2_ws/install/robot_interfaces/share/robot_interfaces/cmake/export_robot_interfaces__rosidl_typesupport_fastrtps_cExport-noconfig.cmake
[6.574s] -- Up-to-date: /home/drymer/ros2_ws/install/robot_interfaces/share/robot_interfaces/cmake/export_robot_interfaces__rosidl_generator_cppExport.cmake
[6.575s] -- Up-to-date: /home/drymer/ros2_ws/install/robot_interfaces/share/robot_interfaces/cmake/export_robot_interfaces__rosidl_typesupport_fastrtps_cppExport.cmake
[6.575s] -- Up-to-date: /home/drymer/ros2_ws/install/robot_interfaces/share/robot_interfaces/cmake/export_robot_interfaces__rosidl_typesupport_fastrtps_cppExport-noconfig.cmake
[6.575s] -- Up-to-date: /home/drymer/ros2_ws/install/robot_interfaces/share/robot_interfaces/cmake/robot_interfaces__rosidl_typesupport_introspection_cExport.cmake
[6.575s] -- Up-to-date: /home/drymer/ros2_ws/install/robot_interfaces/share/robot_interfaces/cmake/robot_interfaces__rosidl_typesupport_introspection_cExport-noconfig.cmake
[6.576s] -- Up-to-date: /home/drymer/ros2_ws/install/robot_interfaces/share/robot_interfaces/cmake/robot_interfaces__rosidl_typesupport_cExport.cmake
[6.576s] -- Up-to-date: /home/drymer/ros2_ws/install/robot_interfaces/share/robot_interfaces/cmake/robot_interfaces__rosidl_typesupport_cExport-noconfig.cmake
[6.577s] -- Up-to-date: /home/drymer/ros2_ws/install/robot_interfaces/share/robot_interfaces/cmake/robot_interfaces__rosidl_typesupport_introspection_cppExport.cmake
[6.577s] -- Up-to-date: /home/drymer/ros2_ws/install/robot_interfaces/share/robot_interfaces/cmake/robot_interfaces__rosidl_typesupport_introspection_cppExport-noconfig.cmake
[6.577s] -- Up-to-date: /home/drymer/ros2_ws/install/robot_interfaces/share/robot_interfaces/cmake/robot_interfaces__rosidl_typesupport_cppExport.cmake
[6.577s] -- Up-to-date: /home/drymer/ros2_ws/install/robot_interfaces/share/robot_interfaces/cmake/robot_interfaces__rosidl_typesupport_cppExport-noconfig.cmake
[6.578s] -- Up-to-date: /home/drymer/ros2_ws/install/robot_interfaces/share/robot_interfaces/cmake/export_robot_interfaces__rosidl_generator_pyExport.cmake
[6.578s] -- Up-to-date: /home/drymer/ros2_ws/install/robot_interfaces/share/robot_interfaces/cmake/export_robot_interfaces__rosidl_generator_pyExport-noconfig.cmake
[6.578s] -- Up-to-date: /home/drymer/ros2_ws/install/robot_interfaces/share/robot_interfaces/cmake/rosidl_cmake-extras.cmake
[6.578s] -- Up-to-date: /home/drymer/ros2_ws/install/robot_interfaces/share/robot_interfaces/cmake/ament_cmake_export_dependencies-extras.cmake
[6.578s] -- Up-to-date: /home/drymer/ros2_ws/install/robot_interfaces/share/robot_interfaces/cmake/ament_cmake_export_include_directories-extras.cmake
[6.579s] -- Up-to-date: /home/drymer/ros2_ws/install/robot_interfaces/share/robot_interfaces/cmake/ament_cmake_export_libraries-extras.cmake
[6.579s] -- Up-to-date: /home/drymer/ros2_ws/install/robot_interfaces/share/robot_interfaces/cmake/ament_cmake_export_targets-extras.cmake
[6.579s] -- Up-to-date: /home/drymer/ros2_ws/install/robot_interfaces/share/robot_interfaces/cmake/rosidl_cmake_export_typesupport_targets-extras.cmake
[6.579s] -- Up-to-date: /home/drymer/ros2_ws/install/robot_interfaces/share/robot_interfaces/cmake/rosidl_cmake_export_typesupport_libraries-extras.cmake
[6.579s] -- Up-to-date: /home/drymer/ros2_ws/install/robot_interfaces/share/robot_interfaces/cmake/robot_interfacesConfig.cmake
[6.579s] -- Up-to-date: /home/drymer/ros2_ws/install/robot_interfaces/share/robot_interfaces/cmake/robot_interfacesConfig-version.cmake
[6.579s] -- Up-to-date: /home/drymer/ros2_ws/install/robot_interfaces/share/robot_interfaces/package.xml
[6.580s] Invoked command in '/home/drymer/ros2_ws/build/robot_interfaces' returned '0': CMAKE_PREFIX_PATH=${CMAKE_PREFIX_PATH}:/home/drymer/ros2_ws/install/py_srvcli:/home/drymer/ros2_ws/install/py_pubsub:/home/drymer/ros2_ws/install/robot_system:/home/drymer/ros2_ws/install/py_robottest:/home/drymer/ros2_ws/install/python_parameters:/home/drymer/ros2_ws/install/my_package:/opt/ros/humble /usr/bin/cmake --install /home/drymer/ros2_ws/build/robot_interfaces
