[1.261s] Invoking command in '/home/drymer/ros2_ws/src/robot_system': CMAKE_PREFIX_PATH=/home/drymer/ros2_ws/install/robot_interfaces:/home/drymer/ros2_ws/install/tutorial_interfaces:/home/drymer/ros2_ws/install/turtlesim:/home/drymer/ros2_ws/install/action_tutorials_interfaces LD_LIBRARY_PATH=/home/drymer/ros2_ws/install/robot_interfaces/lib:/home/drymer/ros2_ws/install/tutorial_interfaces/lib:/home/drymer/ros2_ws/install/turtlesim/lib:/home/drymer/ros2_ws/install/action_tutorials_interfaces/lib:/opt/ros/humble/opt/rviz_ogre_vendor/lib:/opt/ros/humble/lib/x86_64-linux-gnu:/opt/ros/humble/lib PYTHONPATH=/home/drymer/ros2_ws/build/robot_system/prefix_override:/home/drymer/.local/lib/python3.10/site-packages/colcon_core/task/python/colcon_distutils_commands:/home/drymer/ros2_ws/install/robot_system/lib/python3.10/site-packages:${PYTHONPATH} /usr/bin/python3 -W ignore:setup.py install is deprecated setup.py egg_info --egg-base ../../build/robot_system build --build-base /home/drymer/ros2_ws/build/robot_system/build install --record /home/drymer/ros2_ws/build/robot_system/install.log --single-version-externally-managed install_data
[1.614s] running egg_info
[1.615s] writing ../../build/robot_system/robot_system.egg-info/PKG-INFO
[1.616s] writing dependency_links to ../../build/robot_system/robot_system.egg-info/dependency_links.txt
[1.616s] writing entry points to ../../build/robot_system/robot_system.egg-info/entry_points.txt
[1.616s] writing requirements to ../../build/robot_system/robot_system.egg-info/requires.txt
[1.616s] writing top-level names to ../../build/robot_system/robot_system.egg-info/top_level.txt
[1.620s] reading manifest file '../../build/robot_system/robot_system.egg-info/SOURCES.txt'
[1.622s] writing manifest file '../../build/robot_system/robot_system.egg-info/SOURCES.txt'
[1.623s] running build
[1.623s] running build_py
[1.623s] copying robot_system/vision_publisher.py -> /home/drymer/ros2_ws/build/robot_system/build/lib/robot_system
[1.624s] running install
[1.625s] running install_lib
[1.626s] copying /home/drymer/ros2_ws/build/robot_system/build/lib/robot_system/vision_publisher.py -> /home/drymer/ros2_ws/install/robot_system/lib/python3.10/site-packages/robot_system
[1.628s] byte-compiling /home/drymer/ros2_ws/install/robot_system/lib/python3.10/site-packages/robot_system/vision_publisher.py to vision_publisher.cpython-310.pyc
[1.631s] running install_data
[1.631s] running install_egg_info
[1.635s] removing '/home/drymer/ros2_ws/install/robot_system/lib/python3.10/site-packages/robot_system-0.0.0-py3.10.egg-info' (and everything under it)
[1.636s] Copying ../../build/robot_system/robot_system.egg-info to /home/drymer/ros2_ws/install/robot_system/lib/python3.10/site-packages/robot_system-0.0.0-py3.10.egg-info
[1.638s] running install_scripts
[1.676s] Installing action script to /home/drymer/ros2_ws/install/robot_system/lib/robot_system
[1.676s] Installing camera script to /home/drymer/ros2_ws/install/robot_system/lib/robot_system
[1.676s] Installing client script to /home/drymer/ros2_ws/install/robot_system/lib/robot_system
[1.677s] Installing controller script to /home/drymer/ros2_ws/install/robot_system/lib/robot_system
[1.677s] Installing publisher script to /home/drymer/ros2_ws/install/robot_system/lib/robot_system
[1.677s] writing list of installed files to '/home/drymer/ros2_ws/build/robot_system/install.log'
[1.705s] Invoked command in '/home/drymer/ros2_ws/src/robot_system' returned '0': CMAKE_PREFIX_PATH=/home/drymer/ros2_ws/install/robot_interfaces:/home/drymer/ros2_ws/install/tutorial_interfaces:/home/drymer/ros2_ws/install/turtlesim:/home/drymer/ros2_ws/install/action_tutorials_interfaces LD_LIBRARY_PATH=/home/drymer/ros2_ws/install/robot_interfaces/lib:/home/drymer/ros2_ws/install/tutorial_interfaces/lib:/home/drymer/ros2_ws/install/turtlesim/lib:/home/drymer/ros2_ws/install/action_tutorials_interfaces/lib:/opt/ros/humble/opt/rviz_ogre_vendor/lib:/opt/ros/humble/lib/x86_64-linux-gnu:/opt/ros/humble/lib PYTHONPATH=/home/drymer/ros2_ws/build/robot_system/prefix_override:/home/drymer/.local/lib/python3.10/site-packages/colcon_core/task/python/colcon_distutils_commands:/home/drymer/ros2_ws/install/robot_system/lib/python3.10/site-packages:${PYTHONPATH} /usr/bin/python3 -W ignore:setup.py install is deprecated setup.py egg_info --egg-base ../../build/robot_system build --build-base /home/drymer/ros2_ws/build/robot_system/build install --record /home/drymer/ros2_ws/build/robot_system/install.log --single-version-externally-managed install_data
