[0.011s] Invoking command in '/home/drymer/ros2_ws/build/robot_interfaces': CMAKE_PREFIX_PATH=${CMAKE_PREFIX_PATH}:/home/drymer/ros2_ws/install/py_srvcli:/home/drymer/ros2_ws/install/py_pubsub:/home/drymer/ros2_ws/install/robot_system:/home/drymer/ros2_ws/install/py_robottest:/home/drymer/ros2_ws/install/python_parameters:/home/drymer/ros2_ws/install/my_package:/opt/ros/humble /usr/bin/cmake --build /home/drymer/ros2_ws/build/robot_interfaces -- -j12 -l12
[0.043s] [35m[1mConsolidate compiler generated dependencies of target robot_interfaces__rosidl_generator_c[0m
[0.051s] [  2%] Built target robot_interfaces__cpp
[0.052s] [ 12%] Built target robot_interfaces__rosidl_generator_c
[0.062s] [ 12%] Built target ament_cmake_python_copy_robot_interfaces
[0.065s] [35m[1mConsolidate compiler generated dependencies of target robot_interfaces__rosidl_typesupport_fastrtps_cpp[0m
[0.065s] [35m[1mConsolidate compiler generated dependencies of target robot_interfaces__rosidl_typesupport_introspection_cpp[0m
[0.067s] [35m[1mConsolidate compiler generated dependencies of target robot_interfaces__rosidl_typesupport_introspection_c[0m
[0.067s] [35m[1mConsolidate compiler generated dependencies of target robot_interfaces__rosidl_typesupport_c[0m
[0.068s] [35m[1mConsolidate compiler generated dependencies of target robot_interfaces__rosidl_typesupport_cpp[0m
[0.069s] [35m[1mConsolidate compiler generated dependencies of target robot_interfaces__rosidl_typesupport_fastrtps_c[0m
[0.083s] [ 23%] Built target robot_interfaces__rosidl_typesupport_c
[0.085s] [ 33%] Built target robot_interfaces__rosidl_typesupport_introspection_c
[0.087s] [ 48%] Built target robot_interfaces__rosidl_typesupport_introspection_cpp
[0.088s] [ 56%] Built target robot_interfaces__rosidl_typesupport_fastrtps_cpp
[0.088s] [ 64%] Built target robot_interfaces__rosidl_typesupport_cpp
[0.089s] [ 74%] Built target robot_interfaces__rosidl_typesupport_fastrtps_c
[0.109s] [ 74%] Built target robot_interfaces
[0.127s] [ 76%] Built target robot_interfaces__py
[0.136s] [35m[1mConsolidate compiler generated dependencies of target robot_interfaces__rosidl_generator_py[0m
[0.149s] [ 84%] Built target robot_interfaces__rosidl_generator_py
[0.158s] [35m[1mConsolidate compiler generated dependencies of target robot_interfaces__rosidl_typesupport_fastrtps_c__pyext[0m
[0.159s] [35m[1mConsolidate compiler generated dependencies of target robot_interfaces__rosidl_typesupport_c__pyext[0m
[0.161s] [35m[1mConsolidate compiler generated dependencies of target robot_interfaces__rosidl_typesupport_introspection_c__pyext[0m
[0.170s] [ 89%] Built target robot_interfaces__rosidl_typesupport_fastrtps_c__pyext
[0.173s] [ 94%] Built target robot_interfaces__rosidl_typesupport_introspection_c__pyext
[0.177s] [100%] Built target robot_interfaces__rosidl_typesupport_c__pyext
[0.341s] running egg_info
[0.342s] writing robot_interfaces.egg-info/PKG-INFO
[0.342s] writing dependency_links to robot_interfaces.egg-info/dependency_links.txt
[0.342s] writing top-level names to robot_interfaces.egg-info/top_level.txt
[0.345s] reading manifest file 'robot_interfaces.egg-info/SOURCES.txt'
[0.346s] writing manifest file 'robot_interfaces.egg-info/SOURCES.txt'
[0.375s] [100%] Built target ament_cmake_python_build_robot_interfaces_egg
[0.384s] Invoked command in '/home/drymer/ros2_ws/build/robot_interfaces' returned '0': CMAKE_PREFIX_PATH=${CMAKE_PREFIX_PATH}:/home/drymer/ros2_ws/install/py_srvcli:/home/drymer/ros2_ws/install/py_pubsub:/home/drymer/ros2_ws/install/robot_system:/home/drymer/ros2_ws/install/py_robottest:/home/drymer/ros2_ws/install/python_parameters:/home/drymer/ros2_ws/install/my_package:/opt/ros/humble /usr/bin/cmake --build /home/drymer/ros2_ws/build/robot_interfaces -- -j12 -l12
[0.472s] Invoking command in '/home/drymer/ros2_ws/build/robot_interfaces': CMAKE_PREFIX_PATH=${CMAKE_PREFIX_PATH}:/home/drymer/ros2_ws/install/py_srvcli:/home/drymer/ros2_ws/install/py_pubsub:/home/drymer/ros2_ws/install/robot_system:/home/drymer/ros2_ws/install/py_robottest:/home/drymer/ros2_ws/install/python_parameters:/home/drymer/ros2_ws/install/my_package:/opt/ros/humble /usr/bin/cmake --install /home/drymer/ros2_ws/build/robot_interfaces
[0.478s] -- Install configuration: ""
[0.479s] -- Up-to-date: /home/drymer/ros2_ws/install/robot_interfaces/share/ament_index/resource_index/rosidl_interfaces/robot_interfaces
[0.479s] -- Up-to-date: /home/drymer/ros2_ws/install/robot_interfaces/include/robot_interfaces/robot_interfaces
[0.479s] -- Up-to-date: /home/drymer/ros2_ws/install/robot_interfaces/include/robot_interfaces/robot_interfaces/action
[0.479s] -- Up-to-date: /home/drymer/ros2_ws/install/robot_interfaces/include/robot_interfaces/robot_interfaces/action/detail
[0.480s] -- Up-to-date: /home/drymer/ros2_ws/install/robot_interfaces/include/robot_interfaces/robot_interfaces/action/detail/motor_control__functions.c
[0.480s] -- Up-to-date: /home/drymer/ros2_ws/install/robot_interfaces/include/robot_interfaces/robot_interfaces/action/detail/motor_control__functions.h
[0.480s] -- Up-to-date: /home/drymer/ros2_ws/install/robot_interfaces/include/robot_interfaces/robot_interfaces/action/detail/motor_control__type_support.h
[0.480s] -- Up-to-date: /home/drymer/ros2_ws/install/robot_interfaces/include/robot_interfaces/robot_interfaces/action/detail/motor_control__struct.h
[0.480s] -- Up-to-date: /home/drymer/ros2_ws/install/robot_interfaces/include/robot_interfaces/robot_interfaces/action/motor_control.h
[0.480s] -- Up-to-date: /home/drymer/ros2_ws/install/robot_interfaces/include/robot_interfaces/robot_interfaces/msg
[0.481s] -- Up-to-date: /home/drymer/ros2_ws/install/robot_interfaces/include/robot_interfaces/robot_interfaces/msg/motor_feedback.h
[0.481s] -- Up-to-date: /home/drymer/ros2_ws/install/robot_interfaces/include/robot_interfaces/robot_interfaces/msg/detail
[0.481s] -- Up-to-date: /home/drymer/ros2_ws/install/robot_interfaces/include/robot_interfaces/robot_interfaces/msg/detail/motor_feedback__functions.c
[0.482s] -- Up-to-date: /home/drymer/ros2_ws/install/robot_interfaces/include/robot_interfaces/robot_interfaces/msg/detail/motor_feedback__struct.h
[0.482s] -- Up-to-date: /home/drymer/ros2_ws/install/robot_interfaces/include/robot_interfaces/robot_interfaces/msg/detail/motor_feedback__type_support.h
[0.482s] -- Up-to-date: /home/drymer/ros2_ws/install/robot_interfaces/include/robot_interfaces/robot_interfaces/msg/detail/motor_feedback__functions.h
[0.482s] -- Up-to-date: /home/drymer/ros2_ws/install/robot_interfaces/include/robot_interfaces/robot_interfaces/msg/rosidl_generator_c__visibility_control.h
[0.482s] -- Up-to-date: /home/drymer/ros2_ws/install/robot_interfaces/share/robot_interfaces/environment/library_path.sh
[0.482s] -- Up-to-date: /home/drymer/ros2_ws/install/robot_interfaces/share/robot_interfaces/environment/library_path.dsv
[0.482s] -- Up-to-date: /home/drymer/ros2_ws/install/robot_interfaces/lib/librobot_interfaces__rosidl_generator_c.so
[0.483s] -- Up-to-date: /home/drymer/ros2_ws/install/robot_interfaces/include/robot_interfaces/robot_interfaces
[0.483s] -- Up-to-date: /home/drymer/ros2_ws/install/robot_interfaces/include/robot_interfaces/robot_interfaces/action
[0.483s] -- Up-to-date: /home/drymer/ros2_ws/install/robot_interfaces/include/robot_interfaces/robot_interfaces/action/detail
[0.483s] -- Up-to-date: /home/drymer/ros2_ws/install/robot_interfaces/include/robot_interfaces/robot_interfaces/action/detail/motor_control__rosidl_typesupport_fastrtps_c.h
[0.483s] -- Up-to-date: /home/drymer/ros2_ws/install/robot_interfaces/include/robot_interfaces/robot_interfaces/msg
[0.483s] -- Up-to-date: /home/drymer/ros2_ws/install/robot_interfaces/include/robot_interfaces/robot_interfaces/msg/detail
[0.484s] -- Up-to-date: /home/drymer/ros2_ws/install/robot_interfaces/include/robot_interfaces/robot_interfaces/msg/detail/motor_feedback__rosidl_typesupport_fastrtps_c.h
[0.484s] -- Up-to-date: /home/drymer/ros2_ws/install/robot_interfaces/include/robot_interfaces/robot_interfaces/msg/rosidl_typesupport_fastrtps_c__visibility_control.h
[0.484s] -- Up-to-date: /home/drymer/ros2_ws/install/robot_interfaces/lib/librobot_interfaces__rosidl_typesupport_fastrtps_c.so
[0.484s] -- Up-to-date: /home/drymer/ros2_ws/install/robot_interfaces/include/robot_interfaces/robot_interfaces
[0.484s] -- Up-to-date: /home/drymer/ros2_ws/install/robot_interfaces/include/robot_interfaces/robot_interfaces/action
[0.484s] -- Up-to-date: /home/drymer/ros2_ws/install/robot_interfaces/include/robot_interfaces/robot_interfaces/action/motor_control.hpp
[0.484s] -- Up-to-date: /home/drymer/ros2_ws/install/robot_interfaces/include/robot_interfaces/robot_interfaces/action/detail
[0.485s] -- Up-to-date: /home/drymer/ros2_ws/install/robot_interfaces/include/robot_interfaces/robot_interfaces/action/detail/motor_control__struct.hpp
[0.485s] -- Up-to-date: /home/drymer/ros2_ws/install/robot_interfaces/include/robot_interfaces/robot_interfaces/action/detail/motor_control__traits.hpp
[0.485s] -- Up-to-date: /home/drymer/ros2_ws/install/robot_interfaces/include/robot_interfaces/robot_interfaces/action/detail/motor_control__builder.hpp
[0.485s] -- Up-to-date: /home/drymer/ros2_ws/install/robot_interfaces/include/robot_interfaces/robot_interfaces/msg
[0.485s] -- Up-to-date: /home/drymer/ros2_ws/install/robot_interfaces/include/robot_interfaces/robot_interfaces/msg/detail
[0.485s] -- Up-to-date: /home/drymer/ros2_ws/install/robot_interfaces/include/robot_interfaces/robot_interfaces/msg/detail/motor_feedback__builder.hpp
[0.486s] -- Up-to-date: /home/drymer/ros2_ws/install/robot_interfaces/include/robot_interfaces/robot_interfaces/msg/detail/motor_feedback__struct.hpp
[0.486s] -- Up-to-date: /home/drymer/ros2_ws/install/robot_interfaces/include/robot_interfaces/robot_interfaces/msg/detail/motor_feedback__traits.hpp
[0.486s] -- Up-to-date: /home/drymer/ros2_ws/install/robot_interfaces/include/robot_interfaces/robot_interfaces/msg/motor_feedback.hpp
[0.486s] -- Up-to-date: /home/drymer/ros2_ws/install/robot_interfaces/include/robot_interfaces/robot_interfaces
[0.486s] -- Up-to-date: /home/drymer/ros2_ws/install/robot_interfaces/include/robot_interfaces/robot_interfaces/action
[0.486s] -- Up-to-date: /home/drymer/ros2_ws/install/robot_interfaces/include/robot_interfaces/robot_interfaces/action/detail
[0.486s] -- Up-to-date: /home/drymer/ros2_ws/install/robot_interfaces/include/robot_interfaces/robot_interfaces/action/detail/dds_fastrtps
[0.486s] -- Up-to-date: /home/drymer/ros2_ws/install/robot_interfaces/include/robot_interfaces/robot_interfaces/action/detail/motor_control__rosidl_typesupport_fastrtps_cpp.hpp
[0.487s] -- Up-to-date: /home/drymer/ros2_ws/install/robot_interfaces/include/robot_interfaces/robot_interfaces/msg
[0.487s] -- Up-to-date: /home/drymer/ros2_ws/install/robot_interfaces/include/robot_interfaces/robot_interfaces/msg/rosidl_typesupport_fastrtps_cpp__visibility_control.h
[0.487s] -- Up-to-date: /home/drymer/ros2_ws/install/robot_interfaces/include/robot_interfaces/robot_interfaces/msg/detail
[0.487s] -- Up-to-date: /home/drymer/ros2_ws/install/robot_interfaces/include/robot_interfaces/robot_interfaces/msg/detail/dds_fastrtps
[0.487s] -- Up-to-date: /home/drymer/ros2_ws/install/robot_interfaces/include/robot_interfaces/robot_interfaces/msg/detail/motor_feedback__rosidl_typesupport_fastrtps_cpp.hpp
[0.487s] -- Up-to-date: /home/drymer/ros2_ws/install/robot_interfaces/lib/librobot_interfaces__rosidl_typesupport_fastrtps_cpp.so
[0.487s] -- Up-to-date: /home/drymer/ros2_ws/install/robot_interfaces/include/robot_interfaces/robot_interfaces
[0.487s] -- Up-to-date: /home/drymer/ros2_ws/install/robot_interfaces/include/robot_interfaces/robot_interfaces/action
[0.487s] -- Up-to-date: /home/drymer/ros2_ws/install/robot_interfaces/include/robot_interfaces/robot_interfaces/action/detail
[0.487s] -- Up-to-date: /home/drymer/ros2_ws/install/robot_interfaces/include/robot_interfaces/robot_interfaces/action/detail/motor_control__rosidl_typesupport_introspection_c.h
[0.487s] -- Up-to-date: /home/drymer/ros2_ws/install/robot_interfaces/include/robot_interfaces/robot_interfaces/action/detail/motor_control__type_support.c
[0.487s] -- Up-to-date: /home/drymer/ros2_ws/install/robot_interfaces/include/robot_interfaces/robot_interfaces/msg
[0.487s] -- Up-to-date: /home/drymer/ros2_ws/install/robot_interfaces/include/robot_interfaces/robot_interfaces/msg/detail
[0.487s] -- Up-to-date: /home/drymer/ros2_ws/install/robot_interfaces/include/robot_interfaces/robot_interfaces/msg/detail/motor_feedback__rosidl_typesupport_introspection_c.h
[0.487s] -- Up-to-date: /home/drymer/ros2_ws/install/robot_interfaces/include/robot_interfaces/robot_interfaces/msg/detail/motor_feedback__type_support.c
[0.487s] -- Up-to-date: /home/drymer/ros2_ws/install/robot_interfaces/include/robot_interfaces/robot_interfaces/msg/rosidl_typesupport_introspection_c__visibility_control.h
[0.487s] -- Up-to-date: /home/drymer/ros2_ws/install/robot_interfaces/lib/librobot_interfaces__rosidl_typesupport_introspection_c.so
[0.487s] -- Up-to-date: /home/drymer/ros2_ws/install/robot_interfaces/lib/librobot_interfaces__rosidl_typesupport_c.so
[0.487s] -- Up-to-date: /home/drymer/ros2_ws/install/robot_interfaces/include/robot_interfaces/robot_interfaces
[0.488s] -- Up-to-date: /home/drymer/ros2_ws/install/robot_interfaces/include/robot_interfaces/robot_interfaces/action
[0.488s] -- Up-to-date: /home/drymer/ros2_ws/install/robot_interfaces/include/robot_interfaces/robot_interfaces/action/detail
[0.488s] -- Up-to-date: /home/drymer/ros2_ws/install/robot_interfaces/include/robot_interfaces/robot_interfaces/action/detail/motor_control__rosidl_typesupport_introspection_cpp.hpp
[0.488s] -- Up-to-date: /home/drymer/ros2_ws/install/robot_interfaces/include/robot_interfaces/robot_interfaces/action/detail/motor_control__type_support.cpp
[0.488s] -- Up-to-date: /home/drymer/ros2_ws/install/robot_interfaces/include/robot_interfaces/robot_interfaces/msg
[0.488s] -- Up-to-date: /home/drymer/ros2_ws/install/robot_interfaces/include/robot_interfaces/robot_interfaces/msg/detail
[0.488s] -- Up-to-date: /home/drymer/ros2_ws/install/robot_interfaces/include/robot_interfaces/robot_interfaces/msg/detail/motor_feedback__type_support.cpp
[0.488s] -- Up-to-date: /home/drymer/ros2_ws/install/robot_interfaces/include/robot_interfaces/robot_interfaces/msg/detail/motor_feedback__rosidl_typesupport_introspection_cpp.hpp
[0.488s] -- Up-to-date: /home/drymer/ros2_ws/install/robot_interfaces/lib/librobot_interfaces__rosidl_typesupport_introspection_cpp.so
[0.488s] -- Up-to-date: /home/drymer/ros2_ws/install/robot_interfaces/lib/librobot_interfaces__rosidl_typesupport_cpp.so
[0.488s] -- Up-to-date: /home/drymer/ros2_ws/install/robot_interfaces/share/robot_interfaces/environment/pythonpath.sh
[0.488s] -- Up-to-date: /home/drymer/ros2_ws/install/robot_interfaces/share/robot_interfaces/environment/pythonpath.dsv
[0.488s] -- Up-to-date: /home/drymer/ros2_ws/install/robot_interfaces/local/lib/python3.10/dist-packages/robot_interfaces-0.0.0-py3.10.egg-info
[0.488s] -- Installing: /home/drymer/ros2_ws/install/robot_interfaces/local/lib/python3.10/dist-packages/robot_interfaces-0.0.0-py3.10.egg-info/PKG-INFO
[0.488s] -- Installing: /home/drymer/ros2_ws/install/robot_interfaces/local/lib/python3.10/dist-packages/robot_interfaces-0.0.0-py3.10.egg-info/top_level.txt
[0.488s] -- Installing: /home/drymer/ros2_ws/install/robot_interfaces/local/lib/python3.10/dist-packages/robot_interfaces-0.0.0-py3.10.egg-info/dependency_links.txt
[0.488s] -- Installing: /home/drymer/ros2_ws/install/robot_interfaces/local/lib/python3.10/dist-packages/robot_interfaces-0.0.0-py3.10.egg-info/SOURCES.txt
[0.488s] -- Up-to-date: /home/drymer/ros2_ws/install/robot_interfaces/local/lib/python3.10/dist-packages/robot_interfaces
[0.489s] -- Up-to-date: /home/drymer/ros2_ws/install/robot_interfaces/local/lib/python3.10/dist-packages/robot_interfaces/__init__.py
[0.489s] -- Up-to-date: /home/drymer/ros2_ws/install/robot_interfaces/local/lib/python3.10/dist-packages/robot_interfaces/action
[0.489s] -- Up-to-date: /home/drymer/ros2_ws/install/robot_interfaces/local/lib/python3.10/dist-packages/robot_interfaces/action/__init__.py
[0.489s] -- Up-to-date: /home/drymer/ros2_ws/install/robot_interfaces/local/lib/python3.10/dist-packages/robot_interfaces/action/_motor_control.py
[0.489s] -- Up-to-date: /home/drymer/ros2_ws/install/robot_interfaces/local/lib/python3.10/dist-packages/robot_interfaces/action/_motor_control_s.c
[0.489s] -- Up-to-date: /home/drymer/ros2_ws/install/robot_interfaces/local/lib/python3.10/dist-packages/robot_interfaces/_robot_interfaces_s.ep.rosidl_typesupport_c.c
[0.489s] -- Up-to-date: /home/drymer/ros2_ws/install/robot_interfaces/local/lib/python3.10/dist-packages/robot_interfaces/robot_interfaces_s__rosidl_typesupport_introspection_c.cpython-310-x86_64-linux-gnu.so
[0.489s] -- Up-to-date: /home/drymer/ros2_ws/install/robot_interfaces/local/lib/python3.10/dist-packages/robot_interfaces/librobot_interfaces__rosidl_generator_py.so
[0.489s] -- Up-to-date: /home/drymer/ros2_ws/install/robot_interfaces/local/lib/python3.10/dist-packages/robot_interfaces/_robot_interfaces_s.ep.rosidl_typesupport_fastrtps_c.c
[0.489s] -- Up-to-date: /home/drymer/ros2_ws/install/robot_interfaces/local/lib/python3.10/dist-packages/robot_interfaces/robot_interfaces_s__rosidl_typesupport_fastrtps_c.cpython-310-x86_64-linux-gnu.so
[0.489s] -- Up-to-date: /home/drymer/ros2_ws/install/robot_interfaces/local/lib/python3.10/dist-packages/robot_interfaces/msg
[0.489s] -- Up-to-date: /home/drymer/ros2_ws/install/robot_interfaces/local/lib/python3.10/dist-packages/robot_interfaces/msg/__init__.py
[0.489s] -- Up-to-date: /home/drymer/ros2_ws/install/robot_interfaces/local/lib/python3.10/dist-packages/robot_interfaces/msg/_motor_feedback_s.c
[0.489s] -- Up-to-date: /home/drymer/ros2_ws/install/robot_interfaces/local/lib/python3.10/dist-packages/robot_interfaces/msg/_motor_feedback.py
[0.489s] -- Up-to-date: /home/drymer/ros2_ws/install/robot_interfaces/local/lib/python3.10/dist-packages/robot_interfaces/_robot_interfaces_s.ep.rosidl_typesupport_introspection_c.c
[0.489s] -- Up-to-date: /home/drymer/ros2_ws/install/robot_interfaces/local/lib/python3.10/dist-packages/robot_interfaces/robot_interfaces_s__rosidl_typesupport_c.cpython-310-x86_64-linux-gnu.so
[0.517s] Listing '/home/drymer/ros2_ws/install/robot_interfaces/local/lib/python3.10/dist-packages/robot_interfaces'...
[0.517s] Listing '/home/drymer/ros2_ws/install/robot_interfaces/local/lib/python3.10/dist-packages/robot_interfaces/action'...
[0.518s] Listing '/home/drymer/ros2_ws/install/robot_interfaces/local/lib/python3.10/dist-packages/robot_interfaces/msg'...
[0.521s] -- Up-to-date: /home/drymer/ros2_ws/install/robot_interfaces/local/lib/python3.10/dist-packages/robot_interfaces/robot_interfaces_s__rosidl_typesupport_fastrtps_c.cpython-310-x86_64-linux-gnu.so
[0.521s] -- Up-to-date: /home/drymer/ros2_ws/install/robot_interfaces/local/lib/python3.10/dist-packages/robot_interfaces/robot_interfaces_s__rosidl_typesupport_introspection_c.cpython-310-x86_64-linux-gnu.so
[0.522s] -- Up-to-date: /home/drymer/ros2_ws/install/robot_interfaces/local/lib/python3.10/dist-packages/robot_interfaces/robot_interfaces_s__rosidl_typesupport_c.cpython-310-x86_64-linux-gnu.so
[0.522s] -- Up-to-date: /home/drymer/ros2_ws/install/robot_interfaces/lib/librobot_interfaces__rosidl_generator_py.so
[0.522s] -- Up-to-date: /home/drymer/ros2_ws/install/robot_interfaces/share/robot_interfaces/msg/MotorFeedback.idl
[0.523s] -- Up-to-date: /home/drymer/ros2_ws/install/robot_interfaces/share/robot_interfaces/action/MotorControl.idl
[0.523s] -- Up-to-date: /home/drymer/ros2_ws/install/robot_interfaces/share/robot_interfaces/msg/MotorFeedback.msg
[0.523s] -- Up-to-date: /home/drymer/ros2_ws/install/robot_interfaces/share/robot_interfaces/action/MotorControl.action
[0.523s] -- Up-to-date: /home/drymer/ros2_ws/install/robot_interfaces/share/ament_index/resource_index/package_run_dependencies/robot_interfaces
[0.523s] -- Up-to-date: /home/drymer/ros2_ws/install/robot_interfaces/share/ament_index/resource_index/parent_prefix_path/robot_interfaces
[0.523s] -- Up-to-date: /home/drymer/ros2_ws/install/robot_interfaces/share/robot_interfaces/environment/ament_prefix_path.sh
[0.524s] -- Up-to-date: /home/drymer/ros2_ws/install/robot_interfaces/share/robot_interfaces/environment/ament_prefix_path.dsv
[0.524s] -- Up-to-date: /home/drymer/ros2_ws/install/robot_interfaces/share/robot_interfaces/environment/path.sh
[0.524s] -- Up-to-date: /home/drymer/ros2_ws/install/robot_interfaces/share/robot_interfaces/environment/path.dsv
[0.524s] -- Up-to-date: /home/drymer/ros2_ws/install/robot_interfaces/share/robot_interfaces/local_setup.bash
[0.525s] -- Up-to-date: /home/drymer/ros2_ws/install/robot_interfaces/share/robot_interfaces/local_setup.sh
[0.525s] -- Up-to-date: /home/drymer/ros2_ws/install/robot_interfaces/share/robot_interfaces/local_setup.zsh
[0.525s] -- Up-to-date: /home/drymer/ros2_ws/install/robot_interfaces/share/robot_interfaces/local_setup.dsv
[0.525s] -- Installing: /home/drymer/ros2_ws/install/robot_interfaces/share/robot_interfaces/package.dsv
[0.525s] -- Up-to-date: /home/drymer/ros2_ws/install/robot_interfaces/share/ament_index/resource_index/packages/robot_interfaces
[0.525s] -- Up-to-date: /home/drymer/ros2_ws/install/robot_interfaces/share/robot_interfaces/cmake/export_robot_interfaces__rosidl_generator_cExport.cmake
[0.526s] -- Up-to-date: /home/drymer/ros2_ws/install/robot_interfaces/share/robot_interfaces/cmake/export_robot_interfaces__rosidl_generator_cExport-noconfig.cmake
[0.526s] -- Up-to-date: /home/drymer/ros2_ws/install/robot_interfaces/share/robot_interfaces/cmake/export_robot_interfaces__rosidl_typesupport_fastrtps_cExport.cmake
[0.526s] -- Up-to-date: /home/drymer/ros2_ws/install/robot_interfaces/share/robot_interfaces/cmake/export_robot_interfaces__rosidl_typesupport_fastrtps_cExport-noconfig.cmake
[0.526s] -- Up-to-date: /home/drymer/ros2_ws/install/robot_interfaces/share/robot_interfaces/cmake/export_robot_interfaces__rosidl_generator_cppExport.cmake
[0.526s] -- Up-to-date: /home/drymer/ros2_ws/install/robot_interfaces/share/robot_interfaces/cmake/export_robot_interfaces__rosidl_typesupport_fastrtps_cppExport.cmake
[0.526s] -- Up-to-date: /home/drymer/ros2_ws/install/robot_interfaces/share/robot_interfaces/cmake/export_robot_interfaces__rosidl_typesupport_fastrtps_cppExport-noconfig.cmake
[0.526s] -- Up-to-date: /home/drymer/ros2_ws/install/robot_interfaces/share/robot_interfaces/cmake/robot_interfaces__rosidl_typesupport_introspection_cExport.cmake
[0.527s] -- Up-to-date: /home/drymer/ros2_ws/install/robot_interfaces/share/robot_interfaces/cmake/robot_interfaces__rosidl_typesupport_introspection_cExport-noconfig.cmake
[0.527s] -- Up-to-date: /home/drymer/ros2_ws/install/robot_interfaces/share/robot_interfaces/cmake/robot_interfaces__rosidl_typesupport_cExport.cmake
[0.527s] -- Up-to-date: /home/drymer/ros2_ws/install/robot_interfaces/share/robot_interfaces/cmake/robot_interfaces__rosidl_typesupport_cExport-noconfig.cmake
[0.527s] -- Up-to-date: /home/drymer/ros2_ws/install/robot_interfaces/share/robot_interfaces/cmake/robot_interfaces__rosidl_typesupport_introspection_cppExport.cmake
[0.529s] -- Up-to-date: /home/drymer/ros2_ws/install/robot_interfaces/share/robot_interfaces/cmake/robot_interfaces__rosidl_typesupport_introspection_cppExport-noconfig.cmake
[0.529s] -- Up-to-date: /home/drymer/ros2_ws/install/robot_interfaces/share/robot_interfaces/cmake/robot_interfaces__rosidl_typesupport_cppExport.cmake
[0.530s] -- Up-to-date: /home/drymer/ros2_ws/install/robot_interfaces/share/robot_interfaces/cmake/robot_interfaces__rosidl_typesupport_cppExport-noconfig.cmake
[0.530s] -- Up-to-date: /home/drymer/ros2_ws/install/robot_interfaces/share/robot_interfaces/cmake/export_robot_interfaces__rosidl_generator_pyExport.cmake
[0.530s] -- Up-to-date: /home/drymer/ros2_ws/install/robot_interfaces/share/robot_interfaces/cmake/export_robot_interfaces__rosidl_generator_pyExport-noconfig.cmake
[0.530s] -- Up-to-date: /home/drymer/ros2_ws/install/robot_interfaces/share/robot_interfaces/cmake/rosidl_cmake-extras.cmake
[0.530s] -- Up-to-date: /home/drymer/ros2_ws/install/robot_interfaces/share/robot_interfaces/cmake/ament_cmake_export_dependencies-extras.cmake
[0.531s] -- Up-to-date: /home/drymer/ros2_ws/install/robot_interfaces/share/robot_interfaces/cmake/ament_cmake_export_include_directories-extras.cmake
[0.531s] -- Up-to-date: /home/drymer/ros2_ws/install/robot_interfaces/share/robot_interfaces/cmake/ament_cmake_export_libraries-extras.cmake
[0.531s] -- Up-to-date: /home/drymer/ros2_ws/install/robot_interfaces/share/robot_interfaces/cmake/ament_cmake_export_targets-extras.cmake
[0.531s] -- Up-to-date: /home/drymer/ros2_ws/install/robot_interfaces/share/robot_interfaces/cmake/rosidl_cmake_export_typesupport_targets-extras.cmake
[0.531s] -- Up-to-date: /home/drymer/ros2_ws/install/robot_interfaces/share/robot_interfaces/cmake/rosidl_cmake_export_typesupport_libraries-extras.cmake
[0.531s] -- Up-to-date: /home/drymer/ros2_ws/install/robot_interfaces/share/robot_interfaces/cmake/robot_interfacesConfig.cmake
[0.531s] -- Up-to-date: /home/drymer/ros2_ws/install/robot_interfaces/share/robot_interfaces/cmake/robot_interfacesConfig-version.cmake
[0.532s] -- Up-to-date: /home/drymer/ros2_ws/install/robot_interfaces/share/robot_interfaces/package.xml
[0.532s] Invoked command in '/home/drymer/ros2_ws/build/robot_interfaces' returned '0': CMAKE_PREFIX_PATH=${CMAKE_PREFIX_PATH}:/home/drymer/ros2_ws/install/py_srvcli:/home/drymer/ros2_ws/install/py_pubsub:/home/drymer/ros2_ws/install/robot_system:/home/drymer/ros2_ws/install/py_robottest:/home/drymer/ros2_ws/install/python_parameters:/home/drymer/ros2_ws/install/my_package:/opt/ros/humble /usr/bin/cmake --install /home/drymer/ros2_ws/build/robot_interfaces
