[0.010s] Invoking command in '/home/drymer/ros2_ws/build/robot_interfaces': CMAKE_PREFIX_PATH=${CMAKE_PREFIX_PATH}:/home/drymer/ros2_ws/install/py_srvcli:/home/drymer/ros2_ws/install/py_pubsub:/home/drymer/ros2_ws/install/robot_system:/home/drymer/ros2_ws/install/py_robottest:/home/drymer/ros2_ws/install/python_parameters:/home/drymer/ros2_ws/install/my_package:/opt/ros/humble /usr/bin/cmake --build /home/drymer/ros2_ws/build/robot_interfaces -- -j12 -l12
[0.030s] -- Found ament_cmake: 1.3.10 (/opt/ros/humble/share/ament_cmake/cmake)
[0.135s] -- Found ament_lint_auto: 0.12.11 (/opt/ros/humble/share/ament_lint_auto/cmake)
[0.192s] -- Found geometry_msgs: 4.2.4 (/opt/ros/humble/share/geometry_msgs/cmake)
[0.348s] -- Found rosidl_generator_c: 3.1.5 (/opt/ros/humble/share/rosidl_generator_c/cmake)
[0.350s] -- Found rosidl_adapter: 3.1.5 (/opt/ros/humble/share/rosidl_adapter/cmake)
[0.356s] -- Found rosidl_generator_cpp: 3.1.5 (/opt/ros/humble/share/rosidl_generator_cpp/cmake)
[0.364s] -- Using all available rosidl_typesupport_c: rosidl_typesupport_fastrtps_c;rosidl_typesupport_introspection_c
[0.375s] -- Using all available rosidl_typesupport_cpp: rosidl_typesupport_fastrtps_cpp;rosidl_typesupport_introspection_cpp
[0.407s] -- Found rosidl_default_generators: 1.2.0 (/opt/ros/humble/share/rosidl_default_generators/cmake)
[0.634s] -- Found ament_cmake_ros: 0.10.0 (/opt/ros/humble/share/ament_cmake_ros/cmake)
[0.937s] -- Using all available rosidl_typesupport_c: rosidl_typesupport_fastrtps_c;rosidl_typesupport_introspection_c
[1.053s] -- Using all available rosidl_typesupport_cpp: rosidl_typesupport_fastrtps_cpp;rosidl_typesupport_introspection_cpp
[1.073s] -- Found python_cmake_module: 0.10.0 (/opt/ros/humble/share/python_cmake_module/cmake)
[1.093s] -- Using PYTHON_EXECUTABLE: /usr/bin/python3
[1.093s] -- Using PYTHON_INCLUDE_DIRS: /usr/include/python3.10
[1.093s] -- Using PYTHON_LIBRARIES: /usr/lib/x86_64-linux-gnu/libpython3.10.so
[1.115s] -- Added test 'lint_cmake' to check CMake code style
[1.115s] -- Added test 'xmllint' to check XML markup files
[1.118s] -- Configuring done
[1.151s] -- Generating done
[1.154s] -- Build files have been written to: /home/drymer/ros2_ws/build/robot_interfaces
[1.174s] [  1%] [34m[1mGenerating C code for ROS interfaces[0m
[1.182s] [  3%] [34m[1mGenerating C++ code for ROS interfaces[0m
[1.191s] [  3%] Built target ament_cmake_python_copy_robot_interfaces
[1.454s] running egg_info
[1.455s] writing robot_interfaces.egg-info/PKG-INFO
[1.455s] writing dependency_links to robot_interfaces.egg-info/dependency_links.txt
[1.455s] writing top-level names to robot_interfaces.egg-info/top_level.txt
[1.457s] reading manifest file 'robot_interfaces.egg-info/SOURCES.txt'
[1.458s] writing manifest file 'robot_interfaces.egg-info/SOURCES.txt'
[1.481s] [  3%] Built target ament_cmake_python_build_robot_interfaces_egg
[1.736s] [  3%] Built target robot_interfaces__cpp
[1.745s] [  4%] [34m[1mGenerating C++ type support dispatch for ROS interfaces[0m
[1.745s] [  6%] [34m[1mGenerating C++ type support for eProsima Fast-RTPS[0m
[1.746s] [  7%] [34m[1mGenerating C++ introspection for ROS interfaces[0m
[1.797s] [35m[1mConsolidate compiler generated dependencies of target robot_interfaces__rosidl_generator_c[0m
[1.813s] [  9%] [32mBuilding C object CMakeFiles/robot_interfaces__rosidl_generator_c.dir/rosidl_generator_c/robot_interfaces/msg/detail/motor_feedback__functions.c.o[0m
[1.814s] [ 11%] [32mBuilding C object CMakeFiles/robot_interfaces__rosidl_generator_c.dir/rosidl_generator_c/robot_interfaces/action/detail/motor_control__functions.c.o[0m
[1.815s] [ 15%] [32mBuilding C object CMakeFiles/robot_interfaces__rosidl_generator_c.dir/rosidl_generator_c/robot_interfaces/msg/detail/stereo_images__functions.c.o[0m
[1.815s] [ 15%] [32mBuilding C object CMakeFiles/robot_interfaces__rosidl_generator_c.dir/rosidl_generator_c/robot_interfaces/msg/detail/controller_command__functions.c.o[0m
[1.815s] [ 15%] [32mBuilding C object CMakeFiles/robot_interfaces__rosidl_generator_c.dir/rosidl_generator_c/robot_interfaces/msg/detail/vision_data__functions.c.o[0m
[1.964s] [ 17%] [32m[1mLinking C shared library librobot_interfaces__rosidl_generator_c.so[0m
[2.105s] [ 17%] Built target robot_interfaces__rosidl_generator_c
[2.115s] [ 22%] [34m[1mGenerating C type support for eProsima Fast-RTPS[0m
[2.115s] [ 22%] [34m[1mGenerating C type support dispatch for ROS interfaces[0m
[2.116s] [ 22%] [34m[1mGenerating C introspection for ROS interfaces[0m
[2.238s] [35m[1mConsolidate compiler generated dependencies of target robot_interfaces__rosidl_typesupport_cpp[0m
[2.260s] [ 23%] [32mBuilding CXX object CMakeFiles/robot_interfaces__rosidl_typesupport_cpp.dir/rosidl_typesupport_cpp/robot_interfaces/msg/motor_feedback__type_support.cpp.o[0m
[2.261s] [ 25%] [32mBuilding CXX object CMakeFiles/robot_interfaces__rosidl_typesupport_cpp.dir/rosidl_typesupport_cpp/robot_interfaces/action/motor_control__type_support.cpp.o[0m
[2.261s] [ 26%] [32mBuilding CXX object CMakeFiles/robot_interfaces__rosidl_typesupport_cpp.dir/rosidl_typesupport_cpp/robot_interfaces/msg/vision_data__type_support.cpp.o[0m
[2.262s] [ 28%] [32mBuilding CXX object CMakeFiles/robot_interfaces__rosidl_typesupport_cpp.dir/rosidl_typesupport_cpp/robot_interfaces/msg/controller_command__type_support.cpp.o[0m
[2.262s] [ 30%] [32mBuilding CXX object CMakeFiles/robot_interfaces__rosidl_typesupport_cpp.dir/rosidl_typesupport_cpp/robot_interfaces/msg/stereo_images__type_support.cpp.o[0m
[2.400s] [35m[1mConsolidate compiler generated dependencies of target robot_interfaces__rosidl_typesupport_introspection_cpp[0m
[2.432s] [ 33%] [32mBuilding CXX object CMakeFiles/robot_interfaces__rosidl_typesupport_introspection_cpp.dir/rosidl_typesupport_introspection_cpp/robot_interfaces/action/detail/motor_control__type_support.cpp.o[0m
[2.433s] [ 33%] [32mBuilding CXX object CMakeFiles/robot_interfaces__rosidl_typesupport_introspection_cpp.dir/rosidl_typesupport_introspection_cpp/robot_interfaces/msg/detail/motor_feedback__type_support.cpp.o[0m
[2.436s] [ 34%] [32mBuilding CXX object CMakeFiles/robot_interfaces__rosidl_typesupport_introspection_cpp.dir/rosidl_typesupport_introspection_cpp/robot_interfaces/msg/detail/vision_data__type_support.cpp.o[0m
[2.579s] [35m[1mConsolidate compiler generated dependencies of target robot_interfaces__rosidl_typesupport_fastrtps_cpp[0m
[2.606s] [ 36%] [32mBuilding CXX object CMakeFiles/robot_interfaces__rosidl_typesupport_fastrtps_cpp.dir/rosidl_typesupport_fastrtps_cpp/robot_interfaces/msg/detail/dds_fastrtps/motor_feedback__type_support.cpp.o[0m
[2.736s] [ 38%] [32mBuilding CXX object CMakeFiles/robot_interfaces__rosidl_typesupport_fastrtps_cpp.dir/rosidl_typesupport_fastrtps_cpp/robot_interfaces/action/detail/dds_fastrtps/motor_control__type_support.cpp.o[0m
[2.747s] [ 39%] [32mBuilding CXX object CMakeFiles/robot_interfaces__rosidl_typesupport_fastrtps_cpp.dir/rosidl_typesupport_fastrtps_cpp/robot_interfaces/msg/detail/dds_fastrtps/vision_data__type_support.cpp.o[0m
[2.762s] [ 41%] [32mBuilding CXX object CMakeFiles/robot_interfaces__rosidl_typesupport_introspection_cpp.dir/rosidl_typesupport_introspection_cpp/robot_interfaces/msg/detail/controller_command__type_support.cpp.o[0m
[2.764s] [ 42%] [32mBuilding CXX object CMakeFiles/robot_interfaces__rosidl_typesupport_fastrtps_cpp.dir/rosidl_typesupport_fastrtps_cpp/robot_interfaces/msg/detail/dds_fastrtps/controller_command__type_support.cpp.o[0m
[2.851s] [35m[1mConsolidate compiler generated dependencies of target robot_interfaces__rosidl_typesupport_c[0m
[2.869s] [ 44%] [32mBuilding CXX object CMakeFiles/robot_interfaces__rosidl_typesupport_c.dir/rosidl_typesupport_c/robot_interfaces/msg/motor_feedback__type_support.cpp.o[0m
[2.914s] [ 46%] [32mBuilding CXX object CMakeFiles/robot_interfaces__rosidl_typesupport_c.dir/rosidl_typesupport_c/robot_interfaces/action/motor_control__type_support.cpp.o[0m
[2.991s] [ 47%] [32mBuilding CXX object CMakeFiles/robot_interfaces__rosidl_typesupport_c.dir/rosidl_typesupport_c/robot_interfaces/msg/vision_data__type_support.cpp.o[0m
[3.037s] [ 49%] [32mBuilding CXX object CMakeFiles/robot_interfaces__rosidl_typesupport_c.dir/rosidl_typesupport_c/robot_interfaces/msg/controller_command__type_support.cpp.o[0m
[3.081s] [ 50%] [32mBuilding CXX object CMakeFiles/robot_interfaces__rosidl_typesupport_c.dir/rosidl_typesupport_c/robot_interfaces/msg/stereo_images__type_support.cpp.o[0m
[3.100s] [ 52%] [32m[1mLinking CXX shared library librobot_interfaces__rosidl_typesupport_cpp.so[0m
[3.133s] [ 53%] [32m[1mLinking CXX shared library librobot_interfaces__rosidl_typesupport_c.so[0m
[3.166s] [ 55%] [32mBuilding CXX object CMakeFiles/robot_interfaces__rosidl_typesupport_introspection_cpp.dir/rosidl_typesupport_introspection_cpp/robot_interfaces/msg/detail/stereo_images__type_support.cpp.o[0m
[3.194s] [35m[1mConsolidate compiler generated dependencies of target robot_interfaces__rosidl_typesupport_fastrtps_c[0m
[3.224s] [ 57%] [32mBuilding CXX object CMakeFiles/robot_interfaces__rosidl_typesupport_fastrtps_c.dir/rosidl_typesupport_fastrtps_c/robot_interfaces/msg/detail/motor_feedback__type_support_c.cpp.o[0m
[3.229s] [35m[1mConsolidate compiler generated dependencies of target robot_interfaces__rosidl_typesupport_introspection_c[0m
[3.249s] [ 58%] [32mBuilding C object CMakeFiles/robot_interfaces__rosidl_typesupport_introspection_c.dir/rosidl_typesupport_introspection_c/robot_interfaces/msg/detail/motor_feedback__type_support.c.o[0m
[3.302s] [ 60%] [32mBuilding C object CMakeFiles/robot_interfaces__rosidl_typesupport_introspection_c.dir/rosidl_typesupport_introspection_c/robot_interfaces/action/detail/motor_control__type_support.c.o[0m
[3.353s] [ 61%] [32mBuilding C object CMakeFiles/robot_interfaces__rosidl_typesupport_introspection_c.dir/rosidl_typesupport_introspection_c/robot_interfaces/msg/detail/vision_data__type_support.c.o[0m
[3.363s] [ 61%] Built target robot_interfaces__rosidl_typesupport_cpp
[3.375s] [ 63%] [32mBuilding C object CMakeFiles/robot_interfaces__rosidl_typesupport_introspection_c.dir/rosidl_typesupport_introspection_c/robot_interfaces/msg/detail/controller_command__type_support.c.o[0m
[3.396s] [ 65%] [32mBuilding C object CMakeFiles/robot_interfaces__rosidl_typesupport_introspection_c.dir/rosidl_typesupport_introspection_c/robot_interfaces/msg/detail/stereo_images__type_support.c.o[0m
[3.409s] [ 65%] Built target robot_interfaces__rosidl_typesupport_c
[3.422s] [ 66%] [32mBuilding CXX object CMakeFiles/robot_interfaces__rosidl_typesupport_fastrtps_c.dir/rosidl_typesupport_fastrtps_c/robot_interfaces/action/detail/motor_control__type_support_c.cpp.o[0m
[3.423s] [ 68%] [32mBuilding CXX object CMakeFiles/robot_interfaces__rosidl_typesupport_fastrtps_cpp.dir/rosidl_typesupport_fastrtps_cpp/robot_interfaces/msg/detail/dds_fastrtps/stereo_images__type_support.cpp.o[0m
[3.432s] [ 69%] [32mBuilding CXX object CMakeFiles/robot_interfaces__rosidl_typesupport_fastrtps_c.dir/rosidl_typesupport_fastrtps_c/robot_interfaces/msg/detail/vision_data__type_support_c.cpp.o[0m
[3.437s] [ 71%] [32mBuilding CXX object CMakeFiles/robot_interfaces__rosidl_typesupport_fastrtps_c.dir/rosidl_typesupport_fastrtps_c/robot_interfaces/msg/detail/controller_command__type_support_c.cpp.o[0m
[3.481s] [ 73%] [32m[1mLinking C shared library librobot_interfaces__rosidl_typesupport_introspection_c.so[0m
[3.484s] [ 74%] [32mBuilding CXX object CMakeFiles/robot_interfaces__rosidl_typesupport_fastrtps_c.dir/rosidl_typesupport_fastrtps_c/robot_interfaces/msg/detail/stereo_images__type_support_c.cpp.o[0m
[3.684s] [ 74%] Built target robot_interfaces__rosidl_typesupport_introspection_c
[3.922s] [ 76%] [32m[1mLinking CXX shared library librobot_interfaces__rosidl_typesupport_introspection_cpp.so[0m
[4.039s] [ 77%] [32m[1mLinking CXX shared library librobot_interfaces__rosidl_typesupport_fastrtps_c.so[0m
[4.128s] [ 79%] [32m[1mLinking CXX shared library librobot_interfaces__rosidl_typesupport_fastrtps_cpp.so[0m
[4.133s] [ 79%] Built target robot_interfaces__rosidl_typesupport_introspection_cpp
[4.199s] [ 79%] Built target robot_interfaces__rosidl_typesupport_fastrtps_c
[4.268s] [ 79%] Built target robot_interfaces__rosidl_typesupport_fastrtps_cpp
[4.283s] [ 79%] Built target robot_interfaces
[4.298s] [ 80%] [34m[1mGenerating Python code for ROS interfaces[0m
[5.236s] [ 80%] Built target robot_interfaces__py
[5.246s] [35m[1mConsolidate compiler generated dependencies of target robot_interfaces__rosidl_generator_py[0m
[5.262s] [ 82%] [32mBuilding C object CMakeFiles/robot_interfaces__rosidl_generator_py.dir/rosidl_generator_py/robot_interfaces/msg/_motor_feedback_s.c.o[0m
[5.262s] [ 84%] [32mBuilding C object CMakeFiles/robot_interfaces__rosidl_generator_py.dir/rosidl_generator_py/robot_interfaces/msg/_vision_data_s.c.o[0m
[5.263s] [ 85%] [32mBuilding C object CMakeFiles/robot_interfaces__rosidl_generator_py.dir/rosidl_generator_py/robot_interfaces/msg/_controller_command_s.c.o[0m
[5.263s] [ 87%] [32mBuilding C object CMakeFiles/robot_interfaces__rosidl_generator_py.dir/rosidl_generator_py/robot_interfaces/msg/_stereo_images_s.c.o[0m
[5.263s] [ 88%] [32mBuilding C object CMakeFiles/robot_interfaces__rosidl_generator_py.dir/rosidl_generator_py/robot_interfaces/action/_motor_control_s.c.o[0m
[5.409s] [ 90%] [32m[1mLinking C shared library rosidl_generator_py/robot_interfaces/librobot_interfaces__rosidl_generator_py.so[0m
[5.528s] [ 90%] Built target robot_interfaces__rosidl_generator_py
[5.537s] [35m[1mConsolidate compiler generated dependencies of target robot_interfaces__rosidl_typesupport_introspection_c__pyext[0m
[5.537s] [35m[1mConsolidate compiler generated dependencies of target robot_interfaces__rosidl_typesupport_fastrtps_c__pyext[0m
[5.537s] [35m[1mConsolidate compiler generated dependencies of target robot_interfaces__rosidl_typesupport_c__pyext[0m
[5.550s] [ 92%] [32mBuilding C object CMakeFiles/robot_interfaces__rosidl_typesupport_introspection_c__pyext.dir/rosidl_generator_py/robot_interfaces/_robot_interfaces_s.ep.rosidl_typesupport_introspection_c.c.o[0m
[5.550s] [ 93%] [32mBuilding C object CMakeFiles/robot_interfaces__rosidl_typesupport_c__pyext.dir/rosidl_generator_py/robot_interfaces/_robot_interfaces_s.ep.rosidl_typesupport_c.c.o[0m
[5.550s] [ 95%] [32mBuilding C object CMakeFiles/robot_interfaces__rosidl_typesupport_fastrtps_c__pyext.dir/rosidl_generator_py/robot_interfaces/_robot_interfaces_s.ep.rosidl_typesupport_fastrtps_c.c.o[0m
[5.684s] [ 96%] [32m[1mLinking C shared library rosidl_generator_py/robot_interfaces/robot_interfaces_s__rosidl_typesupport_c.cpython-310-x86_64-linux-gnu.so[0m
[5.687s] [ 98%] [32m[1mLinking C shared library rosidl_generator_py/robot_interfaces/robot_interfaces_s__rosidl_typesupport_fastrtps_c.cpython-310-x86_64-linux-gnu.so[0m
[5.688s] [100%] [32m[1mLinking C shared library rosidl_generator_py/robot_interfaces/robot_interfaces_s__rosidl_typesupport_introspection_c.cpython-310-x86_64-linux-gnu.so[0m
[5.793s] [100%] Built target robot_interfaces__rosidl_typesupport_fastrtps_c__pyext
[5.793s] [100%] Built target robot_interfaces__rosidl_typesupport_c__pyext
[5.793s] [100%] Built target robot_interfaces__rosidl_typesupport_introspection_c__pyext
[5.803s] Invoked command in '/home/drymer/ros2_ws/build/robot_interfaces' returned '0': CMAKE_PREFIX_PATH=${CMAKE_PREFIX_PATH}:/home/drymer/ros2_ws/install/py_srvcli:/home/drymer/ros2_ws/install/py_pubsub:/home/drymer/ros2_ws/install/robot_system:/home/drymer/ros2_ws/install/py_robottest:/home/drymer/ros2_ws/install/python_parameters:/home/drymer/ros2_ws/install/my_package:/opt/ros/humble /usr/bin/cmake --build /home/drymer/ros2_ws/build/robot_interfaces -- -j12 -l12
[5.950s] Invoking command in '/home/drymer/ros2_ws/build/robot_interfaces': CMAKE_PREFIX_PATH=${CMAKE_PREFIX_PATH}:/home/drymer/ros2_ws/install/py_srvcli:/home/drymer/ros2_ws/install/py_pubsub:/home/drymer/ros2_ws/install/robot_system:/home/drymer/ros2_ws/install/py_robottest:/home/drymer/ros2_ws/install/python_parameters:/home/drymer/ros2_ws/install/my_package:/opt/ros/humble /usr/bin/cmake --install /home/drymer/ros2_ws/build/robot_interfaces
[5.959s] -- Install configuration: ""
[5.959s] -- Up-to-date: /home/drymer/ros2_ws/install/robot_interfaces/share/ament_index/resource_index/rosidl_interfaces/robot_interfaces
[5.959s] -- Up-to-date: /home/drymer/ros2_ws/install/robot_interfaces/include/robot_interfaces/robot_interfaces
[5.959s] -- Up-to-date: /home/drymer/ros2_ws/install/robot_interfaces/include/robot_interfaces/robot_interfaces/action
[5.959s] -- Up-to-date: /home/drymer/ros2_ws/install/robot_interfaces/include/robot_interfaces/robot_interfaces/action/detail
[5.960s] -- Installing: /home/drymer/ros2_ws/install/robot_interfaces/include/robot_interfaces/robot_interfaces/action/detail/motor_control__functions.c
[5.960s] -- Installing: /home/drymer/ros2_ws/install/robot_interfaces/include/robot_interfaces/robot_interfaces/action/detail/motor_control__functions.h
[5.960s] -- Installing: /home/drymer/ros2_ws/install/robot_interfaces/include/robot_interfaces/robot_interfaces/action/detail/motor_control__type_support.h
[5.960s] -- Installing: /home/drymer/ros2_ws/install/robot_interfaces/include/robot_interfaces/robot_interfaces/action/detail/motor_control__struct.h
[5.960s] -- Installing: /home/drymer/ros2_ws/install/robot_interfaces/include/robot_interfaces/robot_interfaces/action/motor_control.h
[5.960s] -- Up-to-date: /home/drymer/ros2_ws/install/robot_interfaces/include/robot_interfaces/robot_interfaces/msg
[5.961s] -- Installing: /home/drymer/ros2_ws/install/robot_interfaces/include/robot_interfaces/robot_interfaces/msg/controller_command.h
[5.961s] -- Installing: /home/drymer/ros2_ws/install/robot_interfaces/include/robot_interfaces/robot_interfaces/msg/motor_feedback.h
[5.961s] -- Up-to-date: /home/drymer/ros2_ws/install/robot_interfaces/include/robot_interfaces/robot_interfaces/msg/detail
[5.961s] -- Installing: /home/drymer/ros2_ws/install/robot_interfaces/include/robot_interfaces/robot_interfaces/msg/detail/controller_command__struct.h
[5.961s] -- Installing: /home/drymer/ros2_ws/install/robot_interfaces/include/robot_interfaces/robot_interfaces/msg/detail/vision_data__functions.c
[5.961s] -- Installing: /home/drymer/ros2_ws/install/robot_interfaces/include/robot_interfaces/robot_interfaces/msg/detail/motor_feedback__functions.c
[5.961s] -- Installing: /home/drymer/ros2_ws/install/robot_interfaces/include/robot_interfaces/robot_interfaces/msg/detail/vision_data__functions.h
[5.961s] -- Installing: /home/drymer/ros2_ws/install/robot_interfaces/include/robot_interfaces/robot_interfaces/msg/detail/vision_data__struct.h
[5.962s] -- Installing: /home/drymer/ros2_ws/install/robot_interfaces/include/robot_interfaces/robot_interfaces/msg/detail/vision_data__type_support.h
[5.962s] -- Installing: /home/drymer/ros2_ws/install/robot_interfaces/include/robot_interfaces/robot_interfaces/msg/detail/controller_command__functions.c
[5.962s] -- Installing: /home/drymer/ros2_ws/install/robot_interfaces/include/robot_interfaces/robot_interfaces/msg/detail/controller_command__functions.h
[5.962s] -- Installing: /home/drymer/ros2_ws/install/robot_interfaces/include/robot_interfaces/robot_interfaces/msg/detail/stereo_images__functions.h
[5.962s] -- Installing: /home/drymer/ros2_ws/install/robot_interfaces/include/robot_interfaces/robot_interfaces/msg/detail/controller_command__type_support.h
[5.962s] -- Installing: /home/drymer/ros2_ws/install/robot_interfaces/include/robot_interfaces/robot_interfaces/msg/detail/motor_feedback__struct.h
[5.963s] -- Installing: /home/drymer/ros2_ws/install/robot_interfaces/include/robot_interfaces/robot_interfaces/msg/detail/motor_feedback__type_support.h
[5.963s] -- Installing: /home/drymer/ros2_ws/install/robot_interfaces/include/robot_interfaces/robot_interfaces/msg/detail/stereo_images__struct.h
[5.963s] -- Installing: /home/drymer/ros2_ws/install/robot_interfaces/include/robot_interfaces/robot_interfaces/msg/detail/stereo_images__type_support.h
[5.963s] -- Installing: /home/drymer/ros2_ws/install/robot_interfaces/include/robot_interfaces/robot_interfaces/msg/detail/stereo_images__functions.c
[5.963s] -- Installing: /home/drymer/ros2_ws/install/robot_interfaces/include/robot_interfaces/robot_interfaces/msg/detail/motor_feedback__functions.h
[5.964s] -- Installing: /home/drymer/ros2_ws/install/robot_interfaces/include/robot_interfaces/robot_interfaces/msg/stereo_images.h
[5.964s] -- Up-to-date: /home/drymer/ros2_ws/install/robot_interfaces/include/robot_interfaces/robot_interfaces/msg/rosidl_generator_c__visibility_control.h
[5.964s] -- Installing: /home/drymer/ros2_ws/install/robot_interfaces/include/robot_interfaces/robot_interfaces/msg/vision_data.h
[5.964s] -- Up-to-date: /home/drymer/ros2_ws/install/robot_interfaces/share/robot_interfaces/environment/library_path.sh
[5.964s] -- Installing: /home/drymer/ros2_ws/install/robot_interfaces/share/robot_interfaces/environment/library_path.dsv
[5.964s] -- Installing: /home/drymer/ros2_ws/install/robot_interfaces/lib/librobot_interfaces__rosidl_generator_c.so
[5.965s] -- Set runtime path of "/home/drymer/ros2_ws/install/robot_interfaces/lib/librobot_interfaces__rosidl_generator_c.so" to ""
[5.965s] -- Up-to-date: /home/drymer/ros2_ws/install/robot_interfaces/include/robot_interfaces/robot_interfaces
[5.965s] -- Up-to-date: /home/drymer/ros2_ws/install/robot_interfaces/include/robot_interfaces/robot_interfaces/action
[5.966s] -- Up-to-date: /home/drymer/ros2_ws/install/robot_interfaces/include/robot_interfaces/robot_interfaces/action/detail
[5.966s] -- Installing: /home/drymer/ros2_ws/install/robot_interfaces/include/robot_interfaces/robot_interfaces/action/detail/motor_control__rosidl_typesupport_fastrtps_c.h
[5.966s] -- Up-to-date: /home/drymer/ros2_ws/install/robot_interfaces/include/robot_interfaces/robot_interfaces/msg
[5.966s] -- Up-to-date: /home/drymer/ros2_ws/install/robot_interfaces/include/robot_interfaces/robot_interfaces/msg/detail
[5.966s] -- Installing: /home/drymer/ros2_ws/install/robot_interfaces/include/robot_interfaces/robot_interfaces/msg/detail/stereo_images__rosidl_typesupport_fastrtps_c.h
[5.967s] -- Installing: /home/drymer/ros2_ws/install/robot_interfaces/include/robot_interfaces/robot_interfaces/msg/detail/motor_feedback__rosidl_typesupport_fastrtps_c.h
[5.967s] -- Installing: /home/drymer/ros2_ws/install/robot_interfaces/include/robot_interfaces/robot_interfaces/msg/detail/vision_data__rosidl_typesupport_fastrtps_c.h
[5.967s] -- Installing: /home/drymer/ros2_ws/install/robot_interfaces/include/robot_interfaces/robot_interfaces/msg/detail/controller_command__rosidl_typesupport_fastrtps_c.h
[5.967s] -- Up-to-date: /home/drymer/ros2_ws/install/robot_interfaces/include/robot_interfaces/robot_interfaces/msg/rosidl_typesupport_fastrtps_c__visibility_control.h
[5.967s] -- Installing: /home/drymer/ros2_ws/install/robot_interfaces/lib/librobot_interfaces__rosidl_typesupport_fastrtps_c.so
[5.968s] -- Set runtime path of "/home/drymer/ros2_ws/install/robot_interfaces/lib/librobot_interfaces__rosidl_typesupport_fastrtps_c.so" to ""
[5.968s] -- Up-to-date: /home/drymer/ros2_ws/install/robot_interfaces/include/robot_interfaces/robot_interfaces
[5.968s] -- Up-to-date: /home/drymer/ros2_ws/install/robot_interfaces/include/robot_interfaces/robot_interfaces/action
[5.968s] -- Installing: /home/drymer/ros2_ws/install/robot_interfaces/include/robot_interfaces/robot_interfaces/action/motor_control.hpp
[5.968s] -- Up-to-date: /home/drymer/ros2_ws/install/robot_interfaces/include/robot_interfaces/robot_interfaces/action/detail
[5.969s] -- Installing: /home/drymer/ros2_ws/install/robot_interfaces/include/robot_interfaces/robot_interfaces/action/detail/motor_control__struct.hpp
[5.969s] -- Installing: /home/drymer/ros2_ws/install/robot_interfaces/include/robot_interfaces/robot_interfaces/action/detail/motor_control__traits.hpp
[5.969s] -- Installing: /home/drymer/ros2_ws/install/robot_interfaces/include/robot_interfaces/robot_interfaces/action/detail/motor_control__builder.hpp
[5.969s] -- Up-to-date: /home/drymer/ros2_ws/install/robot_interfaces/include/robot_interfaces/robot_interfaces/msg
[5.970s] -- Up-to-date: /home/drymer/ros2_ws/install/robot_interfaces/include/robot_interfaces/robot_interfaces/msg/detail
[5.970s] -- Installing: /home/drymer/ros2_ws/install/robot_interfaces/include/robot_interfaces/robot_interfaces/msg/detail/stereo_images__struct.hpp
[5.970s] -- Installing: /home/drymer/ros2_ws/install/robot_interfaces/include/robot_interfaces/robot_interfaces/msg/detail/controller_command__traits.hpp
[5.970s] -- Installing: /home/drymer/ros2_ws/install/robot_interfaces/include/robot_interfaces/robot_interfaces/msg/detail/stereo_images__traits.hpp
[5.970s] -- Installing: /home/drymer/ros2_ws/install/robot_interfaces/include/robot_interfaces/robot_interfaces/msg/detail/motor_feedback__builder.hpp
[5.971s] -- Installing: /home/drymer/ros2_ws/install/robot_interfaces/include/robot_interfaces/robot_interfaces/msg/detail/motor_feedback__struct.hpp
[5.971s] -- Installing: /home/drymer/ros2_ws/install/robot_interfaces/include/robot_interfaces/robot_interfaces/msg/detail/vision_data__traits.hpp
[5.971s] -- Installing: /home/drymer/ros2_ws/install/robot_interfaces/include/robot_interfaces/robot_interfaces/msg/detail/controller_command__builder.hpp
[5.971s] -- Installing: /home/drymer/ros2_ws/install/robot_interfaces/include/robot_interfaces/robot_interfaces/msg/detail/motor_feedback__traits.hpp
[5.972s] -- Installing: /home/drymer/ros2_ws/install/robot_interfaces/include/robot_interfaces/robot_interfaces/msg/detail/controller_command__struct.hpp
[5.972s] -- Installing: /home/drymer/ros2_ws/install/robot_interfaces/include/robot_interfaces/robot_interfaces/msg/detail/vision_data__struct.hpp
[5.972s] -- Installing: /home/drymer/ros2_ws/install/robot_interfaces/include/robot_interfaces/robot_interfaces/msg/detail/stereo_images__builder.hpp
[5.972s] -- Installing: /home/drymer/ros2_ws/install/robot_interfaces/include/robot_interfaces/robot_interfaces/msg/detail/vision_data__builder.hpp
[5.972s] -- Installing: /home/drymer/ros2_ws/install/robot_interfaces/include/robot_interfaces/robot_interfaces/msg/controller_command.hpp
[5.972s] -- Installing: /home/drymer/ros2_ws/install/robot_interfaces/include/robot_interfaces/robot_interfaces/msg/motor_feedback.hpp
[5.972s] -- Installing: /home/drymer/ros2_ws/install/robot_interfaces/include/robot_interfaces/robot_interfaces/msg/vision_data.hpp
[5.973s] -- Installing: /home/drymer/ros2_ws/install/robot_interfaces/include/robot_interfaces/robot_interfaces/msg/stereo_images.hpp
[5.973s] -- Up-to-date: /home/drymer/ros2_ws/install/robot_interfaces/include/robot_interfaces/robot_interfaces
[5.973s] -- Up-to-date: /home/drymer/ros2_ws/install/robot_interfaces/include/robot_interfaces/robot_interfaces/action
[5.973s] -- Up-to-date: /home/drymer/ros2_ws/install/robot_interfaces/include/robot_interfaces/robot_interfaces/action/detail
[5.973s] -- Up-to-date: /home/drymer/ros2_ws/install/robot_interfaces/include/robot_interfaces/robot_interfaces/action/detail/dds_fastrtps
[5.973s] -- Installing: /home/drymer/ros2_ws/install/robot_interfaces/include/robot_interfaces/robot_interfaces/action/detail/motor_control__rosidl_typesupport_fastrtps_cpp.hpp
[5.973s] -- Up-to-date: /home/drymer/ros2_ws/install/robot_interfaces/include/robot_interfaces/robot_interfaces/msg
[5.973s] -- Up-to-date: /home/drymer/ros2_ws/install/robot_interfaces/include/robot_interfaces/robot_interfaces/msg/rosidl_typesupport_fastrtps_cpp__visibility_control.h
[5.974s] -- Up-to-date: /home/drymer/ros2_ws/install/robot_interfaces/include/robot_interfaces/robot_interfaces/msg/detail
[5.974s] -- Installing: /home/drymer/ros2_ws/install/robot_interfaces/include/robot_interfaces/robot_interfaces/msg/detail/controller_command__rosidl_typesupport_fastrtps_cpp.hpp
[5.974s] -- Up-to-date: /home/drymer/ros2_ws/install/robot_interfaces/include/robot_interfaces/robot_interfaces/msg/detail/dds_fastrtps
[5.974s] -- Installing: /home/drymer/ros2_ws/install/robot_interfaces/include/robot_interfaces/robot_interfaces/msg/detail/stereo_images__rosidl_typesupport_fastrtps_cpp.hpp
[5.974s] -- Installing: /home/drymer/ros2_ws/install/robot_interfaces/include/robot_interfaces/robot_interfaces/msg/detail/motor_feedback__rosidl_typesupport_fastrtps_cpp.hpp
[5.974s] -- Installing: /home/drymer/ros2_ws/install/robot_interfaces/include/robot_interfaces/robot_interfaces/msg/detail/vision_data__rosidl_typesupport_fastrtps_cpp.hpp
[5.974s] -- Installing: /home/drymer/ros2_ws/install/robot_interfaces/lib/librobot_interfaces__rosidl_typesupport_fastrtps_cpp.so
[5.974s] -- Set runtime path of "/home/drymer/ros2_ws/install/robot_interfaces/lib/librobot_interfaces__rosidl_typesupport_fastrtps_cpp.so" to ""
[5.975s] -- Up-to-date: /home/drymer/ros2_ws/install/robot_interfaces/include/robot_interfaces/robot_interfaces
[5.975s] -- Up-to-date: /home/drymer/ros2_ws/install/robot_interfaces/include/robot_interfaces/robot_interfaces/action
[5.975s] -- Up-to-date: /home/drymer/ros2_ws/install/robot_interfaces/include/robot_interfaces/robot_interfaces/action/detail
[5.975s] -- Installing: /home/drymer/ros2_ws/install/robot_interfaces/include/robot_interfaces/robot_interfaces/action/detail/motor_control__rosidl_typesupport_introspection_c.h
[5.975s] -- Installing: /home/drymer/ros2_ws/install/robot_interfaces/include/robot_interfaces/robot_interfaces/action/detail/motor_control__type_support.c
[5.975s] -- Up-to-date: /home/drymer/ros2_ws/install/robot_interfaces/include/robot_interfaces/robot_interfaces/msg
[5.975s] -- Up-to-date: /home/drymer/ros2_ws/install/robot_interfaces/include/robot_interfaces/robot_interfaces/msg/detail
[5.976s] -- Installing: /home/drymer/ros2_ws/install/robot_interfaces/include/robot_interfaces/robot_interfaces/msg/detail/controller_command__rosidl_typesupport_introspection_c.h
[5.976s] -- Installing: /home/drymer/ros2_ws/install/robot_interfaces/include/robot_interfaces/robot_interfaces/msg/detail/motor_feedback__rosidl_typesupport_introspection_c.h
[5.976s] -- Installing: /home/drymer/ros2_ws/install/robot_interfaces/include/robot_interfaces/robot_interfaces/msg/detail/vision_data__type_support.c
[5.976s] -- Installing: /home/drymer/ros2_ws/install/robot_interfaces/include/robot_interfaces/robot_interfaces/msg/detail/stereo_images__rosidl_typesupport_introspection_c.h
[5.976s] -- Installing: /home/drymer/ros2_ws/install/robot_interfaces/include/robot_interfaces/robot_interfaces/msg/detail/vision_data__rosidl_typesupport_introspection_c.h
[5.976s] -- Installing: /home/drymer/ros2_ws/install/robot_interfaces/include/robot_interfaces/robot_interfaces/msg/detail/motor_feedback__type_support.c
[5.977s] -- Installing: /home/drymer/ros2_ws/install/robot_interfaces/include/robot_interfaces/robot_interfaces/msg/detail/stereo_images__type_support.c
[5.977s] -- Installing: /home/drymer/ros2_ws/install/robot_interfaces/include/robot_interfaces/robot_interfaces/msg/detail/controller_command__type_support.c
[5.977s] -- Up-to-date: /home/drymer/ros2_ws/install/robot_interfaces/include/robot_interfaces/robot_interfaces/msg/rosidl_typesupport_introspection_c__visibility_control.h
[5.977s] -- Installing: /home/drymer/ros2_ws/install/robot_interfaces/lib/librobot_interfaces__rosidl_typesupport_introspection_c.so
[5.978s] -- Set runtime path of "/home/drymer/ros2_ws/install/robot_interfaces/lib/librobot_interfaces__rosidl_typesupport_introspection_c.so" to ""
[5.978s] -- Installing: /home/drymer/ros2_ws/install/robot_interfaces/lib/librobot_interfaces__rosidl_typesupport_c.so
[5.979s] -- Set runtime path of "/home/drymer/ros2_ws/install/robot_interfaces/lib/librobot_interfaces__rosidl_typesupport_c.so" to ""
[5.979s] -- Up-to-date: /home/drymer/ros2_ws/install/robot_interfaces/include/robot_interfaces/robot_interfaces
[5.979s] -- Up-to-date: /home/drymer/ros2_ws/install/robot_interfaces/include/robot_interfaces/robot_interfaces/action
[5.979s] -- Up-to-date: /home/drymer/ros2_ws/install/robot_interfaces/include/robot_interfaces/robot_interfaces/action/detail
[5.979s] -- Installing: /home/drymer/ros2_ws/install/robot_interfaces/include/robot_interfaces/robot_interfaces/action/detail/motor_control__rosidl_typesupport_introspection_cpp.hpp
[5.979s] -- Installing: /home/drymer/ros2_ws/install/robot_interfaces/include/robot_interfaces/robot_interfaces/action/detail/motor_control__type_support.cpp
[5.979s] -- Up-to-date: /home/drymer/ros2_ws/install/robot_interfaces/include/robot_interfaces/robot_interfaces/msg
[5.980s] -- Up-to-date: /home/drymer/ros2_ws/install/robot_interfaces/include/robot_interfaces/robot_interfaces/msg/detail
[5.980s] -- Installing: /home/drymer/ros2_ws/install/robot_interfaces/include/robot_interfaces/robot_interfaces/msg/detail/motor_feedback__type_support.cpp
[5.980s] -- Installing: /home/drymer/ros2_ws/install/robot_interfaces/include/robot_interfaces/robot_interfaces/msg/detail/motor_feedback__rosidl_typesupport_introspection_cpp.hpp
[5.981s] -- Installing: /home/drymer/ros2_ws/install/robot_interfaces/include/robot_interfaces/robot_interfaces/msg/detail/controller_command__rosidl_typesupport_introspection_cpp.hpp
[5.981s] -- Installing: /home/drymer/ros2_ws/install/robot_interfaces/include/robot_interfaces/robot_interfaces/msg/detail/controller_command__type_support.cpp
[5.981s] -- Installing: /home/drymer/ros2_ws/install/robot_interfaces/include/robot_interfaces/robot_interfaces/msg/detail/vision_data__type_support.cpp
[5.981s] -- Installing: /home/drymer/ros2_ws/install/robot_interfaces/include/robot_interfaces/robot_interfaces/msg/detail/vision_data__rosidl_typesupport_introspection_cpp.hpp
[5.981s] -- Installing: /home/drymer/ros2_ws/install/robot_interfaces/include/robot_interfaces/robot_interfaces/msg/detail/stereo_images__type_support.cpp
[5.981s] -- Installing: /home/drymer/ros2_ws/install/robot_interfaces/include/robot_interfaces/robot_interfaces/msg/detail/stereo_images__rosidl_typesupport_introspection_cpp.hpp
[5.981s] -- Installing: /home/drymer/ros2_ws/install/robot_interfaces/lib/librobot_interfaces__rosidl_typesupport_introspection_cpp.so
[5.982s] -- Set runtime path of "/home/drymer/ros2_ws/install/robot_interfaces/lib/librobot_interfaces__rosidl_typesupport_introspection_cpp.so" to ""
[5.982s] -- Installing: /home/drymer/ros2_ws/install/robot_interfaces/lib/librobot_interfaces__rosidl_typesupport_cpp.so
[5.983s] -- Set runtime path of "/home/drymer/ros2_ws/install/robot_interfaces/lib/librobot_interfaces__rosidl_typesupport_cpp.so" to ""
[5.983s] -- Up-to-date: /home/drymer/ros2_ws/install/robot_interfaces/share/robot_interfaces/environment/pythonpath.sh
[5.983s] -- Installing: /home/drymer/ros2_ws/install/robot_interfaces/share/robot_interfaces/environment/pythonpath.dsv
[5.984s] -- Up-to-date: /home/drymer/ros2_ws/install/robot_interfaces/local/lib/python3.10/dist-packages/robot_interfaces-0.0.0-py3.10.egg-info
[5.984s] -- Installing: /home/drymer/ros2_ws/install/robot_interfaces/local/lib/python3.10/dist-packages/robot_interfaces-0.0.0-py3.10.egg-info/PKG-INFO
[5.984s] -- Installing: /home/drymer/ros2_ws/install/robot_interfaces/local/lib/python3.10/dist-packages/robot_interfaces-0.0.0-py3.10.egg-info/top_level.txt
[5.984s] -- Installing: /home/drymer/ros2_ws/install/robot_interfaces/local/lib/python3.10/dist-packages/robot_interfaces-0.0.0-py3.10.egg-info/dependency_links.txt
[5.984s] -- Installing: /home/drymer/ros2_ws/install/robot_interfaces/local/lib/python3.10/dist-packages/robot_interfaces-0.0.0-py3.10.egg-info/SOURCES.txt
[5.985s] -- Up-to-date: /home/drymer/ros2_ws/install/robot_interfaces/local/lib/python3.10/dist-packages/robot_interfaces
[5.985s] -- Installing: /home/drymer/ros2_ws/install/robot_interfaces/local/lib/python3.10/dist-packages/robot_interfaces/__init__.py
[5.985s] -- Up-to-date: /home/drymer/ros2_ws/install/robot_interfaces/local/lib/python3.10/dist-packages/robot_interfaces/action
[5.985s] -- Installing: /home/drymer/ros2_ws/install/robot_interfaces/local/lib/python3.10/dist-packages/robot_interfaces/action/__init__.py
[5.985s] -- Installing: /home/drymer/ros2_ws/install/robot_interfaces/local/lib/python3.10/dist-packages/robot_interfaces/action/_motor_control.py
[5.985s] -- Installing: /home/drymer/ros2_ws/install/robot_interfaces/local/lib/python3.10/dist-packages/robot_interfaces/action/_motor_control_s.c
[5.986s] -- Installing: /home/drymer/ros2_ws/install/robot_interfaces/local/lib/python3.10/dist-packages/robot_interfaces/_robot_interfaces_s.ep.rosidl_typesupport_c.c
[5.986s] -- Installing: /home/drymer/ros2_ws/install/robot_interfaces/local/lib/python3.10/dist-packages/robot_interfaces/robot_interfaces_s__rosidl_typesupport_introspection_c.cpython-310-x86_64-linux-gnu.so
[5.986s] -- Installing: /home/drymer/ros2_ws/install/robot_interfaces/local/lib/python3.10/dist-packages/robot_interfaces/librobot_interfaces__rosidl_generator_py.so
[5.986s] -- Installing: /home/drymer/ros2_ws/install/robot_interfaces/local/lib/python3.10/dist-packages/robot_interfaces/_robot_interfaces_s.ep.rosidl_typesupport_fastrtps_c.c
[5.986s] -- Installing: /home/drymer/ros2_ws/install/robot_interfaces/local/lib/python3.10/dist-packages/robot_interfaces/robot_interfaces_s__rosidl_typesupport_fastrtps_c.cpython-310-x86_64-linux-gnu.so
[5.986s] -- Up-to-date: /home/drymer/ros2_ws/install/robot_interfaces/local/lib/python3.10/dist-packages/robot_interfaces/msg
[5.987s] -- Installing: /home/drymer/ros2_ws/install/robot_interfaces/local/lib/python3.10/dist-packages/robot_interfaces/msg/_controller_command.py
[5.987s] -- Installing: /home/drymer/ros2_ws/install/robot_interfaces/local/lib/python3.10/dist-packages/robot_interfaces/msg/__init__.py
[5.987s] -- Installing: /home/drymer/ros2_ws/install/robot_interfaces/local/lib/python3.10/dist-packages/robot_interfaces/msg/_controller_command_s.c
[5.987s] -- Installing: /home/drymer/ros2_ws/install/robot_interfaces/local/lib/python3.10/dist-packages/robot_interfaces/msg/_motor_feedback_s.c
[5.987s] -- Installing: /home/drymer/ros2_ws/install/robot_interfaces/local/lib/python3.10/dist-packages/robot_interfaces/msg/_vision_data.py
[5.987s] -- Installing: /home/drymer/ros2_ws/install/robot_interfaces/local/lib/python3.10/dist-packages/robot_interfaces/msg/_stereo_images.py
[5.988s] -- Installing: /home/drymer/ros2_ws/install/robot_interfaces/local/lib/python3.10/dist-packages/robot_interfaces/msg/_motor_feedback.py
[5.988s] -- Installing: /home/drymer/ros2_ws/install/robot_interfaces/local/lib/python3.10/dist-packages/robot_interfaces/msg/_stereo_images_s.c
[5.988s] -- Installing: /home/drymer/ros2_ws/install/robot_interfaces/local/lib/python3.10/dist-packages/robot_interfaces/msg/_vision_data_s.c
[5.988s] -- Installing: /home/drymer/ros2_ws/install/robot_interfaces/local/lib/python3.10/dist-packages/robot_interfaces/_robot_interfaces_s.ep.rosidl_typesupport_introspection_c.c
[5.988s] -- Installing: /home/drymer/ros2_ws/install/robot_interfaces/local/lib/python3.10/dist-packages/robot_interfaces/robot_interfaces_s__rosidl_typesupport_c.cpython-310-x86_64-linux-gnu.so
[6.033s] Listing '/home/drymer/ros2_ws/install/robot_interfaces/local/lib/python3.10/dist-packages/robot_interfaces'...
[6.033s] Compiling '/home/drymer/ros2_ws/install/robot_interfaces/local/lib/python3.10/dist-packages/robot_interfaces/__init__.py'...
[6.033s] Listing '/home/drymer/ros2_ws/install/robot_interfaces/local/lib/python3.10/dist-packages/robot_interfaces/action'...
[6.033s] Compiling '/home/drymer/ros2_ws/install/robot_interfaces/local/lib/python3.10/dist-packages/robot_interfaces/action/__init__.py'...
[6.033s] Compiling '/home/drymer/ros2_ws/install/robot_interfaces/local/lib/python3.10/dist-packages/robot_interfaces/action/_motor_control.py'...
[6.033s] Listing '/home/drymer/ros2_ws/install/robot_interfaces/local/lib/python3.10/dist-packages/robot_interfaces/msg'...
[6.033s] Compiling '/home/drymer/ros2_ws/install/robot_interfaces/local/lib/python3.10/dist-packages/robot_interfaces/msg/__init__.py'...
[6.033s] Compiling '/home/drymer/ros2_ws/install/robot_interfaces/local/lib/python3.10/dist-packages/robot_interfaces/msg/_controller_command.py'...
[6.033s] Compiling '/home/drymer/ros2_ws/install/robot_interfaces/local/lib/python3.10/dist-packages/robot_interfaces/msg/_motor_feedback.py'...
[6.033s] Compiling '/home/drymer/ros2_ws/install/robot_interfaces/local/lib/python3.10/dist-packages/robot_interfaces/msg/_stereo_images.py'...
[6.033s] Compiling '/home/drymer/ros2_ws/install/robot_interfaces/local/lib/python3.10/dist-packages/robot_interfaces/msg/_vision_data.py'...
[6.037s] -- Installing: /home/drymer/ros2_ws/install/robot_interfaces/local/lib/python3.10/dist-packages/robot_interfaces/robot_interfaces_s__rosidl_typesupport_fastrtps_c.cpython-310-x86_64-linux-gnu.so
[6.038s] -- Set runtime path of "/home/drymer/ros2_ws/install/robot_interfaces/local/lib/python3.10/dist-packages/robot_interfaces/robot_interfaces_s__rosidl_typesupport_fastrtps_c.cpython-310-x86_64-linux-gnu.so" to ""
[6.038s] -- Installing: /home/drymer/ros2_ws/install/robot_interfaces/local/lib/python3.10/dist-packages/robot_interfaces/robot_interfaces_s__rosidl_typesupport_introspection_c.cpython-310-x86_64-linux-gnu.so
[6.038s] -- Set runtime path of "/home/drymer/ros2_ws/install/robot_interfaces/local/lib/python3.10/dist-packages/robot_interfaces/robot_interfaces_s__rosidl_typesupport_introspection_c.cpython-310-x86_64-linux-gnu.so" to ""
[6.038s] -- Installing: /home/drymer/ros2_ws/install/robot_interfaces/local/lib/python3.10/dist-packages/robot_interfaces/robot_interfaces_s__rosidl_typesupport_c.cpython-310-x86_64-linux-gnu.so
[6.039s] -- Set runtime path of "/home/drymer/ros2_ws/install/robot_interfaces/local/lib/python3.10/dist-packages/robot_interfaces/robot_interfaces_s__rosidl_typesupport_c.cpython-310-x86_64-linux-gnu.so" to ""
[6.039s] -- Installing: /home/drymer/ros2_ws/install/robot_interfaces/lib/librobot_interfaces__rosidl_generator_py.so
[6.040s] -- Set runtime path of "/home/drymer/ros2_ws/install/robot_interfaces/lib/librobot_interfaces__rosidl_generator_py.so" to ""
[6.040s] -- Up-to-date: /home/drymer/ros2_ws/install/robot_interfaces/share/robot_interfaces/msg/MotorFeedback.idl
[6.040s] -- Up-to-date: /home/drymer/ros2_ws/install/robot_interfaces/share/robot_interfaces/action/MotorControl.idl
[6.040s] -- Installing: /home/drymer/ros2_ws/install/robot_interfaces/share/robot_interfaces/msg/VisionData.idl
[6.040s] -- Up-to-date: /home/drymer/ros2_ws/install/robot_interfaces/share/robot_interfaces/msg/ControllerCommand.idl
[6.041s] -- Up-to-date: /home/drymer/ros2_ws/install/robot_interfaces/share/robot_interfaces/msg/StereoImages.idl
[6.041s] -- Up-to-date: /home/drymer/ros2_ws/install/robot_interfaces/share/robot_interfaces/msg/MotorFeedback.msg
[6.041s] -- Up-to-date: /home/drymer/ros2_ws/install/robot_interfaces/share/robot_interfaces/action/MotorControl.action
[6.041s] -- Installing: /home/drymer/ros2_ws/install/robot_interfaces/share/robot_interfaces/msg/VisionData.msg
[6.041s] -- Up-to-date: /home/drymer/ros2_ws/install/robot_interfaces/share/robot_interfaces/msg/ControllerCommand.msg
[6.042s] -- Up-to-date: /home/drymer/ros2_ws/install/robot_interfaces/share/robot_interfaces/msg/StereoImages.msg
[6.042s] -- Up-to-date: /home/drymer/ros2_ws/install/robot_interfaces/share/ament_index/resource_index/package_run_dependencies/robot_interfaces
[6.042s] -- Up-to-date: /home/drymer/ros2_ws/install/robot_interfaces/share/ament_index/resource_index/parent_prefix_path/robot_interfaces
[6.042s] -- Up-to-date: /home/drymer/ros2_ws/install/robot_interfaces/share/robot_interfaces/environment/ament_prefix_path.sh
[6.042s] -- Installing: /home/drymer/ros2_ws/install/robot_interfaces/share/robot_interfaces/environment/ament_prefix_path.dsv
[6.043s] -- Up-to-date: /home/drymer/ros2_ws/install/robot_interfaces/share/robot_interfaces/environment/path.sh
[6.043s] -- Installing: /home/drymer/ros2_ws/install/robot_interfaces/share/robot_interfaces/environment/path.dsv
[6.043s] -- Up-to-date: /home/drymer/ros2_ws/install/robot_interfaces/share/robot_interfaces/local_setup.bash
[6.043s] -- Up-to-date: /home/drymer/ros2_ws/install/robot_interfaces/share/robot_interfaces/local_setup.sh
[6.043s] -- Up-to-date: /home/drymer/ros2_ws/install/robot_interfaces/share/robot_interfaces/local_setup.zsh
[6.043s] -- Installing: /home/drymer/ros2_ws/install/robot_interfaces/share/robot_interfaces/local_setup.dsv
[6.044s] -- Installing: /home/drymer/ros2_ws/install/robot_interfaces/share/robot_interfaces/package.dsv
[6.044s] -- Up-to-date: /home/drymer/ros2_ws/install/robot_interfaces/share/ament_index/resource_index/packages/robot_interfaces
[6.044s] -- Up-to-date: /home/drymer/ros2_ws/install/robot_interfaces/share/robot_interfaces/cmake/export_robot_interfaces__rosidl_generator_cExport.cmake
[6.044s] -- Up-to-date: /home/drymer/ros2_ws/install/robot_interfaces/share/robot_interfaces/cmake/export_robot_interfaces__rosidl_generator_cExport-noconfig.cmake
[6.044s] -- Up-to-date: /home/drymer/ros2_ws/install/robot_interfaces/share/robot_interfaces/cmake/export_robot_interfaces__rosidl_typesupport_fastrtps_cExport.cmake
[6.044s] -- Up-to-date: /home/drymer/ros2_ws/install/robot_interfaces/share/robot_interfaces/cmake/export_robot_interfaces__rosidl_typesupport_fastrtps_cExport-noconfig.cmake
[6.044s] -- Up-to-date: /home/drymer/ros2_ws/install/robot_interfaces/share/robot_interfaces/cmake/export_robot_interfaces__rosidl_generator_cppExport.cmake
[6.044s] -- Up-to-date: /home/drymer/ros2_ws/install/robot_interfaces/share/robot_interfaces/cmake/export_robot_interfaces__rosidl_typesupport_fastrtps_cppExport.cmake
[6.044s] -- Up-to-date: /home/drymer/ros2_ws/install/robot_interfaces/share/robot_interfaces/cmake/export_robot_interfaces__rosidl_typesupport_fastrtps_cppExport-noconfig.cmake
[6.045s] -- Up-to-date: /home/drymer/ros2_ws/install/robot_interfaces/share/robot_interfaces/cmake/robot_interfaces__rosidl_typesupport_introspection_cExport.cmake
[6.045s] -- Up-to-date: /home/drymer/ros2_ws/install/robot_interfaces/share/robot_interfaces/cmake/robot_interfaces__rosidl_typesupport_introspection_cExport-noconfig.cmake
[6.045s] -- Up-to-date: /home/drymer/ros2_ws/install/robot_interfaces/share/robot_interfaces/cmake/robot_interfaces__rosidl_typesupport_cExport.cmake
[6.045s] -- Up-to-date: /home/drymer/ros2_ws/install/robot_interfaces/share/robot_interfaces/cmake/robot_interfaces__rosidl_typesupport_cExport-noconfig.cmake
[6.045s] -- Up-to-date: /home/drymer/ros2_ws/install/robot_interfaces/share/robot_interfaces/cmake/robot_interfaces__rosidl_typesupport_introspection_cppExport.cmake
[6.045s] -- Up-to-date: /home/drymer/ros2_ws/install/robot_interfaces/share/robot_interfaces/cmake/robot_interfaces__rosidl_typesupport_introspection_cppExport-noconfig.cmake
[6.045s] -- Up-to-date: /home/drymer/ros2_ws/install/robot_interfaces/share/robot_interfaces/cmake/robot_interfaces__rosidl_typesupport_cppExport.cmake
[6.045s] -- Up-to-date: /home/drymer/ros2_ws/install/robot_interfaces/share/robot_interfaces/cmake/robot_interfaces__rosidl_typesupport_cppExport-noconfig.cmake
[6.045s] -- Up-to-date: /home/drymer/ros2_ws/install/robot_interfaces/share/robot_interfaces/cmake/export_robot_interfaces__rosidl_generator_pyExport.cmake
[6.045s] -- Up-to-date: /home/drymer/ros2_ws/install/robot_interfaces/share/robot_interfaces/cmake/export_robot_interfaces__rosidl_generator_pyExport-noconfig.cmake
[6.045s] -- Up-to-date: /home/drymer/ros2_ws/install/robot_interfaces/share/robot_interfaces/cmake/rosidl_cmake-extras.cmake
[6.046s] -- Up-to-date: /home/drymer/ros2_ws/install/robot_interfaces/share/robot_interfaces/cmake/ament_cmake_export_dependencies-extras.cmake
[6.046s] -- Up-to-date: /home/drymer/ros2_ws/install/robot_interfaces/share/robot_interfaces/cmake/ament_cmake_export_include_directories-extras.cmake
[6.046s] -- Up-to-date: /home/drymer/ros2_ws/install/robot_interfaces/share/robot_interfaces/cmake/ament_cmake_export_libraries-extras.cmake
[6.047s] -- Up-to-date: /home/drymer/ros2_ws/install/robot_interfaces/share/robot_interfaces/cmake/ament_cmake_export_targets-extras.cmake
[6.047s] -- Up-to-date: /home/drymer/ros2_ws/install/robot_interfaces/share/robot_interfaces/cmake/rosidl_cmake_export_typesupport_targets-extras.cmake
[6.047s] -- Up-to-date: /home/drymer/ros2_ws/install/robot_interfaces/share/robot_interfaces/cmake/rosidl_cmake_export_typesupport_libraries-extras.cmake
[6.047s] -- Up-to-date: /home/drymer/ros2_ws/install/robot_interfaces/share/robot_interfaces/cmake/robot_interfacesConfig.cmake
[6.047s] -- Up-to-date: /home/drymer/ros2_ws/install/robot_interfaces/share/robot_interfaces/cmake/robot_interfacesConfig-version.cmake
[6.047s] -- Up-to-date: /home/drymer/ros2_ws/install/robot_interfaces/share/robot_interfaces/package.xml
[6.049s] Invoked command in '/home/drymer/ros2_ws/build/robot_interfaces' returned '0': CMAKE_PREFIX_PATH=${CMAKE_PREFIX_PATH}:/home/drymer/ros2_ws/install/py_srvcli:/home/drymer/ros2_ws/install/py_pubsub:/home/drymer/ros2_ws/install/robot_system:/home/drymer/ros2_ws/install/py_robottest:/home/drymer/ros2_ws/install/python_parameters:/home/drymer/ros2_ws/install/my_package:/opt/ros/humble /usr/bin/cmake --install /home/drymer/ros2_ws/build/robot_interfaces
