[0.014s] Invoking command in '/home/drymer/ros2_ws/build/robot_interfaces': CMAKE_PREFIX_PATH=${CMAKE_PREFIX_PATH}:/home/drymer/ros2_ws/install/py_srvcli:/home/drymer/ros2_ws/install/py_pubsub:/home/drymer/ros2_ws/install/robot_system:/home/drymer/ros2_ws/install/py_robottest:/home/drymer/ros2_ws/install/python_parameters:/home/drymer/ros2_ws/install/my_package:/opt/ros/humble /usr/bin/cmake --build /home/drymer/ros2_ws/build/robot_interfaces -- -j12 -l12
[0.057s] [  1%] Built target robot_interfaces__cpp
[0.058s] [ 12%] Built target robot_interfaces__rosidl_generator_c
[0.068s] [ 12%] Built target ament_cmake_python_copy_robot_interfaces
[0.082s] [ 23%] Built target robot_interfaces__rosidl_typesupport_c
[0.083s] [ 34%] Built target robot_interfaces__rosidl_typesupport_cpp
[0.083s] [ 46%] Built target robot_interfaces__rosidl_typesupport_introspection_c
[0.084s] [ 57%] Built target robot_interfaces__rosidl_typesupport_introspection_cpp
[0.085s] [ 68%] Built target robot_interfaces__rosidl_typesupport_fastrtps_cpp
[0.085s] [ 79%] Built target robot_interfaces__rosidl_typesupport_fastrtps_c
[0.103s] [ 79%] Built target robot_interfaces
[0.120s] [ 80%] Built target robot_interfaces__py
[0.141s] [ 90%] Built target robot_interfaces__rosidl_generator_py
[0.159s] [ 96%] Built target robot_interfaces__rosidl_typesupport_introspection_c__pyext
[0.159s] [ 96%] Built target robot_interfaces__rosidl_typesupport_fastrtps_c__pyext
[0.161s] [100%] Built target robot_interfaces__rosidl_typesupport_c__pyext
[0.303s] running egg_info
[0.304s] writing robot_interfaces.egg-info/PKG-INFO
[0.304s] writing dependency_links to robot_interfaces.egg-info/dependency_links.txt
[0.304s] writing top-level names to robot_interfaces.egg-info/top_level.txt
[0.306s] reading manifest file 'robot_interfaces.egg-info/SOURCES.txt'
[0.307s] writing manifest file 'robot_interfaces.egg-info/SOURCES.txt'
[0.327s] [100%] Built target ament_cmake_python_build_robot_interfaces_egg
[0.336s] Invoked command in '/home/drymer/ros2_ws/build/robot_interfaces' returned '0': CMAKE_PREFIX_PATH=${CMAKE_PREFIX_PATH}:/home/drymer/ros2_ws/install/py_srvcli:/home/drymer/ros2_ws/install/py_pubsub:/home/drymer/ros2_ws/install/robot_system:/home/drymer/ros2_ws/install/py_robottest:/home/drymer/ros2_ws/install/python_parameters:/home/drymer/ros2_ws/install/my_package:/opt/ros/humble /usr/bin/cmake --build /home/drymer/ros2_ws/build/robot_interfaces -- -j12 -l12
[0.476s] Invoking command in '/home/drymer/ros2_ws/build/robot_interfaces': CMAKE_PREFIX_PATH=${CMAKE_PREFIX_PATH}:/home/drymer/ros2_ws/install/py_srvcli:/home/drymer/ros2_ws/install/py_pubsub:/home/drymer/ros2_ws/install/robot_system:/home/drymer/ros2_ws/install/py_robottest:/home/drymer/ros2_ws/install/python_parameters:/home/drymer/ros2_ws/install/my_package:/opt/ros/humble /usr/bin/cmake --install /home/drymer/ros2_ws/build/robot_interfaces
[0.481s] -- Install configuration: ""
[0.481s] -- Up-to-date: /home/drymer/ros2_ws/install/robot_interfaces/share/ament_index/resource_index/rosidl_interfaces/robot_interfaces
[0.482s] -- Up-to-date: /home/drymer/ros2_ws/install/robot_interfaces/include/robot_interfaces/robot_interfaces
[0.482s] -- Up-to-date: /home/drymer/ros2_ws/install/robot_interfaces/include/robot_interfaces/robot_interfaces/action
[0.482s] -- Up-to-date: /home/drymer/ros2_ws/install/robot_interfaces/include/robot_interfaces/robot_interfaces/action/detail
[0.482s] -- Up-to-date: /home/drymer/ros2_ws/install/robot_interfaces/include/robot_interfaces/robot_interfaces/action/detail/motor_control__functions.c
[0.482s] -- Up-to-date: /home/drymer/ros2_ws/install/robot_interfaces/include/robot_interfaces/robot_interfaces/action/detail/motor_control__functions.h
[0.483s] -- Up-to-date: /home/drymer/ros2_ws/install/robot_interfaces/include/robot_interfaces/robot_interfaces/action/detail/motor_control__type_support.h
[0.483s] -- Up-to-date: /home/drymer/ros2_ws/install/robot_interfaces/include/robot_interfaces/robot_interfaces/action/detail/motor_control__struct.h
[0.483s] -- Up-to-date: /home/drymer/ros2_ws/install/robot_interfaces/include/robot_interfaces/robot_interfaces/action/motor_control.h
[0.483s] -- Up-to-date: /home/drymer/ros2_ws/install/robot_interfaces/include/robot_interfaces/robot_interfaces/msg
[0.483s] -- Up-to-date: /home/drymer/ros2_ws/install/robot_interfaces/include/robot_interfaces/robot_interfaces/msg/controller_command.h
[0.483s] -- Up-to-date: /home/drymer/ros2_ws/install/robot_interfaces/include/robot_interfaces/robot_interfaces/msg/motor_feedback.h
[0.484s] -- Up-to-date: /home/drymer/ros2_ws/install/robot_interfaces/include/robot_interfaces/robot_interfaces/msg/detail
[0.484s] -- Up-to-date: /home/drymer/ros2_ws/install/robot_interfaces/include/robot_interfaces/robot_interfaces/msg/detail/controller_command__struct.h
[0.484s] -- Up-to-date: /home/drymer/ros2_ws/install/robot_interfaces/include/robot_interfaces/robot_interfaces/msg/detail/vision_data__functions.c
[0.484s] -- Up-to-date: /home/drymer/ros2_ws/install/robot_interfaces/include/robot_interfaces/robot_interfaces/msg/detail/motor_feedback__functions.c
[0.484s] -- Up-to-date: /home/drymer/ros2_ws/install/robot_interfaces/include/robot_interfaces/robot_interfaces/msg/detail/vision_data__functions.h
[0.484s] -- Up-to-date: /home/drymer/ros2_ws/install/robot_interfaces/include/robot_interfaces/robot_interfaces/msg/detail/vision_data__struct.h
[0.485s] -- Up-to-date: /home/drymer/ros2_ws/install/robot_interfaces/include/robot_interfaces/robot_interfaces/msg/detail/vision_data__type_support.h
[0.485s] -- Up-to-date: /home/drymer/ros2_ws/install/robot_interfaces/include/robot_interfaces/robot_interfaces/msg/detail/controller_command__functions.c
[0.485s] -- Up-to-date: /home/drymer/ros2_ws/install/robot_interfaces/include/robot_interfaces/robot_interfaces/msg/detail/controller_command__functions.h
[0.485s] -- Up-to-date: /home/drymer/ros2_ws/install/robot_interfaces/include/robot_interfaces/robot_interfaces/msg/detail/stereo_images__functions.h
[0.485s] -- Up-to-date: /home/drymer/ros2_ws/install/robot_interfaces/include/robot_interfaces/robot_interfaces/msg/detail/controller_command__type_support.h
[0.486s] -- Up-to-date: /home/drymer/ros2_ws/install/robot_interfaces/include/robot_interfaces/robot_interfaces/msg/detail/motor_feedback__struct.h
[0.486s] -- Up-to-date: /home/drymer/ros2_ws/install/robot_interfaces/include/robot_interfaces/robot_interfaces/msg/detail/motor_feedback__type_support.h
[0.486s] -- Up-to-date: /home/drymer/ros2_ws/install/robot_interfaces/include/robot_interfaces/robot_interfaces/msg/detail/stereo_images__struct.h
[0.486s] -- Up-to-date: /home/drymer/ros2_ws/install/robot_interfaces/include/robot_interfaces/robot_interfaces/msg/detail/stereo_images__type_support.h
[0.486s] -- Up-to-date: /home/drymer/ros2_ws/install/robot_interfaces/include/robot_interfaces/robot_interfaces/msg/detail/stereo_images__functions.c
[0.486s] -- Up-to-date: /home/drymer/ros2_ws/install/robot_interfaces/include/robot_interfaces/robot_interfaces/msg/detail/motor_feedback__functions.h
[0.487s] -- Up-to-date: /home/drymer/ros2_ws/install/robot_interfaces/include/robot_interfaces/robot_interfaces/msg/stereo_images.h
[0.487s] -- Up-to-date: /home/drymer/ros2_ws/install/robot_interfaces/include/robot_interfaces/robot_interfaces/msg/rosidl_generator_c__visibility_control.h
[0.487s] -- Up-to-date: /home/drymer/ros2_ws/install/robot_interfaces/include/robot_interfaces/robot_interfaces/msg/vision_data.h
[0.487s] -- Up-to-date: /home/drymer/ros2_ws/install/robot_interfaces/share/robot_interfaces/environment/library_path.sh
[0.488s] -- Up-to-date: /home/drymer/ros2_ws/install/robot_interfaces/share/robot_interfaces/environment/library_path.dsv
[0.488s] -- Up-to-date: /home/drymer/ros2_ws/install/robot_interfaces/lib/librobot_interfaces__rosidl_generator_c.so
[0.488s] -- Up-to-date: /home/drymer/ros2_ws/install/robot_interfaces/include/robot_interfaces/robot_interfaces
[0.488s] -- Up-to-date: /home/drymer/ros2_ws/install/robot_interfaces/include/robot_interfaces/robot_interfaces/action
[0.488s] -- Up-to-date: /home/drymer/ros2_ws/install/robot_interfaces/include/robot_interfaces/robot_interfaces/action/detail
[0.488s] -- Up-to-date: /home/drymer/ros2_ws/install/robot_interfaces/include/robot_interfaces/robot_interfaces/action/detail/motor_control__rosidl_typesupport_fastrtps_c.h
[0.489s] -- Up-to-date: /home/drymer/ros2_ws/install/robot_interfaces/include/robot_interfaces/robot_interfaces/msg
[0.489s] -- Up-to-date: /home/drymer/ros2_ws/install/robot_interfaces/include/robot_interfaces/robot_interfaces/msg/detail
[0.489s] -- Up-to-date: /home/drymer/ros2_ws/install/robot_interfaces/include/robot_interfaces/robot_interfaces/msg/detail/stereo_images__rosidl_typesupport_fastrtps_c.h
[0.489s] -- Up-to-date: /home/drymer/ros2_ws/install/robot_interfaces/include/robot_interfaces/robot_interfaces/msg/detail/motor_feedback__rosidl_typesupport_fastrtps_c.h
[0.489s] -- Up-to-date: /home/drymer/ros2_ws/install/robot_interfaces/include/robot_interfaces/robot_interfaces/msg/detail/vision_data__rosidl_typesupport_fastrtps_c.h
[0.490s] -- Up-to-date: /home/drymer/ros2_ws/install/robot_interfaces/include/robot_interfaces/robot_interfaces/msg/detail/controller_command__rosidl_typesupport_fastrtps_c.h
[0.490s] -- Up-to-date: /home/drymer/ros2_ws/install/robot_interfaces/include/robot_interfaces/robot_interfaces/msg/rosidl_typesupport_fastrtps_c__visibility_control.h
[0.490s] -- Up-to-date: /home/drymer/ros2_ws/install/robot_interfaces/lib/librobot_interfaces__rosidl_typesupport_fastrtps_c.so
[0.490s] -- Up-to-date: /home/drymer/ros2_ws/install/robot_interfaces/include/robot_interfaces/robot_interfaces
[0.490s] -- Up-to-date: /home/drymer/ros2_ws/install/robot_interfaces/include/robot_interfaces/robot_interfaces/action
[0.490s] -- Up-to-date: /home/drymer/ros2_ws/install/robot_interfaces/include/robot_interfaces/robot_interfaces/action/motor_control.hpp
[0.490s] -- Up-to-date: /home/drymer/ros2_ws/install/robot_interfaces/include/robot_interfaces/robot_interfaces/action/detail
[0.490s] -- Up-to-date: /home/drymer/ros2_ws/install/robot_interfaces/include/robot_interfaces/robot_interfaces/action/detail/motor_control__struct.hpp
[0.491s] -- Up-to-date: /home/drymer/ros2_ws/install/robot_interfaces/include/robot_interfaces/robot_interfaces/action/detail/motor_control__traits.hpp
[0.491s] -- Up-to-date: /home/drymer/ros2_ws/install/robot_interfaces/include/robot_interfaces/robot_interfaces/action/detail/motor_control__builder.hpp
[0.491s] -- Up-to-date: /home/drymer/ros2_ws/install/robot_interfaces/include/robot_interfaces/robot_interfaces/msg
[0.491s] -- Up-to-date: /home/drymer/ros2_ws/install/robot_interfaces/include/robot_interfaces/robot_interfaces/msg/detail
[0.491s] -- Up-to-date: /home/drymer/ros2_ws/install/robot_interfaces/include/robot_interfaces/robot_interfaces/msg/detail/stereo_images__struct.hpp
[0.491s] -- Up-to-date: /home/drymer/ros2_ws/install/robot_interfaces/include/robot_interfaces/robot_interfaces/msg/detail/controller_command__traits.hpp
[0.491s] -- Up-to-date: /home/drymer/ros2_ws/install/robot_interfaces/include/robot_interfaces/robot_interfaces/msg/detail/stereo_images__traits.hpp
[0.491s] -- Up-to-date: /home/drymer/ros2_ws/install/robot_interfaces/include/robot_interfaces/robot_interfaces/msg/detail/motor_feedback__builder.hpp
[0.491s] -- Up-to-date: /home/drymer/ros2_ws/install/robot_interfaces/include/robot_interfaces/robot_interfaces/msg/detail/motor_feedback__struct.hpp
[0.491s] -- Up-to-date: /home/drymer/ros2_ws/install/robot_interfaces/include/robot_interfaces/robot_interfaces/msg/detail/vision_data__traits.hpp
[0.491s] -- Up-to-date: /home/drymer/ros2_ws/install/robot_interfaces/include/robot_interfaces/robot_interfaces/msg/detail/controller_command__builder.hpp
[0.491s] -- Up-to-date: /home/drymer/ros2_ws/install/robot_interfaces/include/robot_interfaces/robot_interfaces/msg/detail/motor_feedback__traits.hpp
[0.491s] -- Up-to-date: /home/drymer/ros2_ws/install/robot_interfaces/include/robot_interfaces/robot_interfaces/msg/detail/controller_command__struct.hpp
[0.491s] -- Up-to-date: /home/drymer/ros2_ws/install/robot_interfaces/include/robot_interfaces/robot_interfaces/msg/detail/vision_data__struct.hpp
[0.491s] -- Up-to-date: /home/drymer/ros2_ws/install/robot_interfaces/include/robot_interfaces/robot_interfaces/msg/detail/stereo_images__builder.hpp
[0.491s] -- Up-to-date: /home/drymer/ros2_ws/install/robot_interfaces/include/robot_interfaces/robot_interfaces/msg/detail/vision_data__builder.hpp
[0.491s] -- Up-to-date: /home/drymer/ros2_ws/install/robot_interfaces/include/robot_interfaces/robot_interfaces/msg/controller_command.hpp
[0.492s] -- Up-to-date: /home/drymer/ros2_ws/install/robot_interfaces/include/robot_interfaces/robot_interfaces/msg/motor_feedback.hpp
[0.492s] -- Up-to-date: /home/drymer/ros2_ws/install/robot_interfaces/include/robot_interfaces/robot_interfaces/msg/vision_data.hpp
[0.492s] -- Up-to-date: /home/drymer/ros2_ws/install/robot_interfaces/include/robot_interfaces/robot_interfaces/msg/stereo_images.hpp
[0.492s] -- Up-to-date: /home/drymer/ros2_ws/install/robot_interfaces/include/robot_interfaces/robot_interfaces
[0.492s] -- Up-to-date: /home/drymer/ros2_ws/install/robot_interfaces/include/robot_interfaces/robot_interfaces/action
[0.492s] -- Up-to-date: /home/drymer/ros2_ws/install/robot_interfaces/include/robot_interfaces/robot_interfaces/action/detail
[0.492s] -- Up-to-date: /home/drymer/ros2_ws/install/robot_interfaces/include/robot_interfaces/robot_interfaces/action/detail/dds_fastrtps
[0.492s] -- Up-to-date: /home/drymer/ros2_ws/install/robot_interfaces/include/robot_interfaces/robot_interfaces/action/detail/motor_control__rosidl_typesupport_fastrtps_cpp.hpp
[0.492s] -- Up-to-date: /home/drymer/ros2_ws/install/robot_interfaces/include/robot_interfaces/robot_interfaces/msg
[0.492s] -- Up-to-date: /home/drymer/ros2_ws/install/robot_interfaces/include/robot_interfaces/robot_interfaces/msg/rosidl_typesupport_fastrtps_cpp__visibility_control.h
[0.492s] -- Up-to-date: /home/drymer/ros2_ws/install/robot_interfaces/include/robot_interfaces/robot_interfaces/msg/detail
[0.492s] -- Up-to-date: /home/drymer/ros2_ws/install/robot_interfaces/include/robot_interfaces/robot_interfaces/msg/detail/controller_command__rosidl_typesupport_fastrtps_cpp.hpp
[0.492s] -- Up-to-date: /home/drymer/ros2_ws/install/robot_interfaces/include/robot_interfaces/robot_interfaces/msg/detail/dds_fastrtps
[0.492s] -- Up-to-date: /home/drymer/ros2_ws/install/robot_interfaces/include/robot_interfaces/robot_interfaces/msg/detail/stereo_images__rosidl_typesupport_fastrtps_cpp.hpp
[0.492s] -- Up-to-date: /home/drymer/ros2_ws/install/robot_interfaces/include/robot_interfaces/robot_interfaces/msg/detail/motor_feedback__rosidl_typesupport_fastrtps_cpp.hpp
[0.492s] -- Up-to-date: /home/drymer/ros2_ws/install/robot_interfaces/include/robot_interfaces/robot_interfaces/msg/detail/vision_data__rosidl_typesupport_fastrtps_cpp.hpp
[0.492s] -- Up-to-date: /home/drymer/ros2_ws/install/robot_interfaces/lib/librobot_interfaces__rosidl_typesupport_fastrtps_cpp.so
[0.492s] -- Up-to-date: /home/drymer/ros2_ws/install/robot_interfaces/include/robot_interfaces/robot_interfaces
[0.492s] -- Up-to-date: /home/drymer/ros2_ws/install/robot_interfaces/include/robot_interfaces/robot_interfaces/action
[0.492s] -- Up-to-date: /home/drymer/ros2_ws/install/robot_interfaces/include/robot_interfaces/robot_interfaces/action/detail
[0.493s] -- Up-to-date: /home/drymer/ros2_ws/install/robot_interfaces/include/robot_interfaces/robot_interfaces/action/detail/motor_control__rosidl_typesupport_introspection_c.h
[0.493s] -- Up-to-date: /home/drymer/ros2_ws/install/robot_interfaces/include/robot_interfaces/robot_interfaces/action/detail/motor_control__type_support.c
[0.493s] -- Up-to-date: /home/drymer/ros2_ws/install/robot_interfaces/include/robot_interfaces/robot_interfaces/msg
[0.493s] -- Up-to-date: /home/drymer/ros2_ws/install/robot_interfaces/include/robot_interfaces/robot_interfaces/msg/detail
[0.493s] -- Up-to-date: /home/drymer/ros2_ws/install/robot_interfaces/include/robot_interfaces/robot_interfaces/msg/detail/controller_command__rosidl_typesupport_introspection_c.h
[0.493s] -- Up-to-date: /home/drymer/ros2_ws/install/robot_interfaces/include/robot_interfaces/robot_interfaces/msg/detail/motor_feedback__rosidl_typesupport_introspection_c.h
[0.493s] -- Up-to-date: /home/drymer/ros2_ws/install/robot_interfaces/include/robot_interfaces/robot_interfaces/msg/detail/vision_data__type_support.c
[0.493s] -- Up-to-date: /home/drymer/ros2_ws/install/robot_interfaces/include/robot_interfaces/robot_interfaces/msg/detail/stereo_images__rosidl_typesupport_introspection_c.h
[0.493s] -- Up-to-date: /home/drymer/ros2_ws/install/robot_interfaces/include/robot_interfaces/robot_interfaces/msg/detail/vision_data__rosidl_typesupport_introspection_c.h
[0.493s] -- Up-to-date: /home/drymer/ros2_ws/install/robot_interfaces/include/robot_interfaces/robot_interfaces/msg/detail/motor_feedback__type_support.c
[0.493s] -- Up-to-date: /home/drymer/ros2_ws/install/robot_interfaces/include/robot_interfaces/robot_interfaces/msg/detail/stereo_images__type_support.c
[0.493s] -- Up-to-date: /home/drymer/ros2_ws/install/robot_interfaces/include/robot_interfaces/robot_interfaces/msg/detail/controller_command__type_support.c
[0.493s] -- Up-to-date: /home/drymer/ros2_ws/install/robot_interfaces/include/robot_interfaces/robot_interfaces/msg/rosidl_typesupport_introspection_c__visibility_control.h
[0.493s] -- Up-to-date: /home/drymer/ros2_ws/install/robot_interfaces/lib/librobot_interfaces__rosidl_typesupport_introspection_c.so
[0.493s] -- Up-to-date: /home/drymer/ros2_ws/install/robot_interfaces/lib/librobot_interfaces__rosidl_typesupport_c.so
[0.493s] -- Up-to-date: /home/drymer/ros2_ws/install/robot_interfaces/include/robot_interfaces/robot_interfaces
[0.493s] -- Up-to-date: /home/drymer/ros2_ws/install/robot_interfaces/include/robot_interfaces/robot_interfaces/action
[0.493s] -- Up-to-date: /home/drymer/ros2_ws/install/robot_interfaces/include/robot_interfaces/robot_interfaces/action/detail
[0.493s] -- Up-to-date: /home/drymer/ros2_ws/install/robot_interfaces/include/robot_interfaces/robot_interfaces/action/detail/motor_control__rosidl_typesupport_introspection_cpp.hpp
[0.494s] -- Up-to-date: /home/drymer/ros2_ws/install/robot_interfaces/include/robot_interfaces/robot_interfaces/action/detail/motor_control__type_support.cpp
[0.494s] -- Up-to-date: /home/drymer/ros2_ws/install/robot_interfaces/include/robot_interfaces/robot_interfaces/msg
[0.494s] -- Up-to-date: /home/drymer/ros2_ws/install/robot_interfaces/include/robot_interfaces/robot_interfaces/msg/detail
[0.494s] -- Up-to-date: /home/drymer/ros2_ws/install/robot_interfaces/include/robot_interfaces/robot_interfaces/msg/detail/motor_feedback__type_support.cpp
[0.494s] -- Up-to-date: /home/drymer/ros2_ws/install/robot_interfaces/include/robot_interfaces/robot_interfaces/msg/detail/motor_feedback__rosidl_typesupport_introspection_cpp.hpp
[0.494s] -- Up-to-date: /home/drymer/ros2_ws/install/robot_interfaces/include/robot_interfaces/robot_interfaces/msg/detail/controller_command__rosidl_typesupport_introspection_cpp.hpp
[0.494s] -- Up-to-date: /home/drymer/ros2_ws/install/robot_interfaces/include/robot_interfaces/robot_interfaces/msg/detail/controller_command__type_support.cpp
[0.494s] -- Up-to-date: /home/drymer/ros2_ws/install/robot_interfaces/include/robot_interfaces/robot_interfaces/msg/detail/vision_data__type_support.cpp
[0.494s] -- Up-to-date: /home/drymer/ros2_ws/install/robot_interfaces/include/robot_interfaces/robot_interfaces/msg/detail/vision_data__rosidl_typesupport_introspection_cpp.hpp
[0.494s] -- Up-to-date: /home/drymer/ros2_ws/install/robot_interfaces/include/robot_interfaces/robot_interfaces/msg/detail/stereo_images__type_support.cpp
[0.494s] -- Up-to-date: /home/drymer/ros2_ws/install/robot_interfaces/include/robot_interfaces/robot_interfaces/msg/detail/stereo_images__rosidl_typesupport_introspection_cpp.hpp
[0.494s] -- Up-to-date: /home/drymer/ros2_ws/install/robot_interfaces/lib/librobot_interfaces__rosidl_typesupport_introspection_cpp.so
[0.494s] -- Up-to-date: /home/drymer/ros2_ws/install/robot_interfaces/lib/librobot_interfaces__rosidl_typesupport_cpp.so
[0.494s] -- Up-to-date: /home/drymer/ros2_ws/install/robot_interfaces/share/robot_interfaces/environment/pythonpath.sh
[0.494s] -- Up-to-date: /home/drymer/ros2_ws/install/robot_interfaces/share/robot_interfaces/environment/pythonpath.dsv
[0.494s] -- Up-to-date: /home/drymer/ros2_ws/install/robot_interfaces/local/lib/python3.10/dist-packages/robot_interfaces-0.0.0-py3.10.egg-info
[0.494s] -- Installing: /home/drymer/ros2_ws/install/robot_interfaces/local/lib/python3.10/dist-packages/robot_interfaces-0.0.0-py3.10.egg-info/PKG-INFO
[0.494s] -- Installing: /home/drymer/ros2_ws/install/robot_interfaces/local/lib/python3.10/dist-packages/robot_interfaces-0.0.0-py3.10.egg-info/top_level.txt
[0.494s] -- Installing: /home/drymer/ros2_ws/install/robot_interfaces/local/lib/python3.10/dist-packages/robot_interfaces-0.0.0-py3.10.egg-info/dependency_links.txt
[0.495s] -- Installing: /home/drymer/ros2_ws/install/robot_interfaces/local/lib/python3.10/dist-packages/robot_interfaces-0.0.0-py3.10.egg-info/SOURCES.txt
[0.495s] -- Up-to-date: /home/drymer/ros2_ws/install/robot_interfaces/local/lib/python3.10/dist-packages/robot_interfaces
[0.495s] -- Up-to-date: /home/drymer/ros2_ws/install/robot_interfaces/local/lib/python3.10/dist-packages/robot_interfaces/__init__.py
[0.495s] -- Up-to-date: /home/drymer/ros2_ws/install/robot_interfaces/local/lib/python3.10/dist-packages/robot_interfaces/action
[0.495s] -- Up-to-date: /home/drymer/ros2_ws/install/robot_interfaces/local/lib/python3.10/dist-packages/robot_interfaces/action/__init__.py
[0.495s] -- Up-to-date: /home/drymer/ros2_ws/install/robot_interfaces/local/lib/python3.10/dist-packages/robot_interfaces/action/_motor_control.py
[0.495s] -- Up-to-date: /home/drymer/ros2_ws/install/robot_interfaces/local/lib/python3.10/dist-packages/robot_interfaces/action/_motor_control_s.c
[0.495s] -- Up-to-date: /home/drymer/ros2_ws/install/robot_interfaces/local/lib/python3.10/dist-packages/robot_interfaces/_robot_interfaces_s.ep.rosidl_typesupport_c.c
[0.495s] -- Up-to-date: /home/drymer/ros2_ws/install/robot_interfaces/local/lib/python3.10/dist-packages/robot_interfaces/robot_interfaces_s__rosidl_typesupport_introspection_c.cpython-310-x86_64-linux-gnu.so
[0.495s] -- Up-to-date: /home/drymer/ros2_ws/install/robot_interfaces/local/lib/python3.10/dist-packages/robot_interfaces/librobot_interfaces__rosidl_generator_py.so
[0.495s] -- Up-to-date: /home/drymer/ros2_ws/install/robot_interfaces/local/lib/python3.10/dist-packages/robot_interfaces/_robot_interfaces_s.ep.rosidl_typesupport_fastrtps_c.c
[0.495s] -- Up-to-date: /home/drymer/ros2_ws/install/robot_interfaces/local/lib/python3.10/dist-packages/robot_interfaces/robot_interfaces_s__rosidl_typesupport_fastrtps_c.cpython-310-x86_64-linux-gnu.so
[0.495s] -- Up-to-date: /home/drymer/ros2_ws/install/robot_interfaces/local/lib/python3.10/dist-packages/robot_interfaces/msg
[0.495s] -- Up-to-date: /home/drymer/ros2_ws/install/robot_interfaces/local/lib/python3.10/dist-packages/robot_interfaces/msg/_controller_command.py
[0.495s] -- Up-to-date: /home/drymer/ros2_ws/install/robot_interfaces/local/lib/python3.10/dist-packages/robot_interfaces/msg/__init__.py
[0.495s] -- Up-to-date: /home/drymer/ros2_ws/install/robot_interfaces/local/lib/python3.10/dist-packages/robot_interfaces/msg/_controller_command_s.c
[0.495s] -- Up-to-date: /home/drymer/ros2_ws/install/robot_interfaces/local/lib/python3.10/dist-packages/robot_interfaces/msg/_motor_feedback_s.c
[0.495s] -- Up-to-date: /home/drymer/ros2_ws/install/robot_interfaces/local/lib/python3.10/dist-packages/robot_interfaces/msg/_vision_data.py
[0.495s] -- Up-to-date: /home/drymer/ros2_ws/install/robot_interfaces/local/lib/python3.10/dist-packages/robot_interfaces/msg/_stereo_images.py
[0.496s] -- Up-to-date: /home/drymer/ros2_ws/install/robot_interfaces/local/lib/python3.10/dist-packages/robot_interfaces/msg/_motor_feedback.py
[0.496s] -- Up-to-date: /home/drymer/ros2_ws/install/robot_interfaces/local/lib/python3.10/dist-packages/robot_interfaces/msg/_stereo_images_s.c
[0.496s] -- Up-to-date: /home/drymer/ros2_ws/install/robot_interfaces/local/lib/python3.10/dist-packages/robot_interfaces/msg/_vision_data_s.c
[0.496s] -- Up-to-date: /home/drymer/ros2_ws/install/robot_interfaces/local/lib/python3.10/dist-packages/robot_interfaces/_robot_interfaces_s.ep.rosidl_typesupport_introspection_c.c
[0.496s] -- Up-to-date: /home/drymer/ros2_ws/install/robot_interfaces/local/lib/python3.10/dist-packages/robot_interfaces/robot_interfaces_s__rosidl_typesupport_c.cpython-310-x86_64-linux-gnu.so
[0.519s] Listing '/home/drymer/ros2_ws/install/robot_interfaces/local/lib/python3.10/dist-packages/robot_interfaces'...
[0.519s] Listing '/home/drymer/ros2_ws/install/robot_interfaces/local/lib/python3.10/dist-packages/robot_interfaces/action'...
[0.519s] Listing '/home/drymer/ros2_ws/install/robot_interfaces/local/lib/python3.10/dist-packages/robot_interfaces/msg'...
[0.522s] -- Up-to-date: /home/drymer/ros2_ws/install/robot_interfaces/local/lib/python3.10/dist-packages/robot_interfaces/robot_interfaces_s__rosidl_typesupport_fastrtps_c.cpython-310-x86_64-linux-gnu.so
[0.522s] -- Up-to-date: /home/drymer/ros2_ws/install/robot_interfaces/local/lib/python3.10/dist-packages/robot_interfaces/robot_interfaces_s__rosidl_typesupport_introspection_c.cpython-310-x86_64-linux-gnu.so
[0.523s] -- Up-to-date: /home/drymer/ros2_ws/install/robot_interfaces/local/lib/python3.10/dist-packages/robot_interfaces/robot_interfaces_s__rosidl_typesupport_c.cpython-310-x86_64-linux-gnu.so
[0.523s] -- Up-to-date: /home/drymer/ros2_ws/install/robot_interfaces/lib/librobot_interfaces__rosidl_generator_py.so
[0.523s] -- Up-to-date: /home/drymer/ros2_ws/install/robot_interfaces/share/robot_interfaces/msg/MotorFeedback.idl
[0.524s] -- Up-to-date: /home/drymer/ros2_ws/install/robot_interfaces/share/robot_interfaces/action/MotorControl.idl
[0.524s] -- Up-to-date: /home/drymer/ros2_ws/install/robot_interfaces/share/robot_interfaces/msg/VisionData.idl
[0.524s] -- Up-to-date: /home/drymer/ros2_ws/install/robot_interfaces/share/robot_interfaces/msg/ControllerCommand.idl
[0.524s] -- Up-to-date: /home/drymer/ros2_ws/install/robot_interfaces/share/robot_interfaces/msg/StereoImages.idl
[0.524s] -- Up-to-date: /home/drymer/ros2_ws/install/robot_interfaces/share/robot_interfaces/msg/MotorFeedback.msg
[0.524s] -- Up-to-date: /home/drymer/ros2_ws/install/robot_interfaces/share/robot_interfaces/action/MotorControl.action
[0.524s] -- Up-to-date: /home/drymer/ros2_ws/install/robot_interfaces/share/robot_interfaces/msg/VisionData.msg
[0.525s] -- Up-to-date: /home/drymer/ros2_ws/install/robot_interfaces/share/robot_interfaces/msg/ControllerCommand.msg
[0.525s] -- Up-to-date: /home/drymer/ros2_ws/install/robot_interfaces/share/robot_interfaces/msg/StereoImages.msg
[0.525s] -- Up-to-date: /home/drymer/ros2_ws/install/robot_interfaces/share/ament_index/resource_index/package_run_dependencies/robot_interfaces
[0.525s] -- Up-to-date: /home/drymer/ros2_ws/install/robot_interfaces/share/ament_index/resource_index/parent_prefix_path/robot_interfaces
[0.525s] -- Up-to-date: /home/drymer/ros2_ws/install/robot_interfaces/share/robot_interfaces/environment/ament_prefix_path.sh
[0.526s] -- Up-to-date: /home/drymer/ros2_ws/install/robot_interfaces/share/robot_interfaces/environment/ament_prefix_path.dsv
[0.526s] -- Up-to-date: /home/drymer/ros2_ws/install/robot_interfaces/share/robot_interfaces/environment/path.sh
[0.526s] -- Up-to-date: /home/drymer/ros2_ws/install/robot_interfaces/share/robot_interfaces/environment/path.dsv
[0.526s] -- Up-to-date: /home/drymer/ros2_ws/install/robot_interfaces/share/robot_interfaces/local_setup.bash
[0.526s] -- Up-to-date: /home/drymer/ros2_ws/install/robot_interfaces/share/robot_interfaces/local_setup.sh
[0.527s] -- Up-to-date: /home/drymer/ros2_ws/install/robot_interfaces/share/robot_interfaces/local_setup.zsh
[0.527s] -- Up-to-date: /home/drymer/ros2_ws/install/robot_interfaces/share/robot_interfaces/local_setup.dsv
[0.527s] -- Installing: /home/drymer/ros2_ws/install/robot_interfaces/share/robot_interfaces/package.dsv
[0.527s] -- Up-to-date: /home/drymer/ros2_ws/install/robot_interfaces/share/ament_index/resource_index/packages/robot_interfaces
[0.527s] -- Up-to-date: /home/drymer/ros2_ws/install/robot_interfaces/share/robot_interfaces/cmake/export_robot_interfaces__rosidl_generator_cExport.cmake
[0.527s] -- Up-to-date: /home/drymer/ros2_ws/install/robot_interfaces/share/robot_interfaces/cmake/export_robot_interfaces__rosidl_generator_cExport-noconfig.cmake
[0.527s] -- Up-to-date: /home/drymer/ros2_ws/install/robot_interfaces/share/robot_interfaces/cmake/export_robot_interfaces__rosidl_typesupport_fastrtps_cExport.cmake
[0.527s] -- Up-to-date: /home/drymer/ros2_ws/install/robot_interfaces/share/robot_interfaces/cmake/export_robot_interfaces__rosidl_typesupport_fastrtps_cExport-noconfig.cmake
[0.527s] -- Up-to-date: /home/drymer/ros2_ws/install/robot_interfaces/share/robot_interfaces/cmake/export_robot_interfaces__rosidl_generator_cppExport.cmake
[0.527s] -- Up-to-date: /home/drymer/ros2_ws/install/robot_interfaces/share/robot_interfaces/cmake/export_robot_interfaces__rosidl_typesupport_fastrtps_cppExport.cmake
[0.527s] -- Up-to-date: /home/drymer/ros2_ws/install/robot_interfaces/share/robot_interfaces/cmake/export_robot_interfaces__rosidl_typesupport_fastrtps_cppExport-noconfig.cmake
[0.527s] -- Up-to-date: /home/drymer/ros2_ws/install/robot_interfaces/share/robot_interfaces/cmake/robot_interfaces__rosidl_typesupport_introspection_cExport.cmake
[0.527s] -- Up-to-date: /home/drymer/ros2_ws/install/robot_interfaces/share/robot_interfaces/cmake/robot_interfaces__rosidl_typesupport_introspection_cExport-noconfig.cmake
[0.527s] -- Up-to-date: /home/drymer/ros2_ws/install/robot_interfaces/share/robot_interfaces/cmake/robot_interfaces__rosidl_typesupport_cExport.cmake
[0.527s] -- Up-to-date: /home/drymer/ros2_ws/install/robot_interfaces/share/robot_interfaces/cmake/robot_interfaces__rosidl_typesupport_cExport-noconfig.cmake
[0.527s] -- Up-to-date: /home/drymer/ros2_ws/install/robot_interfaces/share/robot_interfaces/cmake/robot_interfaces__rosidl_typesupport_introspection_cppExport.cmake
[0.527s] -- Up-to-date: /home/drymer/ros2_ws/install/robot_interfaces/share/robot_interfaces/cmake/robot_interfaces__rosidl_typesupport_introspection_cppExport-noconfig.cmake
[0.527s] -- Up-to-date: /home/drymer/ros2_ws/install/robot_interfaces/share/robot_interfaces/cmake/robot_interfaces__rosidl_typesupport_cppExport.cmake
[0.528s] -- Up-to-date: /home/drymer/ros2_ws/install/robot_interfaces/share/robot_interfaces/cmake/robot_interfaces__rosidl_typesupport_cppExport-noconfig.cmake
[0.529s] -- Up-to-date: /home/drymer/ros2_ws/install/robot_interfaces/share/robot_interfaces/cmake/export_robot_interfaces__rosidl_generator_pyExport.cmake
[0.529s] -- Up-to-date: /home/drymer/ros2_ws/install/robot_interfaces/share/robot_interfaces/cmake/export_robot_interfaces__rosidl_generator_pyExport-noconfig.cmake
[0.529s] -- Up-to-date: /home/drymer/ros2_ws/install/robot_interfaces/share/robot_interfaces/cmake/rosidl_cmake-extras.cmake
[0.530s] -- Up-to-date: /home/drymer/ros2_ws/install/robot_interfaces/share/robot_interfaces/cmake/ament_cmake_export_dependencies-extras.cmake
[0.530s] -- Up-to-date: /home/drymer/ros2_ws/install/robot_interfaces/share/robot_interfaces/cmake/ament_cmake_export_include_directories-extras.cmake
[0.530s] -- Up-to-date: /home/drymer/ros2_ws/install/robot_interfaces/share/robot_interfaces/cmake/ament_cmake_export_libraries-extras.cmake
[0.530s] -- Up-to-date: /home/drymer/ros2_ws/install/robot_interfaces/share/robot_interfaces/cmake/ament_cmake_export_targets-extras.cmake
[0.531s] -- Up-to-date: /home/drymer/ros2_ws/install/robot_interfaces/share/robot_interfaces/cmake/rosidl_cmake_export_typesupport_targets-extras.cmake
[0.531s] -- Up-to-date: /home/drymer/ros2_ws/install/robot_interfaces/share/robot_interfaces/cmake/rosidl_cmake_export_typesupport_libraries-extras.cmake
[0.531s] -- Up-to-date: /home/drymer/ros2_ws/install/robot_interfaces/share/robot_interfaces/cmake/robot_interfacesConfig.cmake
[0.531s] -- Up-to-date: /home/drymer/ros2_ws/install/robot_interfaces/share/robot_interfaces/cmake/robot_interfacesConfig-version.cmake
[0.532s] -- Up-to-date: /home/drymer/ros2_ws/install/robot_interfaces/share/robot_interfaces/package.xml
[0.532s] Invoked command in '/home/drymer/ros2_ws/build/robot_interfaces' returned '0': CMAKE_PREFIX_PATH=${CMAKE_PREFIX_PATH}:/home/drymer/ros2_ws/install/py_srvcli:/home/drymer/ros2_ws/install/py_pubsub:/home/drymer/ros2_ws/install/robot_system:/home/drymer/ros2_ws/install/py_robottest:/home/drymer/ros2_ws/install/python_parameters:/home/drymer/ros2_ws/install/my_package:/opt/ros/humble /usr/bin/cmake --install /home/drymer/ros2_ws/build/robot_interfaces
